/home/lily/App/pypy2.7-v7.3.11-linux64/site-packages/bidict/compat.py:33: UserWarning: Python 2 support will be dropped in a future release.
  warn('Python 2 support will be dropped in a future release.')
[2023-03-05 20:26:19] parsing traces/ts_0.csv with MSR format
[2023-03-05 20:26:19] parsed 0 lines
[2023-03-05 20:26:20] parsed 1000000 lines
[2023-03-05 20:26:20] parsed 1000001 lines
[2023-03-05 20:26:20] Total warm-up events 10540
[2023-03-05 20:26:20] Total active events 1000002
[2023-03-05 20:26:20] initializing ssd........... dftldes
[2023-03-05 20:26:20] n_cleaners: 8
....Recorder is enabled....
[2023-03-05 20:26:25] Written (MB) 100 Simulator time (ns) 1345620000
[2023-03-05 20:26:27] Read (MB) 100 Simulator time (ns) 2181500000
[2023-03-05 20:26:28] Written (MB) 200 Simulator time (ns) 2912240000
[2023-03-05 20:26:29] Written (MB) 300 Simulator time (ns) 4303000000
[2023-03-05 20:26:30] Read (MB) 200 Simulator time (ns) 4999160000
[2023-03-05 20:26:31] Written (MB) 400 Simulator time (ns) 5882040000
[2023-03-05 20:26:32] Written (MB) 500 Simulator time (ns) 7266460000
[2023-03-05 20:26:33] Written (MB) 600 Simulator time (ns) 8655160000
[2023-03-05 20:26:34] Written (MB) 700 Simulator time (ns) 10046180000
[2023-03-05 20:26:35] Written (MB) 800 Simulator time (ns) 11430740000
[2023-03-05 20:26:36] Written (MB) 900 Simulator time (ns) 12826480000
[2023-03-05 20:26:37] Written (MB) 1000 Simulator time (ns) 14212480000
[2023-03-05 20:26:38] Written (MB) 1100 Simulator time (ns) 15601840000
[2023-03-05 20:26:40] Written (MB) 1200 Simulator time (ns) 16988300000
[2023-03-05 20:26:40] [GC Start] Used Block Ratio: 0.60009765625 Simulator time (ns) 17249500000
[2023-03-05 20:26:42] [GC End] Used Block Ratio: 0.39794921875 Simulator time (ns) 18364460000.0
[2023-03-05 20:26:43] Read (MB) 300 Simulator time (ns) 18622240000.0
[2023-03-05 20:26:44] Read (MB) 400 Simulator time (ns) 18782880000.0
[2023-03-05 20:26:45] Written (MB) 1300 Simulator time (ns) 19680040000.0
[2023-03-05 20:26:46] Written (MB) 1400 Simulator time (ns) 21070440000.0
[2023-03-05 20:26:47] Read (MB) 500 Simulator time (ns) 22226120000.0
[2023-03-05 20:26:48] Written (MB) 1500 Simulator time (ns) 22598740000.0
[2023-03-05 20:26:49] Written (MB) 1600 Simulator time (ns) 24118260000.0
[2023-03-05 20:26:50] [GC Start] Used Block Ratio: 0.60009765625 Simulator time (ns) 24569060000.0
[2023-03-05 20:26:51] [GC End] Used Block Ratio: 0.399658203125 Simulator time (ns) 25838020000.0
[2023-03-05 20:26:51] Read (MB) 600 Simulator time (ns) 26072980000.0
[2023-03-05 20:26:52] Written (MB) 1700 Simulator time (ns) 26802220000.0
[2023-03-05 20:26:53] Read (MB) 700 Simulator time (ns) 27855360000.0
[2023-03-05 20:26:54] Written (MB) 1800 Simulator time (ns) 28331680000.0
[2023-03-05 20:26:55] Written (MB) 1900 Simulator time (ns) 29716680000.0
[2023-03-05 20:26:56] Written (MB) 2000 Simulator time (ns) 31105080000.0
[2023-03-05 20:26:57] [GC Start] Used Block Ratio: 0.60009765625 Simulator time (ns) 31691040000.0
[2023-03-05 20:26:57] [GC End] Used Block Ratio: 0.3974609375 Simulator time (ns) 32954060000.0
[2023-03-05 20:26:58] Written (MB) 2100 Simulator time (ns) 33759680000.0
[2023-03-05 20:26:59] Written (MB) 2200 Simulator time (ns) 35147320000.0
[2023-03-05 20:27:00] Written (MB) 2300 Simulator time (ns) 36536840000.0
[2023-03-05 20:27:01] Written (MB) 2400 Simulator time (ns) 37919660000.0
[2023-03-05 20:27:02] Read (MB) 800 Simulator time (ns) 38105020000.0
[2023-03-05 20:27:03] [GC Start] Used Block Ratio: 0.60009765625 Simulator time (ns) 38949680000.0
[2023-03-05 20:27:04] [GC End] Used Block Ratio: 0.39794921875 Simulator time (ns) 40203860000.0
[2023-03-05 20:27:05] Written (MB) 2500 Simulator time (ns) 40800860000.0
[2023-03-05 20:27:06] Written (MB) 2600 Simulator time (ns) 42191000000.0
[2023-03-05 20:27:07] Written (MB) 2700 Simulator time (ns) 43582860000.0
[2023-03-05 20:27:08] Written (MB) 2800 Simulator time (ns) 44977060000.0
[2023-03-05 20:27:09] [GC Start] Used Block Ratio: 0.600341796875 Simulator time (ns) 45977240000.0
[2023-03-05 20:27:10] [GC End] Used Block Ratio: 0.398193359375 Simulator time (ns) 47204080000.0
[2023-03-05 20:27:10] Written (MB) 2900 Simulator time (ns) 47595300000.0
[2023-03-05 20:27:11] Written (MB) 3000 Simulator time (ns) 48981880000.0
[2023-03-05 20:27:12] Written (MB) 3100 Simulator time (ns) 50383040000.0
[2023-03-05 20:27:13] Written (MB) 3200 Simulator time (ns) 51766480000.0
[2023-03-05 20:27:14] [GC Start] Used Block Ratio: 0.60009765625 Simulator time (ns) 52972280000.0
[2023-03-05 20:27:15] [GC End] Used Block Ratio: 0.3984375 Simulator time (ns) 54184100000.0
[2023-03-05 20:27:16] Written (MB) 3300 Simulator time (ns) 54400740000.0
[2023-03-05 20:27:17] Written (MB) 3400 Simulator time (ns) 55829820000.0
[2023-03-05 20:27:18] Written (MB) 3500 Simulator time (ns) 57230100000.0
[2023-03-05 20:27:19] Written (MB) 3600 Simulator time (ns) 58610540000.0
[2023-03-05 20:27:19] Read (MB) 900 Simulator time (ns) 58927340000.0
[2023-03-05 20:27:20] Read (MB) 1000 Simulator time (ns) 59112020000.0
[2023-03-05 20:27:21] [GC Start] Used Block Ratio: 0.60009765625 Simulator time (ns) 60166700000.0
[2023-03-05 20:27:22] [GC End] Used Block Ratio: 0.398681640625 Simulator time (ns) 61396740000.0
[2023-03-05 20:27:22] Written (MB) 3700 Simulator time (ns) 61417140000.0
[2023-03-05 20:27:23] Written (MB) 3800 Simulator time (ns) 62806140000.0
[2023-03-05 20:27:24] Written (MB) 3900 Simulator time (ns) 64195020000.0
[2023-03-05 20:27:25] Written (MB) 4000 Simulator time (ns) 65572640000.0
[2023-03-05 20:27:26] Written (MB) 4100 Simulator time (ns) 66961760000.0
[2023-03-05 20:27:27] [GC Start] Used Block Ratio: 0.60009765625 Simulator time (ns) 67103560000.0
[2023-03-05 20:27:28] [GC End] Used Block Ratio: 0.39892578125 Simulator time (ns) 68307740000.0
[2023-03-05 20:27:29] Written (MB) 4200 Simulator time (ns) 69543940000.0
[2023-03-05 20:27:30] Written (MB) 4300 Simulator time (ns) 70919740000.0
[2023-03-05 20:27:31] Written (MB) 4400 Simulator time (ns) 72308480000.0
[2023-03-05 20:27:32] Written (MB) 4500 Simulator time (ns) 73695480000.0
[2023-03-05 20:27:32] [GC Start] Used Block Ratio: 0.60009765625 Simulator time (ns) 73997480000.0
[2023-03-05 20:27:33] [GC End] Used Block Ratio: 0.39892578125 Simulator time (ns) 75152520000.0
[2023-03-05 20:27:34] Read (MB) 1100 Simulator time (ns) 75820220000.0
[2023-03-05 20:27:35] Read (MB) 1200 Simulator time (ns) 76216560000.0
[2023-03-05 20:27:35] Written (MB) 4600 Simulator time (ns) 76494480000.0
[2023-03-05 20:27:36] Written (MB) 4700 Simulator time (ns) 77883740000.0
[2023-03-05 20:27:37] Read (MB) 1300 Simulator time (ns) 78863600000.0
[2023-03-05 20:27:38] Read (MB) 1400 Simulator time (ns) 79267200000.0
[2023-03-05 20:27:39] Written (MB) 4800 Simulator time (ns) 79572620000.0
[2023-03-05 20:27:40] Written (MB) 4900 Simulator time (ns) 80958220000.0
[2023-03-05 20:27:40] [GC Start] Used Block Ratio: 0.60009765625 Simulator time (ns) 81426260000.0
[2023-03-05 20:27:41] [GC End] Used Block Ratio: 0.399169921875 Simulator time (ns) 82609100000.0
[2023-03-05 20:27:42] Written (MB) 5000 Simulator time (ns) 83533720000.0
[2023-03-05 20:27:43] Written (MB) 5100 Simulator time (ns) 84923080000.0
[2023-03-05 20:27:44] Written (MB) 5200 Simulator time (ns) 86311580000.0
[2023-03-05 20:27:45] Written (MB) 5300 Simulator time (ns) 87703540000.0
[2023-03-05 20:27:45] [GC Start] Used Block Ratio: 0.60009765625 Simulator time (ns) 88320740000.0
[2023-03-05 20:27:46] [GC End] Used Block Ratio: 0.399169921875 Simulator time (ns) 89439640000.0
[2023-03-05 20:27:47] Written (MB) 5400 Simulator time (ns) 90215520000.0
[2023-03-05 20:27:48] Written (MB) 5500 Simulator time (ns) 91607380000.0
[2023-03-05 20:27:49] Written (MB) 5600 Simulator time (ns) 92997660000.0
[2023-03-05 20:27:50] Written (MB) 5700 Simulator time (ns) 94385740000.0
[2023-03-05 20:27:51] [GC Start] Used Block Ratio: 0.60009765625 Simulator time (ns) 95159340000.0
[2023-03-05 20:27:52] [GC End] Used Block Ratio: 0.39892578125 Simulator time (ns) 96291680000.0
[2023-03-05 20:27:52] Read (MB) 1500 Simulator time (ns) 96830880000.0
[2023-03-05 20:27:53] Written (MB) 5800 Simulator time (ns) 97078740000.0
[2023-03-05 20:27:54] Read (MB) 1601 Simulator time (ns) 97765540000.0
[2023-03-05 20:27:54] Read (MB) 1701 Simulator time (ns) 97924800000.0
[2023-03-05 20:27:55] Written (MB) 5900 Simulator time (ns) 98714420000.0
[2023-03-05 20:27:56] Written (MB) 6000 Simulator time (ns) 1.0011382e+11
[2023-03-05 20:27:57] Written (MB) 6100 Simulator time (ns) 1.0153536e+11
[2023-03-05 20:27:58] Read (MB) 1801 Simulator time (ns) 1.025038e+11
[2023-03-05 20:27:59] [GC Start] Used Block Ratio: 0.600341796875 Simulator time (ns) 1.0262628e+11
[2023-03-05 20:28:00] [GC End] Used Block Ratio: 0.397705078125 Simulator time (ns) 1.0403264e+11
[2023-03-05 20:28:00] Written (MB) 6200 Simulator time (ns) 1.0447924e+11
[2023-03-05 20:28:01] Written (MB) 6300 Simulator time (ns) 1.0586524e+11
[2023-03-05 20:28:02] Written (MB) 6400 Simulator time (ns) 1.0725784e+11
[2023-03-05 20:28:03] Written (MB) 6500 Simulator time (ns) 1.0865876e+11
[2023-03-05 20:28:04] [GC Start] Used Block Ratio: 0.60009765625 Simulator time (ns) 1.0979596e+11
[2023-03-05 20:28:05] [GC End] Used Block Ratio: 0.397216796875 Simulator time (ns) 1.1104812e+11
[2023-03-05 20:28:06] Written (MB) 6600 Simulator time (ns) 1.1130332e+11
[2023-03-05 20:28:07] Written (MB) 6700 Simulator time (ns) 1.1269406e+11
[2023-03-05 20:28:08] Written (MB) 6800 Simulator time (ns) 1.1408566e+11
[2023-03-05 20:28:09] Written (MB) 6900 Simulator time (ns) 1.1547796e+11
[2023-03-05 20:28:10] [GC Start] Used Block Ratio: 0.60009765625 Simulator time (ns) 1.168066e+11
[2023-03-05 20:28:11] [GC End] Used Block Ratio: 0.3994140625 Simulator time (ns) 1.1794426e+11
[2023-03-05 20:28:11] Written (MB) 7000 Simulator time (ns) 1.1800166e+11
[2023-03-05 20:28:11] Read (MB) 1901 Simulator time (ns) 1.1819624e+11
[2023-03-05 20:28:13] Stop Simulation
