/home/lily/App/pypy2.7-v7.3.11-linux64/site-packages/bidict/compat.py:33: UserWarning: Python 2 support will be dropped in a future release.
  warn('Python 2 support will be dropped in a future release.')
[2023-03-05 11:00:56] parsing traces/ts_0.csv with MSR format
[2023-03-05 11:00:56] parsed 0 lines
[2023-03-05 11:00:57] parsed 1000000 lines
[2023-03-05 11:00:57] parsed 1000001 lines
[2023-03-05 11:00:57] Total warm-up events 10540
[2023-03-05 11:00:57] Total active events 1000002
[2023-03-05 11:00:57] initializing ssd........... dftldes
[2023-03-05 11:00:57] n_cleaners: 8
....Recorder is enabled....
[2023-03-05 11:01:02] Written (MB) 100 Simulator time (ns) 1345620000
[2023-03-05 11:01:04] Read (MB) 100 Simulator time (ns) 2181500000
[2023-03-05 11:01:05] Written (MB) 200 Simulator time (ns) 2912240000
[2023-03-05 11:01:06] Written (MB) 300 Simulator time (ns) 4303000000
[2023-03-05 11:01:07] Read (MB) 200 Simulator time (ns) 4999160000
[2023-03-05 11:01:08] Written (MB) 400 Simulator time (ns) 5882040000
[2023-03-05 11:01:10] Written (MB) 500 Simulator time (ns) 7266460000
[2023-03-05 11:01:11] Written (MB) 600 Simulator time (ns) 8655160000
[2023-03-05 11:01:12] Written (MB) 700 Simulator time (ns) 10046180000
[2023-03-05 11:01:13] Written (MB) 800 Simulator time (ns) 11430740000
[2023-03-05 11:01:14] Written (MB) 900 Simulator time (ns) 12826480000
[2023-03-05 11:01:15] Written (MB) 1000 Simulator time (ns) 14212480000
[2023-03-05 11:01:16] Written (MB) 1100 Simulator time (ns) 15601840000
[2023-03-05 11:01:17] Written (MB) 1200 Simulator time (ns) 16988300000
[2023-03-05 11:01:17] Read (MB) 300 Simulator time (ns) 17508040000
[2023-03-05 11:01:18] Read (MB) 400 Simulator time (ns) 17668680000
[2023-03-05 11:01:18] Written (MB) 1300 Simulator time (ns) 18565840000
[2023-03-05 11:01:19] Written (MB) 1400 Simulator time (ns) 19956240000
[2023-03-05 11:01:21] Read (MB) 500 Simulator time (ns) 21111920000
[2023-03-05 11:01:21] Written (MB) 1500 Simulator time (ns) 21484540000
[2023-03-05 11:01:23] Written (MB) 1600 Simulator time (ns) 23004060000
[2023-03-05 11:01:24] [GC Start] Used Block Ratio: 0.80126953125 Simulator time (ns) 23421060000
[2023-03-05 11:01:25] [GC End] Used Block Ratio: 0.495361328125 Simulator time (ns) 24175460000.0
[2023-03-05 11:01:26] Read (MB) 600 Simulator time (ns) 24442820000.0
[2023-03-05 11:01:27] Written (MB) 1700 Simulator time (ns) 25172220000.0
[2023-03-05 11:01:28] Read (MB) 700 Simulator time (ns) 26225300000.0
[2023-03-05 11:01:29] Written (MB) 1800 Simulator time (ns) 26701460000.0
[2023-03-05 11:01:30] Written (MB) 1900 Simulator time (ns) 28086500000.0
[2023-03-05 11:01:31] Written (MB) 2000 Simulator time (ns) 29475060000.0
[2023-03-05 11:01:32] Written (MB) 2100 Simulator time (ns) 30867000000.0
[2023-03-05 11:01:33] Written (MB) 2200 Simulator time (ns) 32254600000.0
[2023-03-05 11:01:34] [GC Start] Used Block Ratio: 0.801513671875 Simulator time (ns) 33039000000.0
[2023-03-05 11:01:35] [GC End] Used Block Ratio: 0.49609375 Simulator time (ns) 33915620000.0
[2023-03-05 11:01:35] Written (MB) 2300 Simulator time (ns) 34519720000.0
[2023-03-05 11:01:36] Written (MB) 2400 Simulator time (ns) 35902540000.0
[2023-03-05 11:01:37] Read (MB) 800 Simulator time (ns) 36087440000.0
[2023-03-05 11:01:38] Written (MB) 2500 Simulator time (ns) 37530100000.0
[2023-03-05 11:01:39] Written (MB) 2600 Simulator time (ns) 38920380000.0
[2023-03-05 11:01:41] Written (MB) 2700 Simulator time (ns) 40312200000.0
[2023-03-05 11:01:41] Written (MB) 2800 Simulator time (ns) 41706560000.0
[2023-03-05 11:01:43] [GC Start] Used Block Ratio: 0.802490234375 Simulator time (ns) 42874060000.0
[2023-03-05 11:01:44] [GC End] Used Block Ratio: 0.49462890625 Simulator time (ns) 43831280000.0
[2023-03-05 11:01:44] Written (MB) 2900 Simulator time (ns) 44053980000.0
[2023-03-05 11:01:45] Written (MB) 3000 Simulator time (ns) 45440600000.0
[2023-03-05 11:01:46] Written (MB) 3100 Simulator time (ns) 46841800000.0
[2023-03-05 11:01:47] Written (MB) 3200 Simulator time (ns) 48225400000.0
[2023-03-05 11:01:48] Written (MB) 3300 Simulator time (ns) 49648780000.0
[2023-03-05 11:01:49] Written (MB) 3400 Simulator time (ns) 51078180000.0
[2023-03-05 11:01:50] Written (MB) 3500 Simulator time (ns) 52478820000.0
[2023-03-05 11:01:51] [GC Start] Used Block Ratio: 0.802734375 Simulator time (ns) 52675820000.0
[2023-03-05 11:01:52] [GC End] Used Block Ratio: 0.49462890625 Simulator time (ns) 53608240000.0
[2023-03-05 11:01:53] Written (MB) 3600 Simulator time (ns) 54791040000.0
[2023-03-05 11:01:53] Read (MB) 900 Simulator time (ns) 55107940000.0
[2023-03-05 11:01:54] Read (MB) 1000 Simulator time (ns) 55292580000.0
[2023-03-05 11:01:54] Written (MB) 3700 Simulator time (ns) 56368420000.0
[2023-03-05 11:01:55] Written (MB) 3800 Simulator time (ns) 57757220000.0
[2023-03-05 11:01:56] Written (MB) 3900 Simulator time (ns) 59146220000.0
[2023-03-05 11:01:57] Written (MB) 4000 Simulator time (ns) 60523820000.0
[2023-03-05 11:01:59] Written (MB) 4100 Simulator time (ns) 61913320000.0
[2023-03-05 11:01:59] [GC Start] Used Block Ratio: 0.802734375 Simulator time (ns) 62526920000.0
[2023-03-05 11:02:01] [GC End] Used Block Ratio: 0.492431640625 Simulator time (ns) 63551020000.0
[2023-03-05 11:02:01] Written (MB) 4200 Simulator time (ns) 64314420000.0
[2023-03-05 11:02:02] Written (MB) 4300 Simulator time (ns) 65690220000.0
[2023-03-05 11:02:03] Written (MB) 4400 Simulator time (ns) 67078920000.0
[2023-03-05 11:02:04] Written (MB) 4500 Simulator time (ns) 68465740000.0
[2023-03-05 11:02:05] Read (MB) 1100 Simulator time (ns) 69435460000.0
[2023-03-05 11:02:06] Read (MB) 1200 Simulator time (ns) 69831800000.0
[2023-03-05 11:02:06] Written (MB) 4600 Simulator time (ns) 70108900000.0
[2023-03-05 11:02:07] Written (MB) 4700 Simulator time (ns) 71498120000.0
[2023-03-05 11:02:08] Read (MB) 1300 Simulator time (ns) 72477960000.0
[2023-03-05 11:02:09] [GC Start] Used Block Ratio: 0.802001953125 Simulator time (ns) 72839160000.0
[2023-03-05 11:02:10] Read (MB) 1400 Simulator time (ns) 73220520000.0
[2023-03-05 11:02:11] [GC End] Used Block Ratio: 0.494384765625 Simulator time (ns) 73993800000.0
[2023-03-05 11:02:11] Written (MB) 4800 Simulator time (ns) 74212640000.0
[2023-03-05 11:02:12] Written (MB) 4900 Simulator time (ns) 75598300000.0
[2023-03-05 11:02:13] Written (MB) 5000 Simulator time (ns) 76991180000.0
[2023-03-05 11:02:14] Written (MB) 5100 Simulator time (ns) 78380540000.0
[2023-03-05 11:02:15] Written (MB) 5200 Simulator time (ns) 79768820000.0
[2023-03-05 11:02:16] Written (MB) 5300 Simulator time (ns) 81160580000.0
[2023-03-05 11:02:17] Written (MB) 5400 Simulator time (ns) 82554780000.0
[2023-03-05 11:02:17] [GC Start] Used Block Ratio: 0.802978515625 Simulator time (ns) 82784380000.0
[2023-03-05 11:02:18] [GC End] Used Block Ratio: 0.49267578125 Simulator time (ns) 83818460000.0
[2023-03-05 11:02:19] Written (MB) 5500 Simulator time (ns) 84979460000.0
[2023-03-05 11:02:20] Written (MB) 5600 Simulator time (ns) 86369700000.0
[2023-03-05 11:02:21] Written (MB) 5700 Simulator time (ns) 87757820000.0
[2023-03-05 11:02:22] Read (MB) 1500 Simulator time (ns) 89067240000.0
[2023-03-05 11:02:23] Written (MB) 5800 Simulator time (ns) 89315020000.0
[2023-03-05 11:02:23] Read (MB) 1601 Simulator time (ns) 90001840000.0
[2023-03-05 11:02:24] Read (MB) 1701 Simulator time (ns) 90161120000.0
[2023-03-05 11:02:25] Written (MB) 5900 Simulator time (ns) 90950720000.0
[2023-03-05 11:02:26] Written (MB) 6000 Simulator time (ns) 92350120000.0
[2023-03-05 11:02:27] [GC Start] Used Block Ratio: 0.802978515625 Simulator time (ns) 93081120000.0
[2023-03-05 11:02:28] [GC End] Used Block Ratio: 0.494140625 Simulator time (ns) 94156200000.0
[2023-03-05 11:02:28] Written (MB) 6100 Simulator time (ns) 94846580000.0
[2023-03-05 11:02:30] Read (MB) 1801 Simulator time (ns) 95815780000.0
[2023-03-05 11:02:30] Written (MB) 6200 Simulator time (ns) 96386340000.0
[2023-03-05 11:02:31] Written (MB) 6300 Simulator time (ns) 97772340000.0
[2023-03-05 11:02:32] Written (MB) 6400 Simulator time (ns) 99164940000.0
[2023-03-05 11:02:33] Written (MB) 6500 Simulator time (ns) 1.0056538e+11
[2023-03-05 11:02:34] Written (MB) 6600 Simulator time (ns) 1.019584e+11
[2023-03-05 11:02:35] [GC Start] Used Block Ratio: 0.8046875 Simulator time (ns) 1.0316208e+11
[2023-03-05 11:02:36] [GC End] Used Block Ratio: 0.492919921875 Simulator time (ns) 1.0443634e+11
[2023-03-05 11:02:36] Written (MB) 6700 Simulator time (ns) 1.0462274e+11
[2023-03-05 11:02:37] Written (MB) 6800 Simulator time (ns) 1.0601434e+11
[2023-03-05 11:02:38] Written (MB) 6900 Simulator time (ns) 1.0740698e+11
[2023-03-05 11:02:39] Written (MB) 7000 Simulator time (ns) 1.0879338e+11
[2023-03-05 11:02:40] Read (MB) 1901 Simulator time (ns) 1.0898832e+11
[2023-03-05 11:02:41] Stop Simulation
