/home/lily/App/pypy2.7-v7.3.11-linux64/site-packages/bidict/compat.py:33: UserWarning: Python 2 support will be dropped in a future release.
  warn('Python 2 support will be dropped in a future release.')
[2023-03-05 20:00:15] parsing traces/wdev_2.csv with MSR format
[2023-03-05 20:00:15] parsed 0 lines
[2023-03-05 20:00:15] parsed 181265 lines
[2023-03-05 20:00:15] Total warm-up events 137
[2023-03-05 20:00:15] Total active events 181266
[2023-03-05 20:00:15] initializing ssd........... dftldes
[2023-03-05 20:00:15] n_cleaners: 8
....Recorder is enabled....
[2023-03-05 20:00:19] Written (MB) 100 Simulator time (ns) 1403020000
[2023-03-05 20:00:20] Written (MB) 200 Simulator time (ns) 2790280000
[2023-03-05 20:00:20] [GC Start] Used Block Ratio: 0.5009765625 Simulator time (ns) 3497080000
[2023-03-05 20:00:22] [GC End] Used Block Ratio: 0.1953125 Simulator time (ns) 4723460000.0
[2023-03-05 20:00:23] Written (MB) 300 Simulator time (ns) 5402260000.0
[2023-03-05 20:00:24] Written (MB) 400 Simulator time (ns) 6792660000.0
[2023-03-05 20:00:24] [GC Start] Used Block Ratio: 0.5009765625 Simulator time (ns) 6894260000.0
[2023-03-05 20:00:25] [GC End] Used Block Ratio: 0.1943359375 Simulator time (ns) 8086080000.0
[2023-03-05 20:00:26] Written (MB) 500 Simulator time (ns) 9376080000.0
[2023-03-05 20:00:27] [GC Start] Used Block Ratio: 0.5009765625 Simulator time (ns) 10267280000.0
[2023-03-05 20:00:27] [GC End] Used Block Ratio: 0.193359375 Simulator time (ns) 11475300000.0
[2023-03-05 20:00:28] Written (MB) 600 Simulator time (ns) 11969300000.0
[2023-03-05 20:00:29] Written (MB) 700 Simulator time (ns) 13361300000.0
[2023-03-05 20:00:29] [GC Start] Used Block Ratio: 0.5009765625 Simulator time (ns) 13663700000.0
[2023-03-05 20:00:30] [GC End] Used Block Ratio: 0.1943359375 Simulator time (ns) 14838260000.0
[2023-03-05 20:00:31] Written (MB) 800 Simulator time (ns) 15921460000.0
[2023-03-05 20:00:31] [GC Start] Used Block Ratio: 0.5009765625 Simulator time (ns) 17014260000.0
[2023-03-05 20:00:32] [GC End] Used Block Ratio: 0.1953125 Simulator time (ns) 18208780000.0
[2023-03-05 20:00:32] Written (MB) 900 Simulator time (ns) 18502780000.0
[2023-03-05 20:00:33] Written (MB) 1000 Simulator time (ns) 19890600000.0
[2023-03-05 20:00:34] [GC Start] Used Block Ratio: 0.5009765625 Simulator time (ns) 20381800000.0
[2023-03-05 20:00:34] [GC End] Used Block Ratio: 0.193359375 Simulator time (ns) 21593040000.0
[2023-03-05 20:00:35] Written (MB) 1100 Simulator time (ns) 22491840000.0
[2023-03-05 20:00:36] [GC Start] Used Block Ratio: 0.5009765625 Simulator time (ns) 23780640000.0
[2023-03-05 20:00:37] [GC End] Used Block Ratio: 0.1943359375 Simulator time (ns) 24950740000.0
[2023-03-05 20:00:37] Written (MB) 1200 Simulator time (ns) 25051940000.0
[2023-03-05 20:00:38] Written (MB) 1300 Simulator time (ns) 26442340000.0
[2023-03-05 20:00:38] [GC Start] Used Block Ratio: 0.5009765625 Simulator time (ns) 27138740000.0
[2023-03-05 20:00:39] [GC End] Used Block Ratio: 0.1943359375 Simulator time (ns) 28356520000.0
[2023-03-05 20:00:40] Written (MB) 1400 Simulator time (ns) 29051320000.0
[2023-03-05 20:00:40] Stop Simulation
