/home/lily/App/pypy2.7-v7.3.11-linux64/site-packages/bidict/compat.py:33: UserWarning: Python 2 support will be dropped in a future release.
  warn('Python 2 support will be dropped in a future release.')
[2023-03-05 11:27:31] parsing traces/ts_0.csv with MSR format
[2023-03-05 11:27:31] parsed 0 lines
[2023-03-05 11:27:31] parsed 1000000 lines
[2023-03-05 11:27:31] parsed 1000001 lines
[2023-03-05 11:27:31] Total warm-up events 10540
[2023-03-05 11:27:31] Total active events 1000002
[2023-03-05 11:27:31] initializing ssd........... dftldes
[2023-03-05 11:27:32] n_cleaners: 8
....Recorder is enabled....
[2023-03-05 11:27:37] Written (MB) 100 Simulator time (ns) 1345620000
[2023-03-05 11:27:38] Read (MB) 100 Simulator time (ns) 2181500000
[2023-03-05 11:27:39] Written (MB) 200 Simulator time (ns) 2912240000
[2023-03-05 11:27:41] Written (MB) 300 Simulator time (ns) 4303000000
[2023-03-05 11:27:41] Read (MB) 200 Simulator time (ns) 4999160000
[2023-03-05 11:27:42] Written (MB) 400 Simulator time (ns) 5882040000
[2023-03-05 11:27:44] Written (MB) 500 Simulator time (ns) 7266460000
[2023-03-05 11:27:45] Written (MB) 600 Simulator time (ns) 8655160000
[2023-03-05 11:27:46] Written (MB) 700 Simulator time (ns) 10046180000
[2023-03-05 11:27:47] Written (MB) 800 Simulator time (ns) 11430740000
[2023-03-05 11:27:48] Written (MB) 900 Simulator time (ns) 12826480000
[2023-03-05 11:27:49] Written (MB) 1000 Simulator time (ns) 14212480000
[2023-03-05 11:27:50] Written (MB) 1100 Simulator time (ns) 15601840000
[2023-03-05 11:27:51] Written (MB) 1200 Simulator time (ns) 16988300000
[2023-03-05 11:27:51] Read (MB) 300 Simulator time (ns) 17508040000
[2023-03-05 11:27:52] Read (MB) 400 Simulator time (ns) 17668680000
[2023-03-05 11:27:53] Written (MB) 1300 Simulator time (ns) 18565840000
[2023-03-05 11:27:54] Written (MB) 1400 Simulator time (ns) 19956240000
[2023-03-05 11:27:55] Read (MB) 500 Simulator time (ns) 21111920000
[2023-03-05 11:27:55] Written (MB) 1500 Simulator time (ns) 21484540000
[2023-03-05 11:27:57] Written (MB) 1600 Simulator time (ns) 23004060000
[2023-03-05 11:27:58] Read (MB) 600 Simulator time (ns) 23690040000
[2023-03-05 11:27:58] Written (MB) 1700 Simulator time (ns) 24419440000
[2023-03-05 11:27:59] Read (MB) 700 Simulator time (ns) 25472500000
[2023-03-05 11:28:00] Written (MB) 1800 Simulator time (ns) 25948660000
[2023-03-05 11:28:00] [GC Start] Used Block Ratio: 0.901123046875 Simulator time (ns) 26429260000
[2023-03-05 11:28:04] [GC End] Used Block Ratio: 0.19677734375 Simulator time (ns) 29120840000.0
[2023-03-05 11:28:05] Written (MB) 1900 Simulator time (ns) 30024860000.0
[2023-03-05 11:28:07] Written (MB) 2000 Simulator time (ns) 31413340000.0
[2023-03-05 11:28:08] Written (MB) 2100 Simulator time (ns) 32805280000.0
[2023-03-05 11:28:09] Written (MB) 2200 Simulator time (ns) 34193080000.0
[2023-03-05 11:28:10] Written (MB) 2300 Simulator time (ns) 35582500000.0
[2023-03-05 11:28:11] Written (MB) 2400 Simulator time (ns) 36965320000.0
[2023-03-05 11:28:12] Read (MB) 800 Simulator time (ns) 37150160000.0
[2023-03-05 11:28:13] Written (MB) 2500 Simulator time (ns) 38591240000.0
[2023-03-05 11:28:14] Written (MB) 2600 Simulator time (ns) 39981520000.0
[2023-03-05 11:28:15] Written (MB) 2700 Simulator time (ns) 41373520000.0
[2023-03-05 11:28:16] Written (MB) 2800 Simulator time (ns) 42767760000.0
[2023-03-05 11:28:17] Written (MB) 2900 Simulator time (ns) 44159960000.0
[2023-03-05 11:28:18] Written (MB) 3000 Simulator time (ns) 45546620000.0
[2023-03-05 11:28:19] Written (MB) 3100 Simulator time (ns) 46947620000.0
[2023-03-05 11:28:20] Written (MB) 3200 Simulator time (ns) 48331260000.0
[2023-03-05 11:28:22] [GC Start] Used Block Ratio: 0.901611328125 Simulator time (ns) 49429080000.0
[2023-03-05 11:28:25] [GC End] Used Block Ratio: 0.19775390625 Simulator time (ns) 53916000000.0
[2023-03-05 11:28:25] Written (MB) 3300 Simulator time (ns) 54240480000.0
[2023-03-05 11:28:26] Written (MB) 3400 Simulator time (ns) 55669880000.0
[2023-03-05 11:28:27] Written (MB) 3500 Simulator time (ns) 57070520000.0
[2023-03-05 11:28:29] Written (MB) 3600 Simulator time (ns) 58451120000.0
[2023-03-05 11:28:29] Read (MB) 900 Simulator time (ns) 58768120000.0
[2023-03-05 11:28:29] Read (MB) 1000 Simulator time (ns) 58953040000.0
[2023-03-05 11:28:30] Written (MB) 3700 Simulator time (ns) 60028720000.0
[2023-03-05 11:28:31] Written (MB) 3800 Simulator time (ns) 61417520000.0
[2023-03-05 11:28:32] Written (MB) 3900 Simulator time (ns) 62806520000.0
[2023-03-05 11:28:33] Written (MB) 4000 Simulator time (ns) 64184120000.0
[2023-03-05 11:28:35] Written (MB) 4100 Simulator time (ns) 65573700000.0
[2023-03-05 11:28:36] Written (MB) 4200 Simulator time (ns) 66952900000.0
[2023-03-05 11:28:37] Written (MB) 4300 Simulator time (ns) 68328700000.0
[2023-03-05 11:28:38] Written (MB) 4400 Simulator time (ns) 69717480000.0
[2023-03-05 11:28:39] Written (MB) 4500 Simulator time (ns) 71104480000.0
[2023-03-05 11:28:40] Read (MB) 1100 Simulator time (ns) 72073260000.0
[2023-03-05 11:28:40] Read (MB) 1200 Simulator time (ns) 72469260000.0
[2023-03-05 11:28:41] Written (MB) 4600 Simulator time (ns) 72746600000.0
[2023-03-05 11:28:42] Written (MB) 4700 Simulator time (ns) 74135820000.0
[2023-03-05 11:28:42] [GC Start] Used Block Ratio: 0.902587890625 Simulator time (ns) 74452020000.0
[2023-03-05 11:28:46] [GC End] Used Block Ratio: 0.2392578125 Simulator time (ns) 79574940000.0
[2023-03-05 11:28:47] Read (MB) 1300 Simulator time (ns) 80241480000.0
[2023-03-05 11:28:48] Read (MB) 1400 Simulator time (ns) 80645840000.0
[2023-03-05 11:28:48] Written (MB) 4800 Simulator time (ns) 80951540000.0
[2023-03-05 11:28:49] Written (MB) 4900 Simulator time (ns) 82337140000.0
[2023-03-05 11:28:50] Written (MB) 5000 Simulator time (ns) 83732380000.0
[2023-03-05 11:28:51] Written (MB) 5100 Simulator time (ns) 85121760000.0
[2023-03-05 11:28:52] Written (MB) 5200 Simulator time (ns) 86510120000.0
[2023-03-05 11:28:53] Written (MB) 5300 Simulator time (ns) 87902040000.0
[2023-03-05 11:28:54] Written (MB) 5400 Simulator time (ns) 89296240000.0
[2023-03-05 11:28:56] Written (MB) 5500 Simulator time (ns) 90689200000.0
[2023-03-05 11:28:56] Written (MB) 5600 Simulator time (ns) 92079400000.0
[2023-03-05 11:28:57] Written (MB) 5700 Simulator time (ns) 93467440000.0
[2023-03-05 11:28:59] Read (MB) 1500 Simulator time (ns) 94780140000.0
[2023-03-05 11:28:59] Written (MB) 5800 Simulator time (ns) 95028640000.0
[2023-03-05 11:29:00] Read (MB) 1601 Simulator time (ns) 95719740000.0
[2023-03-05 11:29:01] Read (MB) 1701 Simulator time (ns) 95881440000.0
[2023-03-05 11:29:01] Written (MB) 5900 Simulator time (ns) 96671380000.0
[2023-03-05 11:29:02] Written (MB) 6000 Simulator time (ns) 98070780000.0
[2023-03-05 11:29:03] [GC Start] Used Block Ratio: 0.9033203125 Simulator time (ns) 99234460000.0
[2023-03-05 11:29:07] [GC End] Used Block Ratio: 0.284912109375 Simulator time (ns) 1.0449638e+11
[2023-03-05 11:29:07] Written (MB) 6100 Simulator time (ns) 1.0475466e+11
[2023-03-05 11:29:09] Read (MB) 1801 Simulator time (ns) 1.0573092e+11
[2023-03-05 11:29:09] Written (MB) 6200 Simulator time (ns) 1.0630116e+11
[2023-03-05 11:29:10] Written (MB) 6300 Simulator time (ns) 1.076872e+11
[2023-03-05 11:29:11] Written (MB) 6400 Simulator time (ns) 1.090798e+11
[2023-03-05 11:29:12] Written (MB) 6500 Simulator time (ns) 1.1048122e+11
[2023-03-05 11:29:13] Written (MB) 6600 Simulator time (ns) 1.1187424e+11
[2023-03-05 11:29:14] Written (MB) 6700 Simulator time (ns) 1.1326496e+11
[2023-03-05 11:29:15] Written (MB) 6800 Simulator time (ns) 1.1465656e+11
[2023-03-05 11:29:16] Written (MB) 6900 Simulator time (ns) 1.1604932e+11
[2023-03-05 11:29:17] Written (MB) 7000 Simulator time (ns) 1.1743572e+11
[2023-03-05 11:29:18] Read (MB) 1901 Simulator time (ns) 1.1763696e+11
[2023-03-05 11:29:19] Stop Simulation
