/home/lily/App/pypy2.7-v7.3.11-linux64/site-packages/bidict/compat.py:33: UserWarning: Python 2 support will be dropped in a future release.
  warn('Python 2 support will be dropped in a future release.')
[2023-03-05 11:08:12] parsing traces/ts_0.csv with MSR format
[2023-03-05 11:08:12] parsed 0 lines
[2023-03-05 11:08:13] parsed 1000000 lines
[2023-03-05 11:08:13] parsed 1000001 lines
[2023-03-05 11:08:13] Total warm-up events 10540
[2023-03-05 11:08:13] Total active events 1000002
[2023-03-05 11:08:13] initializing ssd........... dftldes
[2023-03-05 11:08:13] n_cleaners: 8
....Recorder is enabled....
[2023-03-05 11:08:18] Written (MB) 100 Simulator time (ns) 1345620000
[2023-03-05 11:08:20] Read (MB) 100 Simulator time (ns) 2181500000
[2023-03-05 11:08:21] Written (MB) 200 Simulator time (ns) 2912240000
[2023-03-05 11:08:22] Written (MB) 300 Simulator time (ns) 4303000000
[2023-03-05 11:08:23] Read (MB) 200 Simulator time (ns) 4999160000
[2023-03-05 11:08:24] Written (MB) 400 Simulator time (ns) 5882040000
[2023-03-05 11:08:25] Written (MB) 500 Simulator time (ns) 7266460000
[2023-03-05 11:08:26] Written (MB) 600 Simulator time (ns) 8655160000
[2023-03-05 11:08:27] Written (MB) 700 Simulator time (ns) 10046180000
[2023-03-05 11:08:28] Written (MB) 800 Simulator time (ns) 11430740000
[2023-03-05 11:08:29] Written (MB) 900 Simulator time (ns) 12826480000
[2023-03-05 11:08:30] Written (MB) 1000 Simulator time (ns) 14212480000
[2023-03-05 11:08:31] Written (MB) 1100 Simulator time (ns) 15601840000
[2023-03-05 11:08:32] Written (MB) 1200 Simulator time (ns) 16988300000
[2023-03-05 11:08:33] Read (MB) 300 Simulator time (ns) 17508040000
[2023-03-05 11:08:33] Read (MB) 400 Simulator time (ns) 17668680000
[2023-03-05 11:08:34] Written (MB) 1300 Simulator time (ns) 18565840000
[2023-03-05 11:08:35] Written (MB) 1400 Simulator time (ns) 19956240000
[2023-03-05 11:08:36] Read (MB) 500 Simulator time (ns) 21111920000
[2023-03-05 11:08:37] Written (MB) 1500 Simulator time (ns) 21484540000
[2023-03-05 11:08:38] Written (MB) 1600 Simulator time (ns) 23004060000
[2023-03-05 11:08:39] [GC Start] Used Block Ratio: 0.80126953125 Simulator time (ns) 23421060000
[2023-03-05 11:08:41] [GC End] Used Block Ratio: 0.39501953125 Simulator time (ns) 24519040000.0
[2023-03-05 11:08:42] Read (MB) 600 Simulator time (ns) 24786360000.0
[2023-03-05 11:08:43] Written (MB) 1700 Simulator time (ns) 25515920000.0
[2023-03-05 11:08:44] Read (MB) 700 Simulator time (ns) 26568840000.0
[2023-03-05 11:08:45] Written (MB) 1800 Simulator time (ns) 27045040000.0
[2023-03-05 11:08:46] Written (MB) 1900 Simulator time (ns) 28429860000.0
[2023-03-05 11:08:47] Written (MB) 2000 Simulator time (ns) 29818280000.0
[2023-03-05 11:08:48] Written (MB) 2100 Simulator time (ns) 31210340000.0
[2023-03-05 11:08:49] Written (MB) 2200 Simulator time (ns) 32598140000.0
[2023-03-05 11:08:50] Written (MB) 2300 Simulator time (ns) 33987400000.0
[2023-03-05 11:08:51] Written (MB) 2400 Simulator time (ns) 35370220000.0
[2023-03-05 11:08:52] Read (MB) 800 Simulator time (ns) 35554820000.0
[2023-03-05 11:08:53] [GC Start] Used Block Ratio: 0.801513671875 Simulator time (ns) 36471560000.0
[2023-03-05 11:08:54] [GC End] Used Block Ratio: 0.395751953125 Simulator time (ns) 37720820000.0
[2023-03-05 11:08:55] Written (MB) 2500 Simulator time (ns) 38244820000.0
[2023-03-05 11:08:56] Written (MB) 2600 Simulator time (ns) 39635160000.0
[2023-03-05 11:08:57] Written (MB) 2700 Simulator time (ns) 41027020000.0
[2023-03-05 11:08:58] Written (MB) 2800 Simulator time (ns) 42421300000.0
[2023-03-05 11:08:59] Written (MB) 2900 Simulator time (ns) 43813180000.0
[2023-03-05 11:09:00] Written (MB) 3000 Simulator time (ns) 45199800000.0
[2023-03-05 11:09:01] Written (MB) 3100 Simulator time (ns) 46600720000.0
[2023-03-05 11:09:02] Written (MB) 3200 Simulator time (ns) 47984160000.0
[2023-03-05 11:09:04] [GC Start] Used Block Ratio: 0.801513671875 Simulator time (ns) 49305660000.0
[2023-03-05 11:09:05] [GC End] Used Block Ratio: 0.39697265625 Simulator time (ns) 50618380000.0
[2023-03-05 11:09:05] Written (MB) 3300 Simulator time (ns) 50717500000.0
[2023-03-05 11:09:06] Written (MB) 3400 Simulator time (ns) 52147620000.0
[2023-03-05 11:09:07] Written (MB) 3500 Simulator time (ns) 53548080000.0
[2023-03-05 11:09:08] Written (MB) 3600 Simulator time (ns) 54928680000.0
[2023-03-05 11:09:09] Read (MB) 900 Simulator time (ns) 55245620000.0
[2023-03-05 11:09:09] Read (MB) 1000 Simulator time (ns) 55430120000.0
[2023-03-05 11:09:10] Written (MB) 3700 Simulator time (ns) 56505960000.0
[2023-03-05 11:09:11] Written (MB) 3800 Simulator time (ns) 57894800000.0
[2023-03-05 11:09:12] Written (MB) 3900 Simulator time (ns) 59283700000.0
[2023-03-05 11:09:13] Written (MB) 4000 Simulator time (ns) 60661300000.0
[2023-03-05 11:09:14] Written (MB) 4100 Simulator time (ns) 62050600000.0
[2023-03-05 11:09:15] [GC Start] Used Block Ratio: 0.801513671875 Simulator time (ns) 62341400000.0
[2023-03-05 11:09:16] [GC End] Used Block Ratio: 0.394775390625 Simulator time (ns) 63720080000.0
[2023-03-05 11:09:17] Written (MB) 4200 Simulator time (ns) 64808280000.0
[2023-03-05 11:09:18] Written (MB) 4300 Simulator time (ns) 66184080000.0
[2023-03-05 11:09:19] Written (MB) 4400 Simulator time (ns) 67572720000.0
[2023-03-05 11:09:20] Written (MB) 4500 Simulator time (ns) 68959720000.0
[2023-03-05 11:09:21] Read (MB) 1100 Simulator time (ns) 69930060000.0
[2023-03-05 11:09:22] Read (MB) 1200 Simulator time (ns) 70326460000.0
[2023-03-05 11:09:22] Written (MB) 4600 Simulator time (ns) 70605740000.0
[2023-03-05 11:09:23] Written (MB) 4700 Simulator time (ns) 71995000000.0
[2023-03-05 11:09:24] Read (MB) 1300 Simulator time (ns) 72975140000.0
[2023-03-05 11:09:25] Read (MB) 1400 Simulator time (ns) 73378960000.0
[2023-03-05 11:09:26] Written (MB) 4800 Simulator time (ns) 73684180000.0
[2023-03-05 11:09:27] Written (MB) 4900 Simulator time (ns) 75069780000.0
[2023-03-05 11:09:28] [GC Start] Used Block Ratio: 0.80224609375 Simulator time (ns) 75837460000.0
[2023-03-05 11:09:29] [GC End] Used Block Ratio: 0.396240234375 Simulator time (ns) 77205300000.0
[2023-03-05 11:09:30] Written (MB) 5000 Simulator time (ns) 77830900000.0
[2023-03-05 11:09:31] Written (MB) 5100 Simulator time (ns) 79220260000.0
[2023-03-05 11:09:32] Written (MB) 5200 Simulator time (ns) 80608760000.0
[2023-03-05 11:09:33] Written (MB) 5300 Simulator time (ns) 82000720000.0
[2023-03-05 11:09:34] Written (MB) 5400 Simulator time (ns) 83395000000.0
[2023-03-05 11:09:35] Written (MB) 5500 Simulator time (ns) 84787200000.0
[2023-03-05 11:09:36] Written (MB) 5600 Simulator time (ns) 86177440000.0
[2023-03-05 11:09:37] Written (MB) 5700 Simulator time (ns) 87565520000.0
[2023-03-05 11:09:38] Read (MB) 1500 Simulator time (ns) 88884660000.0
[2023-03-05 11:09:39] [GC Start] Used Block Ratio: 0.802734375 Simulator time (ns) 88979640000.0
[2023-03-05 11:09:40] [GC End] Used Block Ratio: 0.396240234375 Simulator time (ns) 90352920000.0
[2023-03-05 11:09:40] Written (MB) 5800 Simulator time (ns) 90503180000.0
[2023-03-05 11:09:41] Read (MB) 1601 Simulator time (ns) 91190080000.0
[2023-03-05 11:09:42] Read (MB) 1701 Simulator time (ns) 91349660000.0
[2023-03-05 11:09:42] Written (MB) 5900 Simulator time (ns) 92139280000.0
[2023-03-05 11:09:44] Written (MB) 6000 Simulator time (ns) 93538680000.0
[2023-03-05 11:09:45] Written (MB) 6100 Simulator time (ns) 94961940000.0
[2023-03-05 11:09:46] Read (MB) 1801 Simulator time (ns) 95930600000.0
[2023-03-05 11:09:47] Written (MB) 6200 Simulator time (ns) 96501000000.0
[2023-03-05 11:09:47] Written (MB) 6300 Simulator time (ns) 97887040000.0
[2023-03-05 11:09:48] Written (MB) 6400 Simulator time (ns) 99279640000.0
[2023-03-05 11:09:49] Written (MB) 6500 Simulator time (ns) 1.0067982e+11
[2023-03-05 11:09:50] Written (MB) 6600 Simulator time (ns) 1.0207284e+11
[2023-03-05 11:09:51] [GC Start] Used Block Ratio: 0.802001953125 Simulator time (ns) 1.0232604e+11
[2023-03-05 11:09:53] [GC End] Used Block Ratio: 0.394287109375 Simulator time (ns) 1.042683e+11
[2023-03-05 11:09:53] Written (MB) 6700 Simulator time (ns) 1.0540486e+11
[2023-03-05 11:09:54] Written (MB) 6800 Simulator time (ns) 1.0679646e+11
[2023-03-05 11:09:55] Written (MB) 6900 Simulator time (ns) 1.0818874e+11
[2023-03-05 11:09:56] Written (MB) 7000 Simulator time (ns) 1.0957514e+11
[2023-03-05 11:09:57] Read (MB) 1901 Simulator time (ns) 1.0977024e+11
[2023-03-05 11:09:58] Stop Simulation
