/home/lily/App/pypy2.7-v7.3.11-linux64/site-packages/bidict/compat.py:33: UserWarning: Python 2 support will be dropped in a future release.
  warn('Python 2 support will be dropped in a future release.')
[2023-03-05 20:09:24] parsing traces/ts_0.csv with MSR format
[2023-03-05 20:09:24] parsed 0 lines
[2023-03-05 20:09:25] parsed 1000000 lines
[2023-03-05 20:09:25] parsed 1000001 lines
[2023-03-05 20:09:25] Total warm-up events 10540
[2023-03-05 20:09:25] Total active events 1000002
[2023-03-05 20:09:25] initializing ssd........... dftldes
[2023-03-05 20:09:25] n_cleaners: 8
....Recorder is enabled....
[2023-03-05 20:09:30] Written (MB) 100 Simulator time (ns) 1345620000
[2023-03-05 20:09:32] Read (MB) 100 Simulator time (ns) 2181500000
[2023-03-05 20:09:33] Written (MB) 200 Simulator time (ns) 2912240000
[2023-03-05 20:09:34] Written (MB) 300 Simulator time (ns) 4303000000
[2023-03-05 20:09:35] Read (MB) 200 Simulator time (ns) 4999160000
[2023-03-05 20:09:36] Written (MB) 400 Simulator time (ns) 5882040000
[2023-03-05 20:09:38] Written (MB) 500 Simulator time (ns) 7266460000
[2023-03-05 20:09:39] Written (MB) 600 Simulator time (ns) 8655160000
[2023-03-05 20:09:40] Written (MB) 700 Simulator time (ns) 10046180000
[2023-03-05 20:09:41] Written (MB) 800 Simulator time (ns) 11430740000
[2023-03-05 20:09:42] Written (MB) 900 Simulator time (ns) 12826480000
[2023-03-05 20:09:43] Written (MB) 1000 Simulator time (ns) 14212480000
[2023-03-05 20:09:44] Written (MB) 1100 Simulator time (ns) 15601840000
[2023-03-05 20:09:45] Written (MB) 1200 Simulator time (ns) 16988300000
[2023-03-05 20:09:45] Read (MB) 300 Simulator time (ns) 17508040000
[2023-03-05 20:09:46] Read (MB) 400 Simulator time (ns) 17668680000
[2023-03-05 20:09:46] Written (MB) 1300 Simulator time (ns) 18565840000
[2023-03-05 20:09:48] Written (MB) 1400 Simulator time (ns) 19956240000
[2023-03-05 20:09:49] Read (MB) 500 Simulator time (ns) 21111920000
[2023-03-05 20:09:49] Written (MB) 1500 Simulator time (ns) 21484540000
[2023-03-05 20:09:51] Written (MB) 1600 Simulator time (ns) 23004060000
[2023-03-05 20:09:52] [GC Start] Used Block Ratio: 0.800048828125 Simulator time (ns) 23393460000
[2023-03-05 20:09:53] [GC End] Used Block Ratio: 0.5966796875 Simulator time (ns) 24524020000.0
[2023-03-05 20:09:54] Read (MB) 600 Simulator time (ns) 24819980000.0
[2023-03-05 20:09:55] Written (MB) 1700 Simulator time (ns) 25549220000.0
[2023-03-05 20:09:56] Read (MB) 700 Simulator time (ns) 26602360000.0
[2023-03-05 20:09:57] Written (MB) 1800 Simulator time (ns) 27078680000.0
[2023-03-05 20:09:58] Written (MB) 1900 Simulator time (ns) 28463680000.0
[2023-03-05 20:09:59] Written (MB) 2000 Simulator time (ns) 29852080000.0
[2023-03-05 20:10:00] [GC Start] Used Block Ratio: 0.800048828125 Simulator time (ns) 30484640000.0
[2023-03-05 20:10:01] [GC End] Used Block Ratio: 0.599609375 Simulator time (ns) 31772520000.0
[2023-03-05 20:10:01] Written (MB) 2100 Simulator time (ns) 32531540000.0
[2023-03-05 20:10:02] Written (MB) 2200 Simulator time (ns) 33919180000.0
[2023-03-05 20:10:03] Written (MB) 2300 Simulator time (ns) 35308420000.0
[2023-03-05 20:10:04] Written (MB) 2400 Simulator time (ns) 36691240000.0
[2023-03-05 20:10:05] Read (MB) 800 Simulator time (ns) 36876360000.0
[2023-03-05 20:10:06] [GC Start] Used Block Ratio: 0.800048828125 Simulator time (ns) 37702180000.0
[2023-03-05 20:10:07] [GC End] Used Block Ratio: 0.599853515625 Simulator time (ns) 38993700000.0
[2023-03-05 20:10:08] Written (MB) 2500 Simulator time (ns) 39609500000.0
[2023-03-05 20:10:08] Written (MB) 2600 Simulator time (ns) 40999820000.0
[2023-03-05 20:10:10] Written (MB) 2700 Simulator time (ns) 42391820000.0
[2023-03-05 20:10:10] Written (MB) 2800 Simulator time (ns) 43786140000.0
[2023-03-05 20:10:11] [GC Start] Used Block Ratio: 0.800048828125 Simulator time (ns) 44710880000.0
[2023-03-05 20:10:12] [GC End] Used Block Ratio: 0.5966796875 Simulator time (ns) 46025420000.0
[2023-03-05 20:10:13] Written (MB) 2900 Simulator time (ns) 46491300000.0
[2023-03-05 20:10:14] Written (MB) 3000 Simulator time (ns) 47877880000.0
[2023-03-05 20:10:15] Written (MB) 3100 Simulator time (ns) 49278840000.0
[2023-03-05 20:10:16] Written (MB) 3200 Simulator time (ns) 50662280000.0
[2023-03-05 20:10:17] [GC Start] Used Block Ratio: 0.800048828125 Simulator time (ns) 51812620000.0
[2023-03-05 20:10:18] [GC End] Used Block Ratio: 0.596923828125 Simulator time (ns) 53096000000.0
[2023-03-05 20:10:18] Written (MB) 3300 Simulator time (ns) 53367200000.0
[2023-03-05 20:10:19] Written (MB) 3400 Simulator time (ns) 54796100000.0
[2023-03-05 20:10:20] Written (MB) 3500 Simulator time (ns) 56196640000.0
[2023-03-05 20:10:21] Written (MB) 3600 Simulator time (ns) 57577080000.0
[2023-03-05 20:10:21] Read (MB) 900 Simulator time (ns) 57893960000.0
[2023-03-05 20:10:22] Read (MB) 1000 Simulator time (ns) 58078280000.0
[2023-03-05 20:10:23] [GC Start] Used Block Ratio: 0.800048828125 Simulator time (ns) 59120400000.0
[2023-03-05 20:10:24] [GC End] Used Block Ratio: 0.597412109375 Simulator time (ns) 60395120000.0
[2023-03-05 20:10:24] Written (MB) 3700 Simulator time (ns) 60427320000.0
[2023-03-05 20:10:25] Written (MB) 3800 Simulator time (ns) 61816160000.0
[2023-03-05 20:10:26] Written (MB) 3900 Simulator time (ns) 63205260000.0
[2023-03-05 20:10:27] Written (MB) 4000 Simulator time (ns) 64582860000.0
[2023-03-05 20:10:28] Written (MB) 4100 Simulator time (ns) 65972080000.0
[2023-03-05 20:10:29] [GC Start] Used Block Ratio: 0.800048828125 Simulator time (ns) 66143080000.0
[2023-03-05 20:10:30] [GC End] Used Block Ratio: 0.597412109375 Simulator time (ns) 67412120000.0
[2023-03-05 20:10:31] Written (MB) 4200 Simulator time (ns) 68620120000.0
[2023-03-05 20:10:32] Written (MB) 4300 Simulator time (ns) 69995920000.0
[2023-03-05 20:10:33] Written (MB) 4400 Simulator time (ns) 71384940000.0
[2023-03-05 20:10:34] Written (MB) 4500 Simulator time (ns) 72771860000.0
[2023-03-05 20:10:34] [GC Start] Used Block Ratio: 0.80029296875 Simulator time (ns) 73154260000.0
[2023-03-05 20:10:35] [GC End] Used Block Ratio: 0.597900390625 Simulator time (ns) 74388960000.0
[2023-03-05 20:10:36] Read (MB) 1100 Simulator time (ns) 74973940000.0
[2023-03-05 20:10:37] Read (MB) 1200 Simulator time (ns) 75369980000.0
[2023-03-05 20:10:37] Written (MB) 4600 Simulator time (ns) 75647340000.0
[2023-03-05 20:10:38] Written (MB) 4700 Simulator time (ns) 77036560000.0
[2023-03-05 20:10:39] Read (MB) 1300 Simulator time (ns) 78016700000.0
[2023-03-05 20:10:40] Read (MB) 1400 Simulator time (ns) 78419360000.0
[2023-03-05 20:10:41] Written (MB) 4800 Simulator time (ns) 78724960000.0
[2023-03-05 20:10:42] Written (MB) 4900 Simulator time (ns) 80110680000.0
[2023-03-05 20:10:42] [GC Start] Used Block Ratio: 0.800048828125 Simulator time (ns) 80692080000.0
[2023-03-05 20:10:43] [GC End] Used Block Ratio: 0.598388671875 Simulator time (ns) 81935620000.0
[2023-03-05 20:10:44] Written (MB) 5000 Simulator time (ns) 82746940000.0
[2023-03-05 20:10:45] Written (MB) 5100 Simulator time (ns) 84136140000.0
[2023-03-05 20:10:46] Written (MB) 5200 Simulator time (ns) 85524440000.0
[2023-03-05 20:10:47] Written (MB) 5300 Simulator time (ns) 86916440000.0
[2023-03-05 20:10:48] [GC Start] Used Block Ratio: 0.800048828125 Simulator time (ns) 87675520000.0
[2023-03-05 20:10:49] [GC End] Used Block Ratio: 0.59765625 Simulator time (ns) 88905980000.0
[2023-03-05 20:10:49] Written (MB) 5400 Simulator time (ns) 89540380000.0
[2023-03-05 20:10:50] Written (MB) 5500 Simulator time (ns) 90932500000.0
[2023-03-05 20:10:51] Written (MB) 5600 Simulator time (ns) 92322740000.0
[2023-03-05 20:10:52] Written (MB) 5700 Simulator time (ns) 93710860000.0
[2023-03-05 20:10:53] [GC Start] Used Block Ratio: 0.800048828125 Simulator time (ns) 94660940000.0
[2023-03-05 20:10:55] [GC End] Used Block Ratio: 0.59814453125 Simulator time (ns) 95892700000.0
[2023-03-05 20:10:55] Read (MB) 1500 Simulator time (ns) 96252480000.0
[2023-03-05 20:10:56] Written (MB) 5800 Simulator time (ns) 96500700000.0
[2023-03-05 20:10:56] Read (MB) 1601 Simulator time (ns) 97187840000.0
[2023-03-05 20:10:57] Read (MB) 1701 Simulator time (ns) 97347540000.0
[2023-03-05 20:10:58] Written (MB) 5900 Simulator time (ns) 98137000000.0
[2023-03-05 20:10:59] Written (MB) 6000 Simulator time (ns) 99536400000.0
[2023-03-05 20:11:00] Written (MB) 6100 Simulator time (ns) 1.0095792e+11
[2023-03-05 20:11:01] Read (MB) 1801 Simulator time (ns) 1.0192648e+11
[2023-03-05 20:11:02] [GC Start] Used Block Ratio: 0.800048828125 Simulator time (ns) 1.0223776e+11
[2023-03-05 20:11:03] [GC End] Used Block Ratio: 0.59765625 Simulator time (ns) 1.0368478e+11
[2023-03-05 20:11:03] Written (MB) 6200 Simulator time (ns) 1.0394338e+11
[2023-03-05 20:11:04] Written (MB) 6300 Simulator time (ns) 1.0532942e+11
[2023-03-05 20:11:05] Written (MB) 6400 Simulator time (ns) 1.0672202e+11
[2023-03-05 20:11:06] Written (MB) 6500 Simulator time (ns) 1.0812258e+11
[2023-03-05 20:11:08] [GC Start] Used Block Ratio: 0.800048828125 Simulator time (ns) 1.0946038e+11
[2023-03-05 20:11:09] [GC End] Used Block Ratio: 0.59619140625 Simulator time (ns) 1.1076764e+11
[2023-03-05 20:11:09] Written (MB) 6600 Simulator time (ns) 1.1082204e+11
[2023-03-05 20:11:10] Written (MB) 6700 Simulator time (ns) 1.1221272e+11
[2023-03-05 20:11:11] Written (MB) 6800 Simulator time (ns) 1.1360432e+11
[2023-03-05 20:11:12] Written (MB) 6900 Simulator time (ns) 1.1499684e+11
[2023-03-05 20:11:13] Written (MB) 7000 Simulator time (ns) 1.1638324e+11
[2023-03-05 20:11:14] Read (MB) 1901 Simulator time (ns) 1.1657834e+11
[2023-03-05 20:11:14] [GC Start] Used Block Ratio: 0.800048828125 Simulator time (ns) 1.1675948e+11
[2023-03-05 20:11:15] [GC End] Used Block Ratio: 0.59814453125 Simulator time (ns) 1.1790158e+11
[2023-03-05 20:11:16] Stop Simulation
