/home/lily/App/pypy2.7-v7.3.11-linux64/site-packages/bidict/compat.py:33: UserWarning: Python 2 support will be dropped in a future release.
  warn('Python 2 support will be dropped in a future release.')
[2023-03-05 11:29:20] parsing traces/ts_0.csv with MSR format
[2023-03-05 11:29:20] parsed 0 lines
[2023-03-05 11:29:21] parsed 1000000 lines
[2023-03-05 11:29:21] parsed 1000001 lines
[2023-03-05 11:29:21] Total warm-up events 10540
[2023-03-05 11:29:21] Total active events 1000002
[2023-03-05 11:29:21] initializing ssd........... dftldes
[2023-03-05 11:29:21] n_cleaners: 8
....Recorder is enabled....
[2023-03-05 11:29:26] Written (MB) 100 Simulator time (ns) 1345620000
[2023-03-05 11:29:28] Read (MB) 100 Simulator time (ns) 2181500000
[2023-03-05 11:29:29] Written (MB) 200 Simulator time (ns) 2912240000
[2023-03-05 11:29:30] Written (MB) 300 Simulator time (ns) 4303000000
[2023-03-05 11:29:31] Read (MB) 200 Simulator time (ns) 4999160000
[2023-03-05 11:29:32] Written (MB) 400 Simulator time (ns) 5882040000
[2023-03-05 11:29:33] Written (MB) 500 Simulator time (ns) 7266460000
[2023-03-05 11:29:34] Written (MB) 600 Simulator time (ns) 8655160000
[2023-03-05 11:29:35] Written (MB) 700 Simulator time (ns) 10046180000
[2023-03-05 11:29:36] Written (MB) 800 Simulator time (ns) 11430740000
[2023-03-05 11:29:37] Written (MB) 900 Simulator time (ns) 12826480000
[2023-03-05 11:29:38] Written (MB) 1000 Simulator time (ns) 14212480000
[2023-03-05 11:29:39] Written (MB) 1100 Simulator time (ns) 15601840000
[2023-03-05 11:29:40] Written (MB) 1200 Simulator time (ns) 16988300000
[2023-03-05 11:29:41] Read (MB) 300 Simulator time (ns) 17508040000
[2023-03-05 11:29:41] Read (MB) 400 Simulator time (ns) 17668680000
[2023-03-05 11:29:42] Written (MB) 1300 Simulator time (ns) 18565840000
[2023-03-05 11:29:43] Written (MB) 1400 Simulator time (ns) 19956240000
[2023-03-05 11:29:44] Read (MB) 500 Simulator time (ns) 21111920000
[2023-03-05 11:29:45] Written (MB) 1500 Simulator time (ns) 21484540000
[2023-03-05 11:29:46] Written (MB) 1600 Simulator time (ns) 23004060000
[2023-03-05 11:29:47] [GC Start] Used Block Ratio: 0.80126953125 Simulator time (ns) 23421060000
[2023-03-05 11:29:50] [GC End] Used Block Ratio: 0.197998046875 Simulator time (ns) 25530680000.0
[2023-03-05 11:29:51] Read (MB) 600 Simulator time (ns) 25797960000.0
[2023-03-05 11:29:52] Written (MB) 1700 Simulator time (ns) 26527480000.0
[2023-03-05 11:29:53] Read (MB) 700 Simulator time (ns) 27580840000.0
[2023-03-05 11:29:53] Written (MB) 1800 Simulator time (ns) 28056760000.0
[2023-03-05 11:29:55] Written (MB) 1900 Simulator time (ns) 29441580000.0
[2023-03-05 11:29:56] Written (MB) 2000 Simulator time (ns) 30830060000.0
[2023-03-05 11:29:57] Written (MB) 2100 Simulator time (ns) 32222080000.0
[2023-03-05 11:29:58] Written (MB) 2200 Simulator time (ns) 33609720000.0
[2023-03-05 11:29:59] Written (MB) 2300 Simulator time (ns) 34999200000.0
[2023-03-05 11:30:00] Written (MB) 2400 Simulator time (ns) 36382020000.0
[2023-03-05 11:30:00] Read (MB) 800 Simulator time (ns) 36567020000.0
[2023-03-05 11:30:02] Written (MB) 2500 Simulator time (ns) 38009080000.0
[2023-03-05 11:30:03] Written (MB) 2600 Simulator time (ns) 39399420000.0
[2023-03-05 11:30:04] Written (MB) 2700 Simulator time (ns) 40791280000.0
[2023-03-05 11:30:05] Written (MB) 2800 Simulator time (ns) 42185560000.0
[2023-03-05 11:30:06] [GC Start] Used Block Ratio: 0.801513671875 Simulator time (ns) 43097780000.0
[2023-03-05 11:30:08] [GC End] Used Block Ratio: 0.196044921875 Simulator time (ns) 46420440000.0
[2023-03-05 11:30:09] Written (MB) 2900 Simulator time (ns) 46899260000.0
[2023-03-05 11:30:10] Written (MB) 3000 Simulator time (ns) 48285840000.0
[2023-03-05 11:30:11] Written (MB) 3100 Simulator time (ns) 49687080000.0
[2023-03-05 11:30:12] Written (MB) 3200 Simulator time (ns) 51070520000.0
[2023-03-05 11:30:13] Written (MB) 3300 Simulator time (ns) 52493140000.0
[2023-03-05 11:30:14] Written (MB) 3400 Simulator time (ns) 53922160000.0
[2023-03-05 11:30:15] Written (MB) 3500 Simulator time (ns) 55323100000.0
[2023-03-05 11:30:16] Written (MB) 3600 Simulator time (ns) 56703540000.0
[2023-03-05 11:30:16] Read (MB) 900 Simulator time (ns) 57020320000.0
[2023-03-05 11:30:17] Read (MB) 1000 Simulator time (ns) 57204940000.0
[2023-03-05 11:30:18] Written (MB) 3700 Simulator time (ns) 58280540000.0
[2023-03-05 11:30:19] Written (MB) 3800 Simulator time (ns) 59669380000.0
[2023-03-05 11:30:20] Written (MB) 3900 Simulator time (ns) 61058440000.0
[2023-03-05 11:30:21] Written (MB) 4000 Simulator time (ns) 62436040000.0
[2023-03-05 11:30:22] Written (MB) 4100 Simulator time (ns) 63825260000.0
[2023-03-05 11:30:23] [GC Start] Used Block Ratio: 0.802001953125 Simulator time (ns) 63915860000.0
[2023-03-05 11:30:26] [GC End] Used Block Ratio: 0.2255859375 Simulator time (ns) 68827060000.0
[2023-03-05 11:30:27] Written (MB) 4200 Simulator time (ns) 70114860000.0
[2023-03-05 11:30:28] Written (MB) 4300 Simulator time (ns) 71490500000.0
[2023-03-05 11:30:29] Written (MB) 4400 Simulator time (ns) 72879300000.0
[2023-03-05 11:30:30] Written (MB) 4500 Simulator time (ns) 74266340000.0
[2023-03-05 11:30:31] Read (MB) 1100 Simulator time (ns) 75236460000.0
[2023-03-05 11:30:32] Read (MB) 1200 Simulator time (ns) 75632560000.0
[2023-03-05 11:30:32] Written (MB) 4600 Simulator time (ns) 75912060000.0
[2023-03-05 11:30:33] Written (MB) 4700 Simulator time (ns) 77301280000.0
[2023-03-05 11:30:35] Read (MB) 1300 Simulator time (ns) 78281480000.0
[2023-03-05 11:30:36] Read (MB) 1400 Simulator time (ns) 78685240000.0
[2023-03-05 11:30:36] Written (MB) 4800 Simulator time (ns) 78991060000.0
[2023-03-05 11:30:37] Written (MB) 4900 Simulator time (ns) 80376800000.0
[2023-03-05 11:30:38] Written (MB) 5000 Simulator time (ns) 81772240000.0
[2023-03-05 11:30:39] Written (MB) 5100 Simulator time (ns) 83161440000.0
[2023-03-05 11:30:40] Written (MB) 5200 Simulator time (ns) 84549720000.0
[2023-03-05 11:30:41] [GC Start] Used Block Ratio: 0.806640625 Simulator time (ns) 85882600000.0
[2023-03-05 11:30:45] [GC End] Used Block Ratio: 0.259033203125 Simulator time (ns) 90683740000.0
[2023-03-05 11:30:45] Written (MB) 5300 Simulator time (ns) 90741940000.0
[2023-03-05 11:30:46] Written (MB) 5400 Simulator time (ns) 92136180000.0
[2023-03-05 11:30:47] Written (MB) 5500 Simulator time (ns) 93528640000.0
[2023-03-05 11:30:48] Written (MB) 5600 Simulator time (ns) 94918880000.0
[2023-03-05 11:30:49] Written (MB) 5700 Simulator time (ns) 96307080000.0
[2023-03-05 11:30:50] Read (MB) 1500 Simulator time (ns) 97626680000.0
[2023-03-05 11:30:51] Written (MB) 5800 Simulator time (ns) 97875000000.0
[2023-03-05 11:30:51] Read (MB) 1601 Simulator time (ns) 98561600000.0
[2023-03-05 11:30:52] Read (MB) 1701 Simulator time (ns) 98722040000.0
[2023-03-05 11:30:53] Written (MB) 5900 Simulator time (ns) 99511580000.0
[2023-03-05 11:30:54] Written (MB) 6000 Simulator time (ns) 1.0091098e+11
[2023-03-05 11:30:55] Written (MB) 6100 Simulator time (ns) 1.0233472e+11
[2023-03-05 11:30:56] Read (MB) 1801 Simulator time (ns) 1.0331278e+11
[2023-03-05 11:30:57] Written (MB) 6200 Simulator time (ns) 1.0388298e+11
[2023-03-05 11:30:57] Written (MB) 6300 Simulator time (ns) 1.0526898e+11
[2023-03-05 11:30:58] Written (MB) 6400 Simulator time (ns) 1.0666158e+11
[2023-03-05 11:30:59] [GC Start] Used Block Ratio: 0.809814453125 Simulator time (ns) 1.0699158e+11
[2023-03-05 11:31:02] [GC End] Used Block Ratio: 0.294921875 Simulator time (ns) 1.1190938e+11
[2023-03-05 11:31:03] Written (MB) 6500 Simulator time (ns) 1.1297922e+11
[2023-03-05 11:31:04] Written (MB) 6600 Simulator time (ns) 1.1437224e+11
[2023-03-05 11:31:05] Written (MB) 6700 Simulator time (ns) 1.15763e+11
[2023-03-05 11:31:06] Written (MB) 6800 Simulator time (ns) 1.171546e+11
[2023-03-05 11:31:07] Written (MB) 6900 Simulator time (ns) 1.1854696e+11
[2023-03-05 11:31:08] Written (MB) 7000 Simulator time (ns) 1.1993316e+11
[2023-03-05 11:31:09] Read (MB) 1901 Simulator time (ns) 1.2012898e+11
[2023-03-05 11:31:10] Stop Simulation
