/home/lily/App/pypy2.7-v7.3.11-linux64/site-packages/bidict/compat.py:33: UserWarning: Python 2 support will be dropped in a future release.
  warn('Python 2 support will be dropped in a future release.')
[2023-03-05 22:20:44] parsing traces/wdev_2.csv with MSR format
[2023-03-05 22:20:44] parsed 0 lines
[2023-03-05 22:20:44] parsed 181265 lines
[2023-03-05 22:20:44] Total warm-up events 137
[2023-03-05 22:20:44] Total active events 181266
[2023-03-05 22:20:44] initializing ssd........... dftldes
[2023-03-05 22:20:45] n_cleaners: 8
....Recorder is enabled....
[2023-03-05 22:20:48] Written (MB) 100 Simulator time (ns) 1403020000
[2023-03-05 22:20:49] Written (MB) 200 Simulator time (ns) 2790280000
[2023-03-05 22:20:50] Written (MB) 300 Simulator time (ns) 4175880000
[2023-03-05 22:20:51] Written (MB) 400 Simulator time (ns) 5566280000
[2023-03-05 22:20:51] [GC Start] Used Block Ratio: 0.80078125 Simulator time (ns) 5624680000
[2023-03-05 22:20:52] [GC End] Used Block Ratio: 0.3935546875 Simulator time (ns) 5855300000.0
[2023-03-05 22:20:54] Written (MB) 500 Simulator time (ns) 7189300000.0
[2023-03-05 22:20:55] Written (MB) 600 Simulator time (ns) 8575700000.0
[2023-03-05 22:20:55] [GC Start] Used Block Ratio: 0.80078125 Simulator time (ns) 8754500000.0
[2023-03-05 22:20:55] [GC End] Used Block Ratio: 0.3916015625 Simulator time (ns) 8971060000.0
[2023-03-05 22:20:56] Written (MB) 700 Simulator time (ns) 10183860000.0
[2023-03-05 22:20:57] Written (MB) 800 Simulator time (ns) 11569460000.0
[2023-03-05 22:20:57] [GC Start] Used Block Ratio: 0.80078125 Simulator time (ns) 11888660000.0
[2023-03-05 22:20:58] [GC End] Used Block Ratio: 0.3916015625 Simulator time (ns) 12106440000.0
[2023-03-05 22:20:58] Written (MB) 900 Simulator time (ns) 13174040000.0
[2023-03-05 22:20:59] Written (MB) 1000 Simulator time (ns) 14561960000.0
[2023-03-05 22:21:00] [GC Start] Used Block Ratio: 0.80078125 Simulator time (ns) 15022360000.0
[2023-03-05 22:21:00] [GC End] Used Block Ratio: 0.390625 Simulator time (ns) 15243060000.0
[2023-03-05 22:21:01] Written (MB) 1100 Simulator time (ns) 16173460000.0
[2023-03-05 22:21:02] Written (MB) 1200 Simulator time (ns) 17564260000.0
[2023-03-05 22:21:02] [GC Start] Used Block Ratio: 0.80078125 Simulator time (ns) 18159460000.0
[2023-03-05 22:21:02] [GC End] Used Block Ratio: 0.3916015625 Simulator time (ns) 18398140000.0
[2023-03-05 22:21:03] Written (MB) 1300 Simulator time (ns) 19192540000.0
[2023-03-05 22:21:04] Written (MB) 1400 Simulator time (ns) 20584140000.0
[2023-03-05 22:21:04] Stop Simulation
