/home/lily/App/pypy2.7-v7.3.11-linux64/site-packages/bidict/compat.py:33: UserWarning: Python 2 support will be dropped in a future release.
  warn('Python 2 support will be dropped in a future release.')
[2023-03-05 22:20:24] parsing traces/wdev_2.csv with MSR format
[2023-03-05 22:20:24] parsed 0 lines
[2023-03-05 22:20:24] parsed 181265 lines
[2023-03-05 22:20:24] Total warm-up events 137
[2023-03-05 22:20:24] Total active events 181266
[2023-03-05 22:20:24] initializing ssd........... dftldes
[2023-03-05 22:20:25] n_cleaners: 8
....Recorder is enabled....
[2023-03-05 22:20:28] Written (MB) 100 Simulator time (ns) 1403020000
[2023-03-05 22:20:29] Written (MB) 200 Simulator time (ns) 2790280000
[2023-03-05 22:20:30] Written (MB) 300 Simulator time (ns) 4175880000
[2023-03-05 22:20:31] Written (MB) 400 Simulator time (ns) 5566280000
[2023-03-05 22:20:32] [GC Start] Used Block Ratio: 0.900390625 Simulator time (ns) 6329880000
[2023-03-05 22:20:33] [GC End] Used Block Ratio: 0.3955078125 Simulator time (ns) 6569860000.0
[2023-03-05 22:20:34] Written (MB) 500 Simulator time (ns) 7199060000.0
[2023-03-05 22:20:35] Written (MB) 600 Simulator time (ns) 8585460000.0
[2023-03-05 22:20:36] Written (MB) 700 Simulator time (ns) 9977460000.0
[2023-03-05 22:20:36] [GC Start] Used Block Ratio: 0.900390625 Simulator time (ns) 10158660000.0
[2023-03-05 22:20:36] [GC End] Used Block Ratio: 0.3935546875 Simulator time (ns) 10361440000.0
[2023-03-05 22:20:37] Written (MB) 800 Simulator time (ns) 11565040000.0
[2023-03-05 22:20:38] Written (MB) 900 Simulator time (ns) 12952640000.0
[2023-03-05 22:20:39] [GC Start] Used Block Ratio: 0.900390625 Simulator time (ns) 13944240000.0
[2023-03-05 22:20:39] [GC End] Used Block Ratio: 0.392578125 Simulator time (ns) 14160800000.0
[2023-03-05 22:20:39] Written (MB) 1000 Simulator time (ns) 14556560000.0
[2023-03-05 22:20:40] Written (MB) 1100 Simulator time (ns) 15947360000.0
[2023-03-05 22:20:41] Written (MB) 1200 Simulator time (ns) 17338160000.0
[2023-03-05 22:20:42] [GC Start] Used Block Ratio: 0.9013671875 Simulator time (ns) 17768560000.0
[2023-03-05 22:20:42] [GC End] Used Block Ratio: 0.396484375 Simulator time (ns) 17999000000.0
[2023-03-05 22:20:42] Written (MB) 1300 Simulator time (ns) 18958600000.0
[2023-03-05 22:20:43] Written (MB) 1400 Simulator time (ns) 20350200000.0
[2023-03-05 22:20:44] Stop Simulation
