/home/lily/App/pypy2.7-v7.3.11-linux64/site-packages/bidict/compat.py:33: UserWarning: Python 2 support will be dropped in a future release.
  warn('Python 2 support will be dropped in a future release.')
[2023-03-05 10:37:43] parsing traces/wdev_2.csv with MSR format
[2023-03-05 10:37:43] parsed 0 lines
[2023-03-05 10:37:43] parsed 181265 lines
[2023-03-05 10:37:43] Total warm-up events 137
[2023-03-05 10:37:43] Total active events 181266
[2023-03-05 10:37:43] initializing ssd........... dftldes
[2023-03-05 10:37:44] n_cleaners: 8
....Recorder is enabled....
[2023-03-05 10:37:47] Written (MB) 100 Simulator time (ns) 1403020000
[2023-03-05 10:37:48] Written (MB) 200 Simulator time (ns) 2790280000
[2023-03-05 10:37:49] Written (MB) 300 Simulator time (ns) 4175880000
[2023-03-05 10:37:50] Written (MB) 400 Simulator time (ns) 5566280000
[2023-03-05 10:37:50] [GC Start] Used Block Ratio: 0.8046875 Simulator time (ns) 5643080000
[2023-03-05 10:37:50] [GC End] Used Block Ratio: 0.6953125 Simulator time (ns) 5665280000.0
[2023-03-05 10:37:52] [GC Start] Used Block Ratio: 0.8046875 Simulator time (ns) 6442880000.0
[2023-03-05 10:37:52] [GC End] Used Block Ratio: 0.6953125 Simulator time (ns) 6465080000.0
[2023-03-05 10:37:52] Written (MB) 500 Simulator time (ns) 7001880000.0
[2023-03-05 10:37:53] [GC Start] Used Block Ratio: 0.8046875 Simulator time (ns) 7251880000.0
[2023-03-05 10:37:53] [GC End] Used Block Ratio: 0.6953125 Simulator time (ns) 7273280000.0
[2023-03-05 10:37:54] [GC Start] Used Block Ratio: 0.8056640625 Simulator time (ns) 8056080000.0
[2023-03-05 10:37:54] [GC End] Used Block Ratio: 0.6806640625 Simulator time (ns) 8080480000.0
[2023-03-05 10:37:54] Written (MB) 600 Simulator time (ns) 8433680000.0
[2023-03-05 10:37:54] [GC Start] Used Block Ratio: 0.8056640625 Simulator time (ns) 8971280000.0
[2023-03-05 10:37:54] [GC End] Used Block Ratio: 0.6806640625 Simulator time (ns) 8996080000.0
[2023-03-05 10:37:55] Written (MB) 700 Simulator time (ns) 9850080000.0
[2023-03-05 10:37:55] [GC Start] Used Block Ratio: 0.80859375 Simulator time (ns) 9890480000.0
[2023-03-05 10:37:55] [GC End] Used Block Ratio: 0.68359375 Simulator time (ns) 9916080000.0
[2023-03-05 10:37:56] [GC Start] Used Block Ratio: 0.810546875 Simulator time (ns) 10818480000.0
[2023-03-05 10:37:56] [GC End] Used Block Ratio: 0.685546875 Simulator time (ns) 10843680000.0
[2023-03-05 10:37:56] Written (MB) 800 Simulator time (ns) 11284880000.0
[2023-03-05 10:37:57] [GC Start] Used Block Ratio: 0.810546875 Simulator time (ns) 11733280000.0
[2023-03-05 10:37:57] [GC End] Used Block Ratio: 0.685546875 Simulator time (ns) 11758080000.0
[2023-03-05 10:37:58] [GC Start] Used Block Ratio: 0.810546875 Simulator time (ns) 12651680000.0
[2023-03-05 10:37:58] [GC End] Used Block Ratio: 0.685546875 Simulator time (ns) 12677680000.0
[2023-03-05 10:37:58] Written (MB) 900 Simulator time (ns) 12720880000.0
[2023-03-05 10:37:58] [GC Start] Used Block Ratio: 0.8115234375 Simulator time (ns) 13568080000.0
[2023-03-05 10:37:59] [GC End] Used Block Ratio: 0.6865234375 Simulator time (ns) 13592480000.0
[2023-03-05 10:37:59] Written (MB) 1000 Simulator time (ns) 14132860000.0
[2023-03-05 10:37:59] [GC Start] Used Block Ratio: 0.8125 Simulator time (ns) 14486060000.0
[2023-03-05 10:38:00] [GC End] Used Block Ratio: 0.6875 Simulator time (ns) 14510460000.0
[2023-03-05 10:38:00] [GC Start] Used Block Ratio: 0.8134765625 Simulator time (ns) 15406460000.0
[2023-03-05 10:38:01] [GC End] Used Block Ratio: 0.6884765625 Simulator time (ns) 15431260000.0
[2023-03-05 10:38:01] Written (MB) 1100 Simulator time (ns) 15572060000.0
[2023-03-05 10:38:01] [GC Start] Used Block Ratio: 0.8134765625 Simulator time (ns) 16318060000.0
[2023-03-05 10:38:01] [GC End] Used Block Ratio: 0.6884765625 Simulator time (ns) 16343260000.0
[2023-03-05 10:38:02] Written (MB) 1200 Simulator time (ns) 16987260000.0
[2023-03-05 10:38:02] [GC Start] Used Block Ratio: 0.8125 Simulator time (ns) 17229260000.0
[2023-03-05 10:38:02] [GC End] Used Block Ratio: 0.6875 Simulator time (ns) 17254460000.0
[2023-03-05 10:38:03] [GC Start] Used Block Ratio: 0.8125 Simulator time (ns) 18140460000.0
[2023-03-05 10:38:03] [GC End] Used Block Ratio: 0.6875 Simulator time (ns) 18166060000.0
[2023-03-05 10:38:03] Written (MB) 1300 Simulator time (ns) 18426060000.0
[2023-03-05 10:38:04] [GC Start] Used Block Ratio: 0.8125 Simulator time (ns) 19060860000.0
[2023-03-05 10:38:04] [GC End] Used Block Ratio: 0.6875 Simulator time (ns) 19085660000.0
[2023-03-05 10:38:04] Written (MB) 1400 Simulator time (ns) 19842060000.0
[2023-03-05 10:38:05] [GC Start] Used Block Ratio: 0.8125 Simulator time (ns) 19972860000.0
[2023-03-05 10:38:05] [GC End] Used Block Ratio: 0.6875 Simulator time (ns) 19998460000.0
[2023-03-05 10:38:05] Stop Simulation
