/home/lily/App/pypy2.7-v7.3.11-linux64/site-packages/bidict/compat.py:33: UserWarning: Python 2 support will be dropped in a future release.
  warn('Python 2 support will be dropped in a future release.')
[2023-03-05 22:22:30] parsing traces/wdev_2.csv with MSR format
[2023-03-05 22:22:30] parsed 0 lines
[2023-03-05 22:22:31] parsed 181265 lines
[2023-03-05 22:22:31] Total warm-up events 137
[2023-03-05 22:22:31] Total active events 181266
[2023-03-05 22:22:31] initializing ssd........... dftldes
[2023-03-05 22:22:31] n_cleaners: 8
....Recorder is enabled....
[2023-03-05 22:22:34] Written (MB) 100 Simulator time (ns) 1403020000
[2023-03-05 22:22:35] Written (MB) 200 Simulator time (ns) 2790280000
[2023-03-05 22:22:36] Written (MB) 300 Simulator time (ns) 4175880000
[2023-03-05 22:22:37] Written (MB) 400 Simulator time (ns) 5566280000
[2023-03-05 22:22:37] [GC Start] Used Block Ratio: 0.80078125 Simulator time (ns) 5624680000
[2023-03-05 22:22:39] [GC End] Used Block Ratio: 0.2919921875 Simulator time (ns) 6263180000.0
[2023-03-05 22:22:40] Written (MB) 500 Simulator time (ns) 7597180000.0
[2023-03-05 22:22:41] Written (MB) 600 Simulator time (ns) 8983580000.0
[2023-03-05 22:22:42] [GC Start] Used Block Ratio: 0.80078125 Simulator time (ns) 9883180000.0
[2023-03-05 22:22:42] [GC End] Used Block Ratio: 0.2900390625 Simulator time (ns) 10498280000.0
[2023-03-05 22:22:43] Written (MB) 700 Simulator time (ns) 10990280000.0
[2023-03-05 22:22:44] Written (MB) 800 Simulator time (ns) 12375880000.0
[2023-03-05 22:22:45] Written (MB) 900 Simulator time (ns) 13763480000.0
[2023-03-05 22:22:45] [GC Start] Used Block Ratio: 0.80078125 Simulator time (ns) 14130280000.0
[2023-03-05 22:22:45] [GC End] Used Block Ratio: 0.291015625 Simulator time (ns) 14744060000.0
[2023-03-05 22:22:46] Written (MB) 1000 Simulator time (ns) 15765360000.0
[2023-03-05 22:22:47] Written (MB) 1100 Simulator time (ns) 17156160000.0
[2023-03-05 22:22:48] [GC Start] Used Block Ratio: 0.80078125 Simulator time (ns) 18367360000.0
[2023-03-05 22:22:49] [GC End] Used Block Ratio: 0.2919921875 Simulator time (ns) 19360880000.0
[2023-03-05 22:22:49] Written (MB) 1200 Simulator time (ns) 19362880000.0
[2023-03-05 22:22:50] Written (MB) 1300 Simulator time (ns) 20753280000.0
[2023-03-05 22:22:51] Written (MB) 1400 Simulator time (ns) 22144880000.0
[2023-03-05 22:22:51] Stop Simulation
