/home/lily/App/pypy2.7-v7.3.11-linux64/site-packages/bidict/compat.py:33: UserWarning: Python 2 support will be dropped in a future release.
  warn('Python 2 support will be dropped in a future release.')
[2023-03-05 10:40:32] parsing traces/wdev_2.csv with MSR format
[2023-03-05 10:40:32] parsed 0 lines
[2023-03-05 10:40:32] parsed 181265 lines
[2023-03-05 10:40:32] Total warm-up events 137
[2023-03-05 10:40:32] Total active events 181266
[2023-03-05 10:40:32] initializing ssd........... dftldes
[2023-03-05 10:40:33] n_cleaners: 8
....Recorder is enabled....
[2023-03-05 10:40:36] Written (MB) 100 Simulator time (ns) 1403020000
[2023-03-05 10:40:37] Written (MB) 200 Simulator time (ns) 2790280000
[2023-03-05 10:40:38] Written (MB) 300 Simulator time (ns) 4175880000
[2023-03-05 10:40:39] Written (MB) 400 Simulator time (ns) 5566280000
[2023-03-05 10:40:40] [GC Start] Used Block Ratio: 0.90625 Simulator time (ns) 6365880000
[2023-03-05 10:40:41] [GC End] Used Block Ratio: 0.388671875 Simulator time (ns) 6627960000.0
[2023-03-05 10:40:42] Written (MB) 500 Simulator time (ns) 7220760000.0
[2023-03-05 10:40:43] Written (MB) 600 Simulator time (ns) 8607160000.0
[2023-03-05 10:40:44] Written (MB) 700 Simulator time (ns) 9999160000.0
[2023-03-05 10:40:45] [GC Start] Used Block Ratio: 0.908203125 Simulator time (ns) 10316360000.0
[2023-03-05 10:40:45] [GC End] Used Block Ratio: 0.388671875 Simulator time (ns) 10550520000.0
[2023-03-05 10:40:46] Written (MB) 800 Simulator time (ns) 11618920000.0
[2023-03-05 10:40:47] Written (MB) 900 Simulator time (ns) 13006520000.0
[2023-03-05 10:40:48] [GC Start] Used Block Ratio: 0.9091796875 Simulator time (ns) 14255200000.0
[2023-03-05 10:40:48] [GC End] Used Block Ratio: 0.3896484375 Simulator time (ns) 14485540000.0
[2023-03-05 10:40:48] Written (MB) 1000 Simulator time (ns) 14623940000.0
[2023-03-05 10:40:49] Written (MB) 1100 Simulator time (ns) 16014740000.0
[2023-03-05 10:40:50] Written (MB) 1200 Simulator time (ns) 17405540000.0
[2023-03-05 10:40:51] [GC Start] Used Block Ratio: 0.91015625 Simulator time (ns) 18181540000.0
[2023-03-05 10:40:51] [GC End] Used Block Ratio: 0.3916015625 Simulator time (ns) 18434400000.0
[2023-03-05 10:40:51] Written (MB) 1300 Simulator time (ns) 19048000000.0
[2023-03-05 10:40:53] Written (MB) 1400 Simulator time (ns) 20439600000.0
[2023-03-05 10:40:53] Stop Simulation
