/home/lily/App/pypy2.7-v7.3.11-linux64/site-packages/bidict/compat.py:33: UserWarning: Python 2 support will be dropped in a future release.
  warn('Python 2 support will be dropped in a future release.')
[2023-03-05 22:17:14] parsing traces/wdev_2.csv with MSR format
[2023-03-05 22:17:14] parsed 0 lines
[2023-03-05 22:17:14] parsed 181265 lines
[2023-03-05 22:17:14] Total warm-up events 137
[2023-03-05 22:17:14] Total active events 181266
[2023-03-05 22:17:14] initializing ssd........... dftldes
[2023-03-05 22:17:15] n_cleaners: 8
....Recorder is enabled....
[2023-03-05 22:17:18] Written (MB) 100 Simulator time (ns) 1403020000
[2023-03-05 22:17:20] Written (MB) 200 Simulator time (ns) 2790280000
[2023-03-05 22:17:21] Written (MB) 300 Simulator time (ns) 4175880000
[2023-03-05 22:17:22] Written (MB) 400 Simulator time (ns) 5566280000
[2023-03-05 22:17:22] [GC Start] Used Block Ratio: 0.900390625 Simulator time (ns) 6329880000
[2023-03-05 22:17:23] [GC End] Used Block Ratio: 0.697265625 Simulator time (ns) 6369280000.0
[2023-03-05 22:17:24] Written (MB) 500 Simulator time (ns) 6998480000.0
[2023-03-05 22:17:25] [GC Start] Used Block Ratio: 0.900390625 Simulator time (ns) 7815280000.0
[2023-03-05 22:17:25] [GC End] Used Block Ratio: 0.697265625 Simulator time (ns) 7854680000.0
[2023-03-05 22:17:26] Written (MB) 600 Simulator time (ns) 8423880000.0
[2023-03-05 22:17:26] [GC Start] Used Block Ratio: 0.900390625 Simulator time (ns) 9299880000.0
[2023-03-05 22:17:26] [GC End] Used Block Ratio: 0.697265625 Simulator time (ns) 9339680000.0
[2023-03-05 22:17:27] Written (MB) 700 Simulator time (ns) 9855280000.0
[2023-03-05 22:17:28] [GC Start] Used Block Ratio: 0.900390625 Simulator time (ns) 10775280000.0
[2023-03-05 22:17:28] [GC End] Used Block Ratio: 0.697265625 Simulator time (ns) 10815080000.0
[2023-03-05 22:17:28] Written (MB) 800 Simulator time (ns) 11280280000.0
[2023-03-05 22:17:29] [GC Start] Used Block Ratio: 0.900390625 Simulator time (ns) 12257480000.0
[2023-03-05 22:17:29] [GC End] Used Block Ratio: 0.697265625 Simulator time (ns) 12296880000.0
[2023-03-05 22:17:30] Written (MB) 900 Simulator time (ns) 12707280000.0
[2023-03-05 22:17:30] [GC Start] Used Block Ratio: 0.900390625 Simulator time (ns) 13735280000.0
[2023-03-05 22:17:31] [GC End] Used Block Ratio: 0.697265625 Simulator time (ns) 13775080000.0
[2023-03-05 22:17:31] Written (MB) 1000 Simulator time (ns) 14133860000.0
[2023-03-05 22:17:32] [GC Start] Used Block Ratio: 0.900390625 Simulator time (ns) 15219860000.0
[2023-03-05 22:17:32] [GC End] Used Block Ratio: 0.6982421875 Simulator time (ns) 15266060000.0
[2023-03-05 22:17:32] Written (MB) 1100 Simulator time (ns) 15567260000.0
[2023-03-05 22:17:33] [GC Start] Used Block Ratio: 0.900390625 Simulator time (ns) 16713260000.0
[2023-03-05 22:17:33] [GC End] Used Block Ratio: 0.697265625 Simulator time (ns) 16753460000.0
[2023-03-05 22:17:34] Written (MB) 1200 Simulator time (ns) 16997060000.0
[2023-03-05 22:17:34] [GC Start] Used Block Ratio: 0.900390625 Simulator time (ns) 18193060000.0
[2023-03-05 22:17:35] [GC End] Used Block Ratio: 0.697265625 Simulator time (ns) 18232860000.0
[2023-03-05 22:17:35] Written (MB) 1300 Simulator time (ns) 18426460000.0
[2023-03-05 22:17:36] [GC Start] Used Block Ratio: 0.900390625 Simulator time (ns) 19678460000.0
[2023-03-05 22:17:36] [GC End] Used Block Ratio: 0.697265625 Simulator time (ns) 19719060000.0
[2023-03-05 22:17:36] Written (MB) 1400 Simulator time (ns) 19857460000.0
[2023-03-05 22:17:36] Stop Simulation
