/home/lily/App/pypy2.7-v7.3.11-linux64/site-packages/bidict/compat.py:33: UserWarning: Python 2 support will be dropped in a future release.
  warn('Python 2 support will be dropped in a future release.')
[2023-03-05 22:22:09] parsing traces/wdev_2.csv with MSR format
[2023-03-05 22:22:09] parsed 0 lines
[2023-03-05 22:22:09] parsed 181265 lines
[2023-03-05 22:22:09] Total warm-up events 137
[2023-03-05 22:22:09] Total active events 181266
[2023-03-05 22:22:09] initializing ssd........... dftldes
[2023-03-05 22:22:10] n_cleaners: 8
....Recorder is enabled....
[2023-03-05 22:22:13] Written (MB) 100 Simulator time (ns) 1403020000
[2023-03-05 22:22:14] Written (MB) 200 Simulator time (ns) 2790280000
[2023-03-05 22:22:15] Written (MB) 300 Simulator time (ns) 4175880000
[2023-03-05 22:22:16] Written (MB) 400 Simulator time (ns) 5566280000
[2023-03-05 22:22:17] [GC Start] Used Block Ratio: 0.900390625 Simulator time (ns) 6329880000
[2023-03-05 22:22:18] [GC End] Used Block Ratio: 0.294921875 Simulator time (ns) 6971540000.0
[2023-03-05 22:22:19] Written (MB) 500 Simulator time (ns) 7600740000.0
[2023-03-05 22:22:20] Written (MB) 600 Simulator time (ns) 8987140000.0
[2023-03-05 22:22:21] Written (MB) 700 Simulator time (ns) 10379140000.0
[2023-03-05 22:22:22] [GC Start] Used Block Ratio: 0.900390625 Simulator time (ns) 11272340000.0
[2023-03-05 22:22:22] [GC End] Used Block Ratio: 0.29296875 Simulator time (ns) 11889180000.0
[2023-03-05 22:22:23] Written (MB) 800 Simulator time (ns) 12380780000.0
[2023-03-05 22:22:24] Written (MB) 900 Simulator time (ns) 13768380000.0
[2023-03-05 22:22:25] Written (MB) 1000 Simulator time (ns) 15156120000.0
[2023-03-05 22:22:25] [GC Start] Used Block Ratio: 0.900390625 Simulator time (ns) 16199720000.0
[2023-03-05 22:22:26] [GC End] Used Block Ratio: 0.294921875 Simulator time (ns) 16814020000.0
[2023-03-05 22:22:26] Written (MB) 1100 Simulator time (ns) 17160420000.0
[2023-03-05 22:22:27] Written (MB) 1200 Simulator time (ns) 18551220000.0
[2023-03-05 22:22:28] Written (MB) 1300 Simulator time (ns) 19941620000.0
[2023-03-05 22:22:29] [GC Start] Used Block Ratio: 0.900390625 Simulator time (ns) 21129620000.0
[2023-03-05 22:22:30] [GC End] Used Block Ratio: 0.294921875 Simulator time (ns) 21771580000.0
[2023-03-05 22:22:30] Written (MB) 1400 Simulator time (ns) 21974380000.0
[2023-03-05 22:22:30] Stop Simulation
