/home/lily/App/pypy2.7-v7.3.11-linux64/site-packages/bidict/compat.py:33: UserWarning: Python 2 support will be dropped in a future release.
  warn('Python 2 support will be dropped in a future release.')
[2023-03-05 10:40:53] parsing traces/wdev_2.csv with MSR format
[2023-03-05 10:40:53] parsed 0 lines
[2023-03-05 10:40:53] parsed 181265 lines
[2023-03-05 10:40:53] Total warm-up events 137
[2023-03-05 10:40:53] Total active events 181266
[2023-03-05 10:40:53] initializing ssd........... dftldes
[2023-03-05 10:40:54] n_cleaners: 8
....Recorder is enabled....
[2023-03-05 10:40:57] Written (MB) 100 Simulator time (ns) 1403020000
[2023-03-05 10:40:58] Written (MB) 200 Simulator time (ns) 2790280000
[2023-03-05 10:40:59] Written (MB) 300 Simulator time (ns) 4175880000
[2023-03-05 10:41:01] Written (MB) 400 Simulator time (ns) 5566280000
[2023-03-05 10:41:01] [GC Start] Used Block Ratio: 0.8046875 Simulator time (ns) 5643080000
[2023-03-05 10:41:02] [GC End] Used Block Ratio: 0.3935546875 Simulator time (ns) 5865020000.0
[2023-03-05 10:41:04] Written (MB) 500 Simulator time (ns) 7179820000.0
[2023-03-05 10:41:05] Written (MB) 600 Simulator time (ns) 8566220000.0
[2023-03-05 10:41:05] [GC Start] Used Block Ratio: 0.806640625 Simulator time (ns) 8789420000.0
[2023-03-05 10:41:05] [GC End] Used Block Ratio: 0.3935546875 Simulator time (ns) 8990700000.0
[2023-03-05 10:41:06] Written (MB) 700 Simulator time (ns) 10158700000.0
[2023-03-05 10:41:07] Written (MB) 800 Simulator time (ns) 11544300000.0
[2023-03-05 10:41:08] [GC Start] Used Block Ratio: 0.806640625 Simulator time (ns) 11897900000.0
[2023-03-05 10:41:08] [GC End] Used Block Ratio: 0.392578125 Simulator time (ns) 12106100000.0
[2023-03-05 10:41:09] Written (MB) 900 Simulator time (ns) 13140100000.0
[2023-03-05 10:41:10] Written (MB) 1000 Simulator time (ns) 14527980000.0
[2023-03-05 10:41:10] [GC Start] Used Block Ratio: 0.8056640625 Simulator time (ns) 15031980000.0
[2023-03-05 10:41:11] [GC End] Used Block Ratio: 0.392578125 Simulator time (ns) 15239500000.0
[2023-03-05 10:41:12] Written (MB) 1100 Simulator time (ns) 16125900000.0
[2023-03-05 10:41:13] Written (MB) 1200 Simulator time (ns) 17516700000.0
[2023-03-05 10:41:13] [GC Start] Used Block Ratio: 0.806640625 Simulator time (ns) 18182700000.0
[2023-03-05 10:41:13] [GC End] Used Block Ratio: 0.384765625 Simulator time (ns) 18446580000.0
[2023-03-05 10:41:14] Written (MB) 1300 Simulator time (ns) 19170580000.0
[2023-03-05 10:41:15] Written (MB) 1400 Simulator time (ns) 20562180000.0
[2023-03-05 10:41:15] Stop Simulation
