/home/lily/App/pypy2.7-v7.3.11-linux64/site-packages/bidict/compat.py:33: UserWarning: Python 2 support will be dropped in a future release.
  warn('Python 2 support will be dropped in a future release.')
[2023-03-05 23:07:54] parsing traces/ts_0.csv with MSR format
[2023-03-05 23:07:54] parsed 0 lines
[2023-03-05 23:07:55] parsed 1000000 lines
[2023-03-05 23:07:55] parsed 1000001 lines
[2023-03-05 23:07:55] Total warm-up events 10540
[2023-03-05 23:07:55] Total active events 1000002
[2023-03-05 23:07:55] initializing ssd........... dftldes
[2023-03-05 23:07:55] n_cleaners: 8
....Recorder is enabled....
[2023-03-05 23:08:00] Written (MB) 100 Simulator time (ns) 1345620000
[2023-03-05 23:08:02] Read (MB) 100 Simulator time (ns) 2181500000
[2023-03-05 23:08:03] Written (MB) 200 Simulator time (ns) 2912240000
[2023-03-05 23:08:04] Written (MB) 300 Simulator time (ns) 4303000000
[2023-03-05 23:08:05] Read (MB) 200 Simulator time (ns) 4999160000
[2023-03-05 23:08:06] Written (MB) 400 Simulator time (ns) 5882040000
[2023-03-05 23:08:07] Written (MB) 500 Simulator time (ns) 7266460000
[2023-03-05 23:08:08] Written (MB) 600 Simulator time (ns) 8655160000
[2023-03-05 23:08:09] Written (MB) 700 Simulator time (ns) 10046180000
[2023-03-05 23:08:10] Written (MB) 800 Simulator time (ns) 11430740000
[2023-03-05 23:08:11] Written (MB) 900 Simulator time (ns) 12826480000
[2023-03-05 23:08:12] Written (MB) 1000 Simulator time (ns) 14212480000
[2023-03-05 23:08:13] Written (MB) 1100 Simulator time (ns) 15601840000
[2023-03-05 23:08:14] Written (MB) 1200 Simulator time (ns) 16988300000
[2023-03-05 23:08:14] Read (MB) 300 Simulator time (ns) 17508040000
[2023-03-05 23:08:15] Read (MB) 400 Simulator time (ns) 17668680000
[2023-03-05 23:08:16] Written (MB) 1300 Simulator time (ns) 18565840000
[2023-03-05 23:08:17] Written (MB) 1400 Simulator time (ns) 19956240000
[2023-03-05 23:08:18] Read (MB) 500 Simulator time (ns) 21111920000
[2023-03-05 23:08:18] Written (MB) 1500 Simulator time (ns) 21484540000
[2023-03-05 23:08:20] Written (MB) 1600 Simulator time (ns) 23004060000
[2023-03-05 23:08:20] Read (MB) 600 Simulator time (ns) 23690040000
[2023-03-05 23:08:21] Written (MB) 1700 Simulator time (ns) 24419440000
[2023-03-05 23:08:22] Read (MB) 700 Simulator time (ns) 25472500000
[2023-03-05 23:08:22] Written (MB) 1800 Simulator time (ns) 25948660000
[2023-03-05 23:08:23] [GC Start] Used Block Ratio: 0.900146484375 Simulator time (ns) 26410860000
[2023-03-05 23:08:26] [GC End] Used Block Ratio: 0.198486328125 Simulator time (ns) 29059780000.0
[2023-03-05 23:08:28] Written (MB) 1900 Simulator time (ns) 29982200000.0
[2023-03-05 23:08:29] Written (MB) 2000 Simulator time (ns) 31370680000.0
[2023-03-05 23:08:30] Written (MB) 2100 Simulator time (ns) 32762620000.0
[2023-03-05 23:08:31] Written (MB) 2200 Simulator time (ns) 34150420000.0
[2023-03-05 23:08:32] Written (MB) 2300 Simulator time (ns) 35539800000.0
[2023-03-05 23:08:33] Written (MB) 2400 Simulator time (ns) 36922620000.0
[2023-03-05 23:08:34] Read (MB) 800 Simulator time (ns) 37107440000.0
[2023-03-05 23:08:35] Written (MB) 2500 Simulator time (ns) 38548560000.0
[2023-03-05 23:08:36] Written (MB) 2600 Simulator time (ns) 39938840000.0
[2023-03-05 23:08:37] Written (MB) 2700 Simulator time (ns) 41330840000.0
[2023-03-05 23:08:39] Written (MB) 2800 Simulator time (ns) 42725080000.0
[2023-03-05 23:08:40] Written (MB) 2900 Simulator time (ns) 44117280000.0
[2023-03-05 23:08:41] Written (MB) 3000 Simulator time (ns) 45503940000.0
[2023-03-05 23:08:42] Written (MB) 3100 Simulator time (ns) 46904940000.0
[2023-03-05 23:08:43] Written (MB) 3200 Simulator time (ns) 48288580000.0
[2023-03-05 23:08:44] [GC Start] Used Block Ratio: 0.900146484375 Simulator time (ns) 49261720000.0
[2023-03-05 23:08:48] [GC End] Used Block Ratio: 0.199462890625 Simulator time (ns) 53196680000.0
[2023-03-05 23:08:48] Written (MB) 3300 Simulator time (ns) 53645920000.0
[2023-03-05 23:08:49] Written (MB) 3400 Simulator time (ns) 55075320000.0
[2023-03-05 23:08:50] Written (MB) 3500 Simulator time (ns) 56475960000.0
[2023-03-05 23:08:51] Written (MB) 3600 Simulator time (ns) 57856560000.0
[2023-03-05 23:08:51] Read (MB) 900 Simulator time (ns) 58173540000.0
[2023-03-05 23:08:52] Read (MB) 1000 Simulator time (ns) 58358460000.0
[2023-03-05 23:08:53] Written (MB) 3700 Simulator time (ns) 59434140000.0
[2023-03-05 23:08:54] Written (MB) 3800 Simulator time (ns) 60822940000.0
[2023-03-05 23:08:55] Written (MB) 3900 Simulator time (ns) 62211940000.0
[2023-03-05 23:08:56] Written (MB) 4000 Simulator time (ns) 63589540000.0
[2023-03-05 23:08:57] Written (MB) 4100 Simulator time (ns) 64979040000.0
[2023-03-05 23:08:59] Written (MB) 4200 Simulator time (ns) 66358240000.0
[2023-03-05 23:09:00] Written (MB) 4300 Simulator time (ns) 67734040000.0
[2023-03-05 23:09:01] Written (MB) 4400 Simulator time (ns) 69123060000.0
[2023-03-05 23:09:02] Written (MB) 4500 Simulator time (ns) 70510060000.0
[2023-03-05 23:09:03] Read (MB) 1100 Simulator time (ns) 71478480000.0
[2023-03-05 23:09:04] Read (MB) 1200 Simulator time (ns) 71874520000.0
[2023-03-05 23:09:04] Written (MB) 4600 Simulator time (ns) 72151760000.0
[2023-03-05 23:09:05] Written (MB) 4700 Simulator time (ns) 73540980000.0
[2023-03-05 23:09:05] [GC Start] Used Block Ratio: 0.900146484375 Simulator time (ns) 73608980000.0
[2023-03-05 23:09:10] [GC End] Used Block Ratio: 0.238525390625 Simulator time (ns) 78893320000.0
[2023-03-05 23:09:11] Read (MB) 1300 Simulator time (ns) 79806180000.0
[2023-03-05 23:09:11] Read (MB) 1400 Simulator time (ns) 80210320000.0
[2023-03-05 23:09:12] Written (MB) 4800 Simulator time (ns) 80516020000.0
[2023-03-05 23:09:13] Written (MB) 4900 Simulator time (ns) 81901860000.0
[2023-03-05 23:09:14] Written (MB) 5000 Simulator time (ns) 83298980000.0
[2023-03-05 23:09:15] Written (MB) 5100 Simulator time (ns) 84688240000.0
[2023-03-05 23:09:16] Written (MB) 5200 Simulator time (ns) 86076560000.0
[2023-03-05 23:09:17] Written (MB) 5300 Simulator time (ns) 87468580000.0
[2023-03-05 23:09:18] Written (MB) 5400 Simulator time (ns) 88862780000.0
[2023-03-05 23:09:19] Written (MB) 5500 Simulator time (ns) 90256380000.0
[2023-03-05 23:09:21] Written (MB) 5600 Simulator time (ns) 91646580000.0
[2023-03-05 23:09:22] Written (MB) 5700 Simulator time (ns) 93034660000.0
[2023-03-05 23:09:23] Read (MB) 1500 Simulator time (ns) 94346080000.0
[2023-03-05 23:09:24] Written (MB) 5800 Simulator time (ns) 94594560000.0
[2023-03-05 23:09:24] Read (MB) 1601 Simulator time (ns) 95281520000.0
[2023-03-05 23:09:25] Read (MB) 1701 Simulator time (ns) 95443240000.0
[2023-03-05 23:09:26] Written (MB) 5900 Simulator time (ns) 96233060000.0
[2023-03-05 23:09:27] Written (MB) 6000 Simulator time (ns) 97632460000.0
[2023-03-05 23:09:28] [GC Start] Used Block Ratio: 0.900146484375 Simulator time (ns) 98463180000.0
[2023-03-05 23:09:32] [GC End] Used Block Ratio: 0.28369140625 Simulator time (ns) 1.036109e+11
[2023-03-05 23:09:33] Written (MB) 6100 Simulator time (ns) 1.0420118e+11
[2023-03-05 23:09:34] Read (MB) 1801 Simulator time (ns) 1.0517924e+11
[2023-03-05 23:09:34] Written (MB) 6200 Simulator time (ns) 1.0574966e+11
[2023-03-05 23:09:35] Written (MB) 6300 Simulator time (ns) 1.0713566e+11
[2023-03-05 23:09:37] Written (MB) 6400 Simulator time (ns) 1.0852826e+11
[2023-03-05 23:09:38] Written (MB) 6500 Simulator time (ns) 1.0993086e+11
[2023-03-05 23:09:39] Written (MB) 6600 Simulator time (ns) 1.1132386e+11
[2023-03-05 23:09:40] Written (MB) 6700 Simulator time (ns) 1.127146e+11
[2023-03-05 23:09:41] Written (MB) 6800 Simulator time (ns) 1.141062e+11
[2023-03-05 23:09:41] Written (MB) 6900 Simulator time (ns) 1.1549894e+11
[2023-03-05 23:09:43] Written (MB) 7000 Simulator time (ns) 1.1688534e+11
[2023-03-05 23:09:43] Read (MB) 1901 Simulator time (ns) 1.1708116e+11
[2023-03-05 23:09:44] Stop Simulation
