/home/lily/App/pypy2.7-v7.3.11-linux64/site-packages/bidict/compat.py:33: UserWarning: Python 2 support will be dropped in a future release.
  warn('Python 2 support will be dropped in a future release.')
[2023-03-05 19:57:52] parsing traces/wdev_2.csv with MSR format
[2023-03-05 19:57:52] parsed 0 lines
[2023-03-05 19:57:52] parsed 181265 lines
[2023-03-05 19:57:52] Total warm-up events 137
[2023-03-05 19:57:52] Total active events 181266
[2023-03-05 19:57:52] initializing ssd........... dftldes
[2023-03-05 19:57:53] n_cleaners: 8
....Recorder is enabled....
[2023-03-05 19:57:56] Written (MB) 100 Simulator time (ns) 1403020000
[2023-03-05 19:57:57] Written (MB) 200 Simulator time (ns) 2790280000
[2023-03-05 19:57:58] [GC Start] Used Block Ratio: 0.5009765625 Simulator time (ns) 3497080000
[2023-03-05 19:57:59] [GC End] Used Block Ratio: 0.2890625 Simulator time (ns) 4207260000.0
[2023-03-05 19:58:00] Written (MB) 300 Simulator time (ns) 4886060000.0
[2023-03-05 19:58:01] [GC Start] Used Block Ratio: 0.5009765625 Simulator time (ns) 5714460000.0
[2023-03-05 19:58:01] [GC End] Used Block Ratio: 0.2919921875 Simulator time (ns) 6296720000.0
[2023-03-05 19:58:02] Written (MB) 400 Simulator time (ns) 6858320000.0
[2023-03-05 19:58:02] [GC Start] Used Block Ratio: 0.5009765625 Simulator time (ns) 7779520000.0
[2023-03-05 19:58:03] [GC End] Used Block Ratio: 0.298828125 Simulator time (ns) 8284960000.0
[2023-03-05 19:58:03] Written (MB) 500 Simulator time (ns) 8756160000.0
[2023-03-05 19:58:04] [GC Start] Used Block Ratio: 0.5009765625 Simulator time (ns) 9730160000.0
[2023-03-05 19:58:04] [GC End] Used Block Ratio: 0.298828125 Simulator time (ns) 10271660000.0
[2023-03-05 19:58:05] Written (MB) 600 Simulator time (ns) 10683260000.0
[2023-03-05 19:58:05] [GC Start] Used Block Ratio: 0.5009765625 Simulator time (ns) 11710860000.0
[2023-03-05 19:58:06] [GC End] Used Block Ratio: 0.2890625 Simulator time (ns) 12304000000.0
[2023-03-05 19:58:06] Written (MB) 700 Simulator time (ns) 12668000000.0
[2023-03-05 19:58:07] [GC Start] Used Block Ratio: 0.5009765625 Simulator time (ns) 13798000000.0
[2023-03-05 19:58:07] [GC End] Used Block Ratio: 0.2978515625 Simulator time (ns) 14303240000.0
[2023-03-05 19:58:07] Written (MB) 800 Simulator time (ns) 14558040000.0
[2023-03-05 19:58:08] [GC Start] Used Block Ratio: 0.5009765625 Simulator time (ns) 15742040000.0
[2023-03-05 19:58:08] [GC End] Used Block Ratio: 0.2998046875 Simulator time (ns) 16256460000.0
[2023-03-05 19:58:09] Written (MB) 900 Simulator time (ns) 16459260000.0
[2023-03-05 19:58:10] [GC Start] Used Block Ratio: 0.5009765625 Simulator time (ns) 17676620000.0
[2023-03-05 19:58:10] [GC End] Used Block Ratio: 0.298828125 Simulator time (ns) 18195980000.0
[2023-03-05 19:58:10] Written (MB) 1000 Simulator time (ns) 18366400000.0
[2023-03-05 19:58:11] [GC Start] Used Block Ratio: 0.5009765625 Simulator time (ns) 19625600000.0
[2023-03-05 19:58:11] [GC End] Used Block Ratio: 0.2978515625 Simulator time (ns) 20136000000.0
[2023-03-05 19:58:11] Written (MB) 1100 Simulator time (ns) 20266400000.0
[2023-03-05 19:58:12] [GC Start] Used Block Ratio: 0.5009765625 Simulator time (ns) 21581200000.0
[2023-03-05 19:58:13] [GC End] Used Block Ratio: 0.2958984375 Simulator time (ns) 22047820000.0
[2023-03-05 19:58:13] Written (MB) 1200 Simulator time (ns) 22122620000.0
[2023-03-05 19:58:14] [GC Start] Used Block Ratio: 0.5009765625 Simulator time (ns) 23501820000.0
[2023-03-05 19:58:14] [GC End] Used Block Ratio: 0.2978515625 Simulator time (ns) 23981440000.0
[2023-03-05 19:58:14] Written (MB) 1300 Simulator time (ns) 23992240000.0
[2023-03-05 19:58:15] Written (MB) 1400 Simulator time (ns) 25384240000.0
[2023-03-05 19:58:15] [GC Start] Used Block Ratio: 0.5009765625 Simulator time (ns) 25426240000.0
[2023-03-05 19:58:15] [GC End] Used Block Ratio: 0.2978515625 Simulator time (ns) 25940900000.0
[2023-03-05 19:58:16] Stop Simulation
