/home/lily/App/pypy2.7-v7.3.11-linux64/site-packages/bidict/compat.py:33: UserWarning: Python 2 support will be dropped in a future release.
  warn('Python 2 support will be dropped in a future release.')
[2023-03-05 19:55:18] parsing traces/wdev_2.csv with MSR format
[2023-03-05 19:55:18] parsed 0 lines
[2023-03-05 19:55:18] parsed 181265 lines
[2023-03-05 19:55:18] Total warm-up events 137
[2023-03-05 19:55:18] Total active events 181266
[2023-03-05 19:55:18] initializing ssd........... dftldes
[2023-03-05 19:55:19] n_cleaners: 8
....Recorder is enabled....
[2023-03-05 19:55:22] Written (MB) 100 Simulator time (ns) 1403020000
[2023-03-05 19:55:23] Written (MB) 200 Simulator time (ns) 2790280000
[2023-03-05 19:55:24] Written (MB) 300 Simulator time (ns) 4175880000
[2023-03-05 19:55:25] [GC Start] Used Block Ratio: 0.7001953125 Simulator time (ns) 4902280000
[2023-03-05 19:55:25] [GC End] Used Block Ratio: 0.3984375 Simulator time (ns) 5390280000.0
[2023-03-05 19:55:27] Written (MB) 400 Simulator time (ns) 6053480000.0
[2023-03-05 19:55:28] Written (MB) 500 Simulator time (ns) 7446280000.0
[2023-03-05 19:55:28] [GC Start] Used Block Ratio: 0.7001953125 Simulator time (ns) 7531880000.0
[2023-03-05 19:55:28] [GC End] Used Block Ratio: 0.396484375 Simulator time (ns) 8038140000.0
[2023-03-05 19:55:29] Written (MB) 600 Simulator time (ns) 9338940000.0
[2023-03-05 19:55:30] [GC Start] Used Block Ratio: 0.7001953125 Simulator time (ns) 10190140000.0
[2023-03-05 19:55:30] [GC End] Used Block Ratio: 0.396484375 Simulator time (ns) 10689040000.0
[2023-03-05 19:55:30] Written (MB) 700 Simulator time (ns) 11229040000.0
[2023-03-05 19:55:31] Written (MB) 800 Simulator time (ns) 12614640000.0
[2023-03-05 19:55:31] [GC Start] Used Block Ratio: 0.7001953125 Simulator time (ns) 12831840000.0
[2023-03-05 19:55:32] [GC End] Used Block Ratio: 0.396484375 Simulator time (ns) 13310580000.0
[2023-03-05 19:55:32] Written (MB) 900 Simulator time (ns) 14480180000.0
[2023-03-05 19:55:33] [GC Start] Used Block Ratio: 0.7001953125 Simulator time (ns) 15468180000.0
[2023-03-05 19:55:34] [GC End] Used Block Ratio: 0.396484375 Simulator time (ns) 15943660000.0
[2023-03-05 19:55:34] Written (MB) 1000 Simulator time (ns) 16344000000.0
[2023-03-05 19:55:35] Written (MB) 1100 Simulator time (ns) 17734800000.0
[2023-03-05 19:55:35] [GC Start] Used Block Ratio: 0.7001953125 Simulator time (ns) 18107200000.0
[2023-03-05 19:55:35] [GC End] Used Block Ratio: 0.396484375 Simulator time (ns) 18601640000.0
[2023-03-05 19:55:36] Written (MB) 1200 Simulator time (ns) 19619640000.0
[2023-03-05 19:55:37] [GC Start] Used Block Ratio: 0.7001953125 Simulator time (ns) 20764040000.0
[2023-03-05 19:55:37] [GC End] Used Block Ratio: 0.38671875 Simulator time (ns) 21333520000.0
[2023-03-05 19:55:37] Written (MB) 1300 Simulator time (ns) 21579120000.0
[2023-03-05 19:55:38] Written (MB) 1400 Simulator time (ns) 22970720000.0
[2023-03-05 19:55:39] Stop Simulation
