/home/lily/App/pypy2.7-v7.3.11-linux64/site-packages/bidict/compat.py:33: UserWarning: Python 2 support will be dropped in a future release.
  warn('Python 2 support will be dropped in a future release.')
[2023-03-05 10:37:22] parsing traces/wdev_2.csv with MSR format
[2023-03-05 10:37:22] parsed 0 lines
[2023-03-05 10:37:22] parsed 181265 lines
[2023-03-05 10:37:22] Total warm-up events 137
[2023-03-05 10:37:22] Total active events 181266
[2023-03-05 10:37:22] initializing ssd........... dftldes
[2023-03-05 10:37:22] n_cleaners: 8
....Recorder is enabled....
[2023-03-05 10:37:26] Written (MB) 100 Simulator time (ns) 1403020000
[2023-03-05 10:37:27] Written (MB) 200 Simulator time (ns) 2790280000
[2023-03-05 10:37:28] Written (MB) 300 Simulator time (ns) 4175880000
[2023-03-05 10:37:29] Written (MB) 400 Simulator time (ns) 5566280000
[2023-03-05 10:37:30] [GC Start] Used Block Ratio: 0.90625 Simulator time (ns) 6365880000
[2023-03-05 10:37:30] [GC End] Used Block Ratio: 0.6875 Simulator time (ns) 6408680000.0
[2023-03-05 10:37:31] Written (MB) 500 Simulator time (ns) 7001480000.0
[2023-03-05 10:37:32] [GC Start] Used Block Ratio: 0.9072265625 Simulator time (ns) 7976680000.0
[2023-03-05 10:37:32] [GC End] Used Block Ratio: 0.6884765625 Simulator time (ns) 8019080000.0
[2023-03-05 10:37:32] Written (MB) 600 Simulator time (ns) 8430280000.0
[2023-03-05 10:37:33] [GC Start] Used Block Ratio: 0.9072265625 Simulator time (ns) 9581480000.0
[2023-03-05 10:37:34] [GC End] Used Block Ratio: 0.6884765625 Simulator time (ns) 9623880000.0
[2023-03-05 10:37:34] Written (MB) 700 Simulator time (ns) 9864680000.0
[2023-03-05 10:37:35] [GC Start] Used Block Ratio: 0.912109375 Simulator time (ns) 11200280000.0
[2023-03-05 10:37:35] [GC End] Used Block Ratio: 0.693359375 Simulator time (ns) 11243080000.0
[2023-03-05 10:37:35] Written (MB) 800 Simulator time (ns) 11292680000.0
[2023-03-05 10:37:36] Written (MB) 900 Simulator time (ns) 12680280000.0
[2023-03-05 10:37:36] [GC Start] Used Block Ratio: 0.912109375 Simulator time (ns) 12803880000.0
[2023-03-05 10:37:36] [GC End] Used Block Ratio: 0.693359375 Simulator time (ns) 12846680000.0
[2023-03-05 10:37:37] Written (MB) 1000 Simulator time (ns) 14110260000.0
[2023-03-05 10:37:38] [GC Start] Used Block Ratio: 0.9140625 Simulator time (ns) 14410260000.0
[2023-03-05 10:37:38] [GC End] Used Block Ratio: 0.6796875 Simulator time (ns) 14455660000.0
[2023-03-05 10:37:39] Written (MB) 1100 Simulator time (ns) 15546460000.0
[2023-03-05 10:37:39] [GC Start] Used Block Ratio: 0.9140625 Simulator time (ns) 16124460000.0
[2023-03-05 10:37:39] [GC End] Used Block Ratio: 0.6796875 Simulator time (ns) 16171060000.0
[2023-03-05 10:37:40] Written (MB) 1200 Simulator time (ns) 16982660000.0
[2023-03-05 10:37:41] [GC Start] Used Block Ratio: 0.9140625 Simulator time (ns) 17839460000.0
[2023-03-05 10:37:41] [GC End] Used Block Ratio: 0.6796875 Simulator time (ns) 17885260000.0
[2023-03-05 10:37:41] Written (MB) 1300 Simulator time (ns) 18418460000.0
[2023-03-05 10:37:42] [GC Start] Used Block Ratio: 0.9130859375 Simulator time (ns) 19548460000.0
[2023-03-05 10:37:42] [GC End] Used Block Ratio: 0.6787109375 Simulator time (ns) 19594660000.0
[2023-03-05 10:37:42] Written (MB) 1400 Simulator time (ns) 19855060000.0
[2023-03-05 10:37:43] Stop Simulation
