/home/lily/App/pypy2.7-v7.3.11-linux64/site-packages/bidict/compat.py:33: UserWarning: Python 2 support will be dropped in a future release.
  warn('Python 2 support will be dropped in a future release.')
[2023-03-05 10:42:23] parsing traces/wdev_2.csv with MSR format
[2023-03-05 10:42:23] parsed 0 lines
[2023-03-05 10:42:23] parsed 181265 lines
[2023-03-05 10:42:23] Total warm-up events 137
[2023-03-05 10:42:23] Total active events 181266
[2023-03-05 10:42:23] initializing ssd........... dftldes
[2023-03-05 10:42:23] n_cleaners: 8
....Recorder is enabled....
[2023-03-05 10:42:26] Written (MB) 100 Simulator time (ns) 1403020000
[2023-03-05 10:42:28] Written (MB) 200 Simulator time (ns) 2790280000
[2023-03-05 10:42:28] Written (MB) 300 Simulator time (ns) 4175880000
[2023-03-05 10:42:29] Written (MB) 400 Simulator time (ns) 5566280000
[2023-03-05 10:42:30] [GC Start] Used Block Ratio: 0.90625 Simulator time (ns) 6365880000
[2023-03-05 10:42:31] [GC End] Used Block Ratio: 0.287109375 Simulator time (ns) 7038140000.0
[2023-03-05 10:42:32] Written (MB) 500 Simulator time (ns) 7630940000.0
[2023-03-05 10:42:33] Written (MB) 600 Simulator time (ns) 9017340000.0
[2023-03-05 10:42:34] Written (MB) 700 Simulator time (ns) 10409340000.0
[2023-03-05 10:42:35] [GC Start] Used Block Ratio: 0.9091796875 Simulator time (ns) 11445740000.0
[2023-03-05 10:42:36] [GC End] Used Block Ratio: 0.287109375 Simulator time (ns) 12097020000.0
[2023-03-05 10:42:36] Written (MB) 800 Simulator time (ns) 12445420000.0
[2023-03-05 10:42:37] Written (MB) 900 Simulator time (ns) 13833020000.0
[2023-03-05 10:42:38] Written (MB) 1000 Simulator time (ns) 15220740000.0
[2023-03-05 10:42:39] [GC Start] Used Block Ratio: 0.91015625 Simulator time (ns) 16510740000.0
[2023-03-05 10:42:39] [GC End] Used Block Ratio: 0.2890625 Simulator time (ns) 17148880000.0
[2023-03-05 10:42:40] Written (MB) 1100 Simulator time (ns) 17248880000.0
[2023-03-05 10:42:40] Written (MB) 1200 Simulator time (ns) 18639680000.0
[2023-03-05 10:42:41] Written (MB) 1300 Simulator time (ns) 20030080000.0
[2023-03-05 10:42:42] Written (MB) 1400 Simulator time (ns) 21421680000.0
[2023-03-05 10:42:43] [GC Start] Used Block Ratio: 0.91015625 Simulator time (ns) 21562080000.0
[2023-03-05 10:42:43] [GC End] Used Block Ratio: 0.291015625 Simulator time (ns) 22226040000.0
[2023-03-05 10:42:44] Stop Simulation
