/home/lily/App/pypy2.7-v7.3.11-linux64/site-packages/bidict/compat.py:33: UserWarning: Python 2 support will be dropped in a future release.
  warn('Python 2 support will be dropped in a future release.')
[2023-03-05 20:13:20] parsing traces/ts_0.csv with MSR format
[2023-03-05 20:13:20] parsed 0 lines
[2023-03-05 20:13:21] parsed 1000000 lines
[2023-03-05 20:13:21] parsed 1000001 lines
[2023-03-05 20:13:21] Total warm-up events 10540
[2023-03-05 20:13:21] Total active events 1000002
[2023-03-05 20:13:21] initializing ssd........... dftldes
[2023-03-05 20:13:21] n_cleaners: 8
....Recorder is enabled....
[2023-03-05 20:13:26] Written (MB) 100 Simulator time (ns) 1345620000
[2023-03-05 20:13:28] Read (MB) 100 Simulator time (ns) 2181500000
[2023-03-05 20:13:29] Written (MB) 200 Simulator time (ns) 2912240000
[2023-03-05 20:13:30] Written (MB) 300 Simulator time (ns) 4303000000
[2023-03-05 20:13:31] Read (MB) 200 Simulator time (ns) 4999160000
[2023-03-05 20:13:32] Written (MB) 400 Simulator time (ns) 5882040000
[2023-03-05 20:13:33] Written (MB) 500 Simulator time (ns) 7266460000
[2023-03-05 20:13:34] Written (MB) 600 Simulator time (ns) 8655160000
[2023-03-05 20:13:35] Written (MB) 700 Simulator time (ns) 10046180000
[2023-03-05 20:13:36] Written (MB) 800 Simulator time (ns) 11430740000
[2023-03-05 20:13:37] Written (MB) 900 Simulator time (ns) 12826480000
[2023-03-05 20:13:38] Written (MB) 1000 Simulator time (ns) 14212480000
[2023-03-05 20:13:39] Written (MB) 1100 Simulator time (ns) 15601840000
[2023-03-05 20:13:40] Written (MB) 1200 Simulator time (ns) 16988300000
[2023-03-05 20:13:40] Read (MB) 300 Simulator time (ns) 17508040000
[2023-03-05 20:13:41] Read (MB) 400 Simulator time (ns) 17668680000
[2023-03-05 20:13:41] Written (MB) 1300 Simulator time (ns) 18565840000
[2023-03-05 20:13:43] Written (MB) 1400 Simulator time (ns) 19956240000
[2023-03-05 20:13:44] Read (MB) 500 Simulator time (ns) 21111920000
[2023-03-05 20:13:44] Written (MB) 1500 Simulator time (ns) 21484540000
[2023-03-05 20:13:46] Written (MB) 1600 Simulator time (ns) 23004060000
[2023-03-05 20:13:46] Read (MB) 600 Simulator time (ns) 23690040000
[2023-03-05 20:13:47] Written (MB) 1700 Simulator time (ns) 24419440000
[2023-03-05 20:13:48] Read (MB) 700 Simulator time (ns) 25472500000
[2023-03-05 20:13:48] Written (MB) 1800 Simulator time (ns) 25948660000
[2023-03-05 20:13:49] [GC Start] Used Block Ratio: 0.900146484375 Simulator time (ns) 26410860000
[2023-03-05 20:13:51] [GC End] Used Block Ratio: 0.496826171875 Simulator time (ns) 29008840000.0
[2023-03-05 20:13:53] Written (MB) 1900 Simulator time (ns) 29931440000.0
[2023-03-05 20:13:54] Written (MB) 2000 Simulator time (ns) 31319960000.0
[2023-03-05 20:13:55] Written (MB) 2100 Simulator time (ns) 32711900000.0
[2023-03-05 20:13:56] Written (MB) 2200 Simulator time (ns) 34099700000.0
[2023-03-05 20:13:57] Written (MB) 2300 Simulator time (ns) 35489040000.0
[2023-03-05 20:13:58] Written (MB) 2400 Simulator time (ns) 36871860000.0
[2023-03-05 20:13:59] Read (MB) 800 Simulator time (ns) 37057060000.0
[2023-03-05 20:14:00] Written (MB) 2500 Simulator time (ns) 38498720000.0
[2023-03-05 20:14:02] Written (MB) 2600 Simulator time (ns) 39888860000.0
[2023-03-05 20:14:03] [GC Start] Used Block Ratio: 0.900146484375 Simulator time (ns) 40715100000.0
[2023-03-05 20:14:04] [GC End] Used Block Ratio: 0.4970703125 Simulator time (ns) 43492620000.0
[2023-03-05 20:14:05] Written (MB) 2700 Simulator time (ns) 44057220000.0
[2023-03-05 20:14:06] Written (MB) 2800 Simulator time (ns) 45451580000.0
[2023-03-05 20:14:07] Written (MB) 2900 Simulator time (ns) 46842940000.0
[2023-03-05 20:14:08] Written (MB) 3000 Simulator time (ns) 48229560000.0
[2023-03-05 20:14:09] Written (MB) 3100 Simulator time (ns) 49630600000.0
[2023-03-05 20:14:10] Written (MB) 3200 Simulator time (ns) 51014200000.0
[2023-03-05 20:14:11] Written (MB) 3300 Simulator time (ns) 52437740000.0
[2023-03-05 20:14:13] Written (MB) 3400 Simulator time (ns) 53867140000.0
[2023-03-05 20:14:14] [GC Start] Used Block Ratio: 0.900146484375 Simulator time (ns) 55054380000.0
[2023-03-05 20:14:15] [GC End] Used Block Ratio: 0.498779296875 Simulator time (ns) 57846780000.0
[2023-03-05 20:14:15] Written (MB) 3500 Simulator time (ns) 58059380000.0
[2023-03-05 20:14:16] Written (MB) 3600 Simulator time (ns) 59439980000.0
[2023-03-05 20:14:17] Read (MB) 900 Simulator time (ns) 59756800000.0
[2023-03-05 20:14:17] Read (MB) 1000 Simulator time (ns) 59941480000.0
[2023-03-05 20:14:18] Written (MB) 3700 Simulator time (ns) 61017400000.0
[2023-03-05 20:14:19] Written (MB) 3800 Simulator time (ns) 62406240000.0
[2023-03-05 20:14:20] Written (MB) 3900 Simulator time (ns) 63795100000.0
[2023-03-05 20:14:21] Written (MB) 4000 Simulator time (ns) 65172700000.0
[2023-03-05 20:14:23] Written (MB) 4100 Simulator time (ns) 66562000000.0
[2023-03-05 20:14:24] Written (MB) 4200 Simulator time (ns) 67941200000.0
[2023-03-05 20:14:25] Written (MB) 4300 Simulator time (ns) 69317000000.0
[2023-03-05 20:14:25] [GC Start] Used Block Ratio: 0.900146484375 Simulator time (ns) 69399000000.0
[2023-03-05 20:14:27] [GC End] Used Block Ratio: 0.49951171875 Simulator time (ns) 72163160000.0
[2023-03-05 20:14:28] Written (MB) 4400 Simulator time (ns) 73469720000.0
[2023-03-05 20:14:29] Written (MB) 4500 Simulator time (ns) 74856720000.0
[2023-03-05 20:14:30] Read (MB) 1100 Simulator time (ns) 75826500000.0
[2023-03-05 20:14:30] Read (MB) 1200 Simulator time (ns) 76222440000.0
[2023-03-05 20:14:31] Written (MB) 4600 Simulator time (ns) 76501620000.0
[2023-03-05 20:14:32] Written (MB) 4700 Simulator time (ns) 77890840000.0
[2023-03-05 20:14:33] Read (MB) 1300 Simulator time (ns) 78871200000.0
[2023-03-05 20:14:34] Read (MB) 1400 Simulator time (ns) 79274280000.0
[2023-03-05 20:14:34] Written (MB) 4800 Simulator time (ns) 79579980000.0
[2023-03-05 20:14:35] Written (MB) 4900 Simulator time (ns) 80965600000.0
[2023-03-05 20:14:36] Written (MB) 5000 Simulator time (ns) 82358820000.0
[2023-03-05 20:14:37] Written (MB) 5100 Simulator time (ns) 83748060000.0
[2023-03-05 20:14:38] [GC Start] Used Block Ratio: 0.900146484375 Simulator time (ns) 84115660000.0
[2023-03-05 20:14:39] [GC End] Used Block Ratio: 0.496337890625 Simulator time (ns) 86848480000.0
[2023-03-05 20:14:40] Written (MB) 5200 Simulator time (ns) 87868380000.0
[2023-03-05 20:14:41] Written (MB) 5300 Simulator time (ns) 89260340000.0
[2023-03-05 20:14:42] Written (MB) 5400 Simulator time (ns) 90654620000.0
[2023-03-05 20:14:43] Written (MB) 5500 Simulator time (ns) 92047060000.0
[2023-03-05 20:14:44] Written (MB) 5600 Simulator time (ns) 93437300000.0
[2023-03-05 20:14:45] Written (MB) 5700 Simulator time (ns) 94825380000.0
[2023-03-05 20:14:46] Read (MB) 1500 Simulator time (ns) 96144160000.0
[2023-03-05 20:14:47] Written (MB) 5800 Simulator time (ns) 96392660000.0
[2023-03-05 20:14:48] Read (MB) 1601 Simulator time (ns) 97079360000.0
[2023-03-05 20:14:48] Read (MB) 1701 Simulator time (ns) 97239000000.0
[2023-03-05 20:14:49] Written (MB) 5900 Simulator time (ns) 98028560000.0
[2023-03-05 20:14:50] [GC Start] Used Block Ratio: 0.900146484375 Simulator time (ns) 98768760000.0
[2023-03-05 20:14:51] [GC End] Used Block Ratio: 0.4970703125 Simulator time (ns) 1.0152182e+11
[2023-03-05 20:14:52] Written (MB) 6000 Simulator time (ns) 1.0218062e+11
[2023-03-05 20:14:53] Written (MB) 6100 Simulator time (ns) 1.0360398e+11
[2023-03-05 20:14:54] Read (MB) 1801 Simulator time (ns) 1.0457318e+11
[2023-03-05 20:14:54] Written (MB) 6200 Simulator time (ns) 1.051438e+11
[2023-03-05 20:14:55] Written (MB) 6300 Simulator time (ns) 1.065298e+11
[2023-03-05 20:14:56] Written (MB) 6400 Simulator time (ns) 1.079224e+11
[2023-03-05 20:14:57] Written (MB) 6500 Simulator time (ns) 1.0932288e+11
[2023-03-05 20:14:58] Written (MB) 6600 Simulator time (ns) 1.107159e+11
[2023-03-05 20:14:59] Written (MB) 6700 Simulator time (ns) 1.1210678e+11
[2023-03-05 20:15:00] [GC Start] Used Block Ratio: 0.900146484375 Simulator time (ns) 1.1320398e+11
[2023-03-05 20:15:02] [GC End] Used Block Ratio: 0.4990234375 Simulator time (ns) 1.1611722e+11
[2023-03-05 20:15:02] Written (MB) 6800 Simulator time (ns) 1.1641022e+11
[2023-03-05 20:15:03] Written (MB) 6900 Simulator time (ns) 1.178027e+11
[2023-03-05 20:15:04] Written (MB) 7000 Simulator time (ns) 1.191889e+11
[2023-03-05 20:15:05] Read (MB) 1901 Simulator time (ns) 1.1938366e+11
[2023-03-05 20:15:06] Stop Simulation
