/home/lily/App/pypy2.7-v7.3.11-linux64/site-packages/bidict/compat.py:33: UserWarning: Python 2 support will be dropped in a future release.
  warn('Python 2 support will be dropped in a future release.')
[2023-03-05 10:47:45] parsing traces/ts_0.csv with MSR format
[2023-03-05 10:47:45] parsed 0 lines
[2023-03-05 10:47:46] parsed 1000000 lines
[2023-03-05 10:47:46] parsed 1000001 lines
[2023-03-05 10:47:46] Total warm-up events 10540
[2023-03-05 10:47:46] Total active events 1000002
[2023-03-05 10:47:46] initializing ssd........... dftldes
[2023-03-05 10:47:46] n_cleaners: 8
....Recorder is enabled....
[2023-03-05 10:47:51] Written (MB) 100 Simulator time (ns) 1345620000
[2023-03-05 10:47:53] Read (MB) 100 Simulator time (ns) 2181500000
[2023-03-05 10:47:54] Written (MB) 200 Simulator time (ns) 2912240000
[2023-03-05 10:47:55] Written (MB) 300 Simulator time (ns) 4303000000
[2023-03-05 10:47:56] Read (MB) 200 Simulator time (ns) 4999160000
[2023-03-05 10:47:57] Written (MB) 400 Simulator time (ns) 5882040000
[2023-03-05 10:47:59] Written (MB) 500 Simulator time (ns) 7266460000
[2023-03-05 10:48:00] Written (MB) 600 Simulator time (ns) 8655160000
[2023-03-05 10:48:01] Written (MB) 700 Simulator time (ns) 10046180000
[2023-03-05 10:48:02] Written (MB) 800 Simulator time (ns) 11430740000
[2023-03-05 10:48:03] Written (MB) 900 Simulator time (ns) 12826480000
[2023-03-05 10:48:04] Written (MB) 1000 Simulator time (ns) 14212480000
[2023-03-05 10:48:05] Written (MB) 1100 Simulator time (ns) 15601840000
[2023-03-05 10:48:06] Written (MB) 1200 Simulator time (ns) 16988300000
[2023-03-05 10:48:07] Read (MB) 300 Simulator time (ns) 17508040000
[2023-03-05 10:48:08] Read (MB) 400 Simulator time (ns) 17668680000
[2023-03-05 10:48:08] Written (MB) 1300 Simulator time (ns) 18565840000
[2023-03-05 10:48:09] Written (MB) 1400 Simulator time (ns) 19956240000
[2023-03-05 10:48:11] Read (MB) 500 Simulator time (ns) 21111920000
[2023-03-05 10:48:11] Written (MB) 1500 Simulator time (ns) 21484540000
[2023-03-05 10:48:13] Written (MB) 1600 Simulator time (ns) 23004060000
[2023-03-05 10:48:13] Read (MB) 600 Simulator time (ns) 23690040000
[2023-03-05 10:48:14] Written (MB) 1700 Simulator time (ns) 24419440000
[2023-03-05 10:48:15] Read (MB) 700 Simulator time (ns) 25472500000
[2023-03-05 10:48:16] Written (MB) 1800 Simulator time (ns) 25948660000
[2023-03-05 10:48:16] [GC Start] Used Block Ratio: 0.901123046875 Simulator time (ns) 26429260000
[2023-03-05 10:48:17] [GC End] Used Block Ratio: 0.796142578125 Simulator time (ns) 26595080000.0
[2023-03-05 10:48:19] Written (MB) 1900 Simulator time (ns) 27499100000.0
[2023-03-05 10:48:20] Written (MB) 2000 Simulator time (ns) 28887580000.0
[2023-03-05 10:48:21] [GC Start] Used Block Ratio: 0.901123046875 Simulator time (ns) 29563940000.0
[2023-03-05 10:48:22] [GC End] Used Block Ratio: 0.797607421875 Simulator time (ns) 29782300000.0
[2023-03-05 10:48:23] Written (MB) 2100 Simulator time (ns) 30497520000.0
[2023-03-05 10:48:24] Written (MB) 2200 Simulator time (ns) 31885160000.0
[2023-03-05 10:48:25] [GC Start] Used Block Ratio: 0.90087890625 Simulator time (ns) 32712560000.0
[2023-03-05 10:48:25] [GC End] Used Block Ratio: 0.797607421875 Simulator time (ns) 32982460000.0
[2023-03-05 10:48:26] Written (MB) 2300 Simulator time (ns) 33544100000.0
[2023-03-05 10:48:27] Written (MB) 2400 Simulator time (ns) 34926920000.0
[2023-03-05 10:48:28] Read (MB) 800 Simulator time (ns) 35112180000.0
[2023-03-05 10:48:29] [GC Start] Used Block Ratio: 0.90087890625 Simulator time (ns) 36145400000.0
[2023-03-05 10:48:30] [GC End] Used Block Ratio: 0.798095703125 Simulator time (ns) 36384300000.0
[2023-03-05 10:48:30] Written (MB) 2500 Simulator time (ns) 36792300000.0
[2023-03-05 10:48:31] Written (MB) 2600 Simulator time (ns) 38182440000.0
[2023-03-05 10:48:32] [GC Start] Used Block Ratio: 0.901123046875 Simulator time (ns) 39315480000.0
[2023-03-05 10:48:33] [GC End] Used Block Ratio: 0.795166015625 Simulator time (ns) 39615300000.0
[2023-03-05 10:48:33] Written (MB) 2700 Simulator time (ns) 39873900000.0
[2023-03-05 10:48:34] Written (MB) 2800 Simulator time (ns) 41268260000.0
[2023-03-05 10:48:36] [GC Start] Used Block Ratio: 0.90087890625 Simulator time (ns) 42617760000.0
[2023-03-05 10:48:36] [GC End] Used Block Ratio: 0.797607421875 Simulator time (ns) 42870780000.0
[2023-03-05 10:48:36] Written (MB) 2900 Simulator time (ns) 42912380000.0
[2023-03-05 10:48:37] Written (MB) 3000 Simulator time (ns) 44299000000.0
[2023-03-05 10:48:38] Written (MB) 3100 Simulator time (ns) 45699980000.0
[2023-03-05 10:48:39] [GC Start] Used Block Ratio: 0.900634765625 Simulator time (ns) 45788580000.0
[2023-03-05 10:48:39] [GC End] Used Block Ratio: 0.798095703125 Simulator time (ns) 46089780000.0
[2023-03-05 10:48:40] Written (MB) 3200 Simulator time (ns) 47383620000.0
[2023-03-05 10:48:42] Written (MB) 3300 Simulator time (ns) 48805460000.0
[2023-03-05 10:48:42] [GC Start] Used Block Ratio: 0.900634765625 Simulator time (ns) 49037580000.0
[2023-03-05 10:48:43] [GC End] Used Block Ratio: 0.795166015625 Simulator time (ns) 49356340000.0
[2023-03-05 10:48:44] Written (MB) 3400 Simulator time (ns) 50552880000.0
[2023-03-05 10:48:45] Written (MB) 3500 Simulator time (ns) 51953420000.0
[2023-03-05 10:48:46] [GC Start] Used Block Ratio: 0.900634765625 Simulator time (ns) 52379620000.0
[2023-03-05 10:48:46] [GC End] Used Block Ratio: 0.7978515625 Simulator time (ns) 52652780000.0
[2023-03-05 10:48:47] Written (MB) 3600 Simulator time (ns) 53606420000.0
[2023-03-05 10:48:47] Read (MB) 900 Simulator time (ns) 53923400000.0
[2023-03-05 10:48:48] Read (MB) 1000 Simulator time (ns) 54107940000.0
[2023-03-05 10:48:49] Written (MB) 3700 Simulator time (ns) 55183620000.0
[2023-03-05 10:48:49] [GC Start] Used Block Ratio: 0.900390625 Simulator time (ns) 55737020000.0
[2023-03-05 10:48:50] [GC End] Used Block Ratio: 0.798828125 Simulator time (ns) 56011080000.0
[2023-03-05 10:48:50] Written (MB) 3800 Simulator time (ns) 56846080000.0
[2023-03-05 10:48:52] Written (MB) 3900 Simulator time (ns) 58235040000.0
[2023-03-05 10:48:52] [GC Start] Used Block Ratio: 0.900390625 Simulator time (ns) 58900240000.0
[2023-03-05 10:48:53] [GC End] Used Block Ratio: 0.798828125 Simulator time (ns) 59195680000.0
[2023-03-05 10:48:53] Written (MB) 4000 Simulator time (ns) 59907280000.0
[2023-03-05 10:48:55] Written (MB) 4100 Simulator time (ns) 61296780000.0
[2023-03-05 10:48:56] [GC Start] Used Block Ratio: 0.90087890625 Simulator time (ns) 62078780000.0
[2023-03-05 10:48:56] [GC End] Used Block Ratio: 0.7958984375 Simulator time (ns) 62414160000.0
[2023-03-05 10:48:57] Written (MB) 4200 Simulator time (ns) 63010960000.0
[2023-03-05 10:48:58] Written (MB) 4300 Simulator time (ns) 64386760000.0
[2023-03-05 10:48:59] [GC Start] Used Block Ratio: 0.901123046875 Simulator time (ns) 65397880000.0
[2023-03-05 10:49:00] [GC End] Used Block Ratio: 0.79638671875 Simulator time (ns) 65709700000.0
[2023-03-05 10:49:00] Written (MB) 4400 Simulator time (ns) 66087300000.0
[2023-03-05 10:49:01] Written (MB) 4500 Simulator time (ns) 67474300000.0
[2023-03-05 10:49:02] Read (MB) 1100 Simulator time (ns) 68443780000.0
[2023-03-05 10:49:03] Read (MB) 1200 Simulator time (ns) 68839320000.0
[2023-03-05 10:49:04] [GC Start] Used Block Ratio: 0.9013671875 Simulator time (ns) 68928300000.0
[2023-03-05 10:49:04] [GC End] Used Block Ratio: 0.796142578125 Simulator time (ns) 69231960000.0
[2023-03-05 10:49:05] Written (MB) 4600 Simulator time (ns) 69419720000.0
[2023-03-05 10:49:06] Written (MB) 4700 Simulator time (ns) 70808860000.0
[2023-03-05 10:49:07] Read (MB) 1300 Simulator time (ns) 71788580000.0
[2023-03-05 10:49:07] Read (MB) 1400 Simulator time (ns) 72192160000.0
[2023-03-05 10:49:08] Written (MB) 4800 Simulator time (ns) 72497980000.0
[2023-03-05 10:49:08] [GC Start] Used Block Ratio: 0.90185546875 Simulator time (ns) 72559980000.0
[2023-03-05 10:49:09] [GC End] Used Block Ratio: 0.79638671875 Simulator time (ns) 72872180000.0
[2023-03-05 10:49:10] Written (MB) 4900 Simulator time (ns) 74195440000.0
[2023-03-05 10:49:11] Written (MB) 5000 Simulator time (ns) 75588860000.0
[2023-03-05 10:49:12] [GC Start] Used Block Ratio: 0.902099609375 Simulator time (ns) 75864880000.0
[2023-03-05 10:49:12] [GC End] Used Block Ratio: 0.796630859375 Simulator time (ns) 76204240000.0
[2023-03-05 10:49:13] Written (MB) 5100 Simulator time (ns) 77317400000.0
[2023-03-05 10:49:14] Written (MB) 5200 Simulator time (ns) 78705680000.0
[2023-03-05 10:49:15] [GC Start] Used Block Ratio: 0.901123046875 Simulator time (ns) 79169680000.0
[2023-03-05 10:49:15] [GC End] Used Block Ratio: 0.796630859375 Simulator time (ns) 79510160000.0
[2023-03-05 10:49:16] Written (MB) 5300 Simulator time (ns) 80437160000.0
[2023-03-05 10:49:17] Written (MB) 5400 Simulator time (ns) 81831240000.0
[2023-03-05 10:49:18] [GC Start] Used Block Ratio: 0.90087890625 Simulator time (ns) 82494640000.0
[2023-03-05 10:49:19] [GC End] Used Block Ratio: 0.79541015625 Simulator time (ns) 82844860000.0
[2023-03-05 10:49:19] Written (MB) 5500 Simulator time (ns) 83572860000.0
[2023-03-05 10:49:20] Written (MB) 5600 Simulator time (ns) 84963060000.0
[2023-03-05 10:49:21] [GC Start] Used Block Ratio: 0.900390625 Simulator time (ns) 85816940000.0
[2023-03-05 10:49:22] [GC End] Used Block Ratio: 0.795654296875 Simulator time (ns) 86144420000.0
[2023-03-05 10:49:22] Written (MB) 5700 Simulator time (ns) 86678220000.0
[2023-03-05 10:49:24] Read (MB) 1500 Simulator time (ns) 87988020000.0
[2023-03-05 10:49:24] Written (MB) 5800 Simulator time (ns) 88236140000.0
[2023-03-05 10:49:25] Read (MB) 1601 Simulator time (ns) 88922560000.0
[2023-03-05 10:49:26] Read (MB) 1701 Simulator time (ns) 89082100000.0
[2023-03-05 10:49:27] [GC Start] Used Block Ratio: 0.90087890625 Simulator time (ns) 89546960000.0
[2023-03-05 10:49:27] [GC End] Used Block Ratio: 0.7958984375 Simulator time (ns) 89878680000.0
[2023-03-05 10:49:27] Written (MB) 5900 Simulator time (ns) 90203080000.0
[2023-03-05 10:49:28] Written (MB) 6000 Simulator time (ns) 91602480000.0
[2023-03-05 10:49:30] [GC Start] Used Block Ratio: 0.9013671875 Simulator time (ns) 92920340000.0
[2023-03-05 10:49:30] [GC End] Used Block Ratio: 0.797607421875 Simulator time (ns) 93287400000.0
[2023-03-05 10:49:30] Written (MB) 6100 Simulator time (ns) 93390600000.0
[2023-03-05 10:49:32] Read (MB) 1801 Simulator time (ns) 94359540000.0
[2023-03-05 10:49:32] Written (MB) 6200 Simulator time (ns) 94930000000.0
[2023-03-05 10:49:33] Written (MB) 6300 Simulator time (ns) 96316040000.0
[2023-03-05 10:49:34] [GC Start] Used Block Ratio: 0.9013671875 Simulator time (ns) 96380840000.0
[2023-03-05 10:49:34] [GC End] Used Block Ratio: 0.79833984375 Simulator time (ns) 96769540000.0
[2023-03-05 10:49:36] Written (MB) 6400 Simulator time (ns) 98097140000.0
[2023-03-05 10:49:37] Written (MB) 6500 Simulator time (ns) 99497580000.0
[2023-03-05 10:49:37] [GC Start] Used Block Ratio: 0.9013671875 Simulator time (ns) 99706780000.0
[2023-03-05 10:49:38] [GC End] Used Block Ratio: 0.79638671875 Simulator time (ns) 1.0003444e+11
[2023-03-05 10:49:39] Written (MB) 6600 Simulator time (ns) 1.0121764e+11
[2023-03-05 10:49:40] Written (MB) 6700 Simulator time (ns) 1.026084e+11
[2023-03-05 10:49:40] [GC Start] Used Block Ratio: 0.901611328125 Simulator time (ns) 1.03027e+11
[2023-03-05 10:49:41] [GC End] Used Block Ratio: 0.796875 Simulator time (ns) 1.0339986e+11
[2023-03-05 10:49:42] Written (MB) 6800 Simulator time (ns) 1.0437126e+11
[2023-03-05 10:49:43] Written (MB) 6900 Simulator time (ns) 1.057639e+11
[2023-03-05 10:49:44] [GC Start] Used Block Ratio: 0.9013671875 Simulator time (ns) 1.063673e+11
[2023-03-05 10:49:44] [GC End] Used Block Ratio: 0.79638671875 Simulator time (ns) 1.0671946e+11
[2023-03-05 10:49:45] Written (MB) 7000 Simulator time (ns) 1.0750206e+11
[2023-03-05 10:49:46] Read (MB) 1901 Simulator time (ns) 1.0769672e+11
[2023-03-05 10:49:47] Stop Simulation
