/home/lily/App/pypy2.7-v7.3.11-linux64/site-packages/bidict/compat.py:33: UserWarning: Python 2 support will be dropped in a future release.
  warn('Python 2 support will be dropped in a future release.')
[2023-03-05 22:46:29] parsing traces/ts_0.csv with MSR format
[2023-03-05 22:46:29] parsed 0 lines
[2023-03-05 22:46:30] parsed 1000000 lines
[2023-03-05 22:46:30] parsed 1000001 lines
[2023-03-05 22:46:30] Total warm-up events 10540
[2023-03-05 22:46:30] Total active events 1000002
[2023-03-05 22:46:30] initializing ssd........... dftldes
[2023-03-05 22:46:30] n_cleaners: 8
....Recorder is enabled....
[2023-03-05 22:46:35] Written (MB) 100 Simulator time (ns) 1345620000
[2023-03-05 22:46:37] Read (MB) 100 Simulator time (ns) 2181500000
[2023-03-05 22:46:38] Written (MB) 200 Simulator time (ns) 2912240000
[2023-03-05 22:46:39] Written (MB) 300 Simulator time (ns) 4303000000
[2023-03-05 22:46:40] Read (MB) 200 Simulator time (ns) 4999160000
[2023-03-05 22:46:41] Written (MB) 400 Simulator time (ns) 5882040000
[2023-03-05 22:46:43] Written (MB) 500 Simulator time (ns) 7266460000
[2023-03-05 22:46:44] Written (MB) 600 Simulator time (ns) 8655160000
[2023-03-05 22:46:45] Written (MB) 700 Simulator time (ns) 10046180000
[2023-03-05 22:46:46] Written (MB) 800 Simulator time (ns) 11430740000
[2023-03-05 22:46:47] Written (MB) 900 Simulator time (ns) 12826480000
[2023-03-05 22:46:48] Written (MB) 1000 Simulator time (ns) 14212480000
[2023-03-05 22:46:49] Written (MB) 1100 Simulator time (ns) 15601840000
[2023-03-05 22:46:50] Written (MB) 1200 Simulator time (ns) 16988300000
[2023-03-05 22:46:51] Read (MB) 300 Simulator time (ns) 17508040000
[2023-03-05 22:46:51] Read (MB) 400 Simulator time (ns) 17668680000
[2023-03-05 22:46:52] Written (MB) 1300 Simulator time (ns) 18565840000
[2023-03-05 22:46:53] Written (MB) 1400 Simulator time (ns) 19956240000
[2023-03-05 22:46:54] Read (MB) 500 Simulator time (ns) 21111920000
[2023-03-05 22:46:55] Written (MB) 1500 Simulator time (ns) 21484540000
[2023-03-05 22:46:56] Written (MB) 1600 Simulator time (ns) 23004060000
[2023-03-05 22:46:57] Read (MB) 600 Simulator time (ns) 23690040000
[2023-03-05 22:46:57] Written (MB) 1700 Simulator time (ns) 24419440000
[2023-03-05 22:46:59] Read (MB) 700 Simulator time (ns) 25472500000
[2023-03-05 22:46:59] Written (MB) 1800 Simulator time (ns) 25948660000
[2023-03-05 22:47:00] [GC Start] Used Block Ratio: 0.900146484375 Simulator time (ns) 26410860000
[2023-03-05 22:47:02] [GC End] Used Block Ratio: 0.39990234375 Simulator time (ns) 27753660000.0
[2023-03-05 22:47:04] Written (MB) 1900 Simulator time (ns) 28676300000.0
[2023-03-05 22:47:05] Written (MB) 2000 Simulator time (ns) 30064860000.0
[2023-03-05 22:47:06] Written (MB) 2100 Simulator time (ns) 31456800000.0
[2023-03-05 22:47:07] Written (MB) 2200 Simulator time (ns) 32844400000.0
[2023-03-05 22:47:08] Written (MB) 2300 Simulator time (ns) 34233560000.0
[2023-03-05 22:47:09] Written (MB) 2400 Simulator time (ns) 35616380000.0
[2023-03-05 22:47:10] Read (MB) 800 Simulator time (ns) 35801100000.0
[2023-03-05 22:47:11] Written (MB) 2500 Simulator time (ns) 37242400000.0
[2023-03-05 22:47:12] Written (MB) 2600 Simulator time (ns) 38632560000.0
[2023-03-05 22:47:14] Written (MB) 2700 Simulator time (ns) 40024380000.0
[2023-03-05 22:47:15] Written (MB) 2800 Simulator time (ns) 41418940000.0
[2023-03-05 22:47:15] [GC Start] Used Block Ratio: 0.900146484375 Simulator time (ns) 42222040000.0
[2023-03-05 22:47:17] [GC End] Used Block Ratio: 0.39794921875 Simulator time (ns) 43749680000.0
[2023-03-05 22:47:18] Written (MB) 2900 Simulator time (ns) 44336580000.0
[2023-03-05 22:47:19] Written (MB) 3000 Simulator time (ns) 45723200000.0
[2023-03-05 22:47:20] Written (MB) 3100 Simulator time (ns) 47124140000.0
[2023-03-05 22:47:21] Written (MB) 3200 Simulator time (ns) 48507740000.0
[2023-03-05 22:47:23] Written (MB) 3300 Simulator time (ns) 49931440000.0
[2023-03-05 22:47:24] Written (MB) 3400 Simulator time (ns) 51360840000.0
[2023-03-05 22:47:25] Written (MB) 3500 Simulator time (ns) 52761480000.0
[2023-03-05 22:47:26] Written (MB) 3600 Simulator time (ns) 54142080000.0
[2023-03-05 22:47:26] Read (MB) 900 Simulator time (ns) 54458960000.0
[2023-03-05 22:47:27] Read (MB) 1000 Simulator time (ns) 54643940000.0
[2023-03-05 22:47:28] Written (MB) 3700 Simulator time (ns) 55719620000.0
[2023-03-05 22:47:29] Written (MB) 3800 Simulator time (ns) 57108420000.0
[2023-03-05 22:47:31] [GC Start] Used Block Ratio: 0.900146484375 Simulator time (ns) 58306100000.0
[2023-03-05 22:47:32] [GC End] Used Block Ratio: 0.399169921875 Simulator time (ns) 59909520000.0
[2023-03-05 22:47:32] Written (MB) 3900 Simulator time (ns) 60100600000.0
[2023-03-05 22:47:34] Written (MB) 4000 Simulator time (ns) 61478220000.0
[2023-03-05 22:47:35] Written (MB) 4100 Simulator time (ns) 62867340000.0
[2023-03-05 22:47:36] Written (MB) 4200 Simulator time (ns) 64246540000.0
[2023-03-05 22:47:37] Written (MB) 4300 Simulator time (ns) 65622340000.0
[2023-03-05 22:47:38] Written (MB) 4400 Simulator time (ns) 67011060000.0
[2023-03-05 22:47:39] Written (MB) 4500 Simulator time (ns) 68398000000.0
[2023-03-05 22:47:40] Read (MB) 1100 Simulator time (ns) 69367500000.0
[2023-03-05 22:47:41] Read (MB) 1200 Simulator time (ns) 69763540000.0
[2023-03-05 22:47:41] Written (MB) 4600 Simulator time (ns) 70041060000.0
[2023-03-05 22:47:42] Written (MB) 4700 Simulator time (ns) 71430200000.0
[2023-03-05 22:47:44] Read (MB) 1300 Simulator time (ns) 72409800000.0
[2023-03-05 22:47:45] Read (MB) 1400 Simulator time (ns) 72813300000.0
[2023-03-05 22:47:45] Written (MB) 4800 Simulator time (ns) 73119280000.0
[2023-03-05 22:47:46] Written (MB) 4900 Simulator time (ns) 74504940000.0
[2023-03-05 22:47:47] [GC Start] Used Block Ratio: 0.900146484375 Simulator time (ns) 74676540000.0
[2023-03-05 22:47:49] [GC End] Used Block Ratio: 0.398193359375 Simulator time (ns) 76926060000.0
[2023-03-05 22:47:50] Written (MB) 5000 Simulator time (ns) 77792520000.0
[2023-03-05 22:47:51] Written (MB) 5100 Simulator time (ns) 79181900000.0
[2023-03-05 22:47:52] Written (MB) 5200 Simulator time (ns) 80570400000.0
[2023-03-05 22:47:53] Written (MB) 5300 Simulator time (ns) 81962360000.0
[2023-03-05 22:47:54] Written (MB) 5400 Simulator time (ns) 83356640000.0
[2023-03-05 22:47:55] Written (MB) 5500 Simulator time (ns) 84748900000.0
[2023-03-05 22:47:56] Written (MB) 5600 Simulator time (ns) 86139140000.0
[2023-03-05 22:47:58] Written (MB) 5700 Simulator time (ns) 87527220000.0
[2023-03-05 22:47:59] Read (MB) 1500 Simulator time (ns) 88836080000.0
[2023-03-05 22:47:59] Written (MB) 5800 Simulator time (ns) 89084520000.0
[2023-03-05 22:48:00] Read (MB) 1601 Simulator time (ns) 89771600000.0
[2023-03-05 22:48:01] Read (MB) 1701 Simulator time (ns) 89931140000.0
[2023-03-05 22:48:02] Written (MB) 5900 Simulator time (ns) 90720720000.0
[2023-03-05 22:48:03] [GC Start] Used Block Ratio: 0.900146484375 Simulator time (ns) 91637720000.0
[2023-03-05 22:48:04] [GC End] Used Block Ratio: 0.39794921875 Simulator time (ns) 93394240000.0
[2023-03-05 22:48:05] Written (MB) 6000 Simulator time (ns) 93875440000.0
[2023-03-05 22:48:06] Written (MB) 6100 Simulator time (ns) 95297340000.0
[2023-03-05 22:48:07] Read (MB) 1801 Simulator time (ns) 96265760000.0
[2023-03-05 22:48:07] Written (MB) 6200 Simulator time (ns) 96836260000.0
[2023-03-05 22:48:08] Written (MB) 6300 Simulator time (ns) 98222260000.0
[2023-03-05 22:48:09] Written (MB) 6400 Simulator time (ns) 99614860000.0
[2023-03-05 22:48:11] Written (MB) 6500 Simulator time (ns) 1.0101564e+11
[2023-03-05 22:48:12] Written (MB) 6600 Simulator time (ns) 1.0240864e+11
[2023-03-05 22:48:13] Written (MB) 6700 Simulator time (ns) 1.0379932e+11
[2023-03-05 22:48:14] Written (MB) 6800 Simulator time (ns) 1.0519092e+11
[2023-03-05 22:48:15] Written (MB) 6900 Simulator time (ns) 1.0658344e+11
[2023-03-05 22:48:17] [GC Start] Used Block Ratio: 0.900146484375 Simulator time (ns) 1.0788604e+11
[2023-03-05 22:48:19] [GC End] Used Block Ratio: 0.399658203125 Simulator time (ns) 1.1013046e+11
[2023-03-05 22:48:19] Written (MB) 7000 Simulator time (ns) 1.1021346e+11
[2023-03-05 22:48:19] Read (MB) 1901 Simulator time (ns) 1.1040894e+11
[2023-03-05 22:48:20] Stop Simulation
