/home/lily/App/pypy2.7-v7.3.11-linux64/site-packages/bidict/compat.py:33: UserWarning: Python 2 support will be dropped in a future release.
  warn('Python 2 support will be dropped in a future release.')
[2023-03-05 10:43:30] parsing traces/wdev_2.csv with MSR format
[2023-03-05 10:43:30] parsed 0 lines
[2023-03-05 10:43:30] parsed 181265 lines
[2023-03-05 10:43:30] Total warm-up events 137
[2023-03-05 10:43:30] Total active events 181266
[2023-03-05 10:43:30] initializing ssd........... dftldes
[2023-03-05 10:43:30] n_cleaners: 8
....Recorder is enabled....
[2023-03-05 10:43:33] Written (MB) 100 Simulator time (ns) 1403020000
[2023-03-05 10:43:35] Written (MB) 200 Simulator time (ns) 2790280000
[2023-03-05 10:43:35] Written (MB) 300 Simulator time (ns) 4175880000
[2023-03-05 10:43:36] [GC Start] Used Block Ratio: 0.6015625 Simulator time (ns) 4191480000
[2023-03-05 10:43:38] [GC End] Used Block Ratio: 0.2939453125 Simulator time (ns) 5150220000.0
[2023-03-05 10:43:39] Written (MB) 400 Simulator time (ns) 6346220000.0
[2023-03-05 10:43:39] [GC Start] Used Block Ratio: 0.6015625 Simulator time (ns) 7341820000.0
[2023-03-05 10:43:40] [GC End] Used Block Ratio: 0.2958984375 Simulator time (ns) 7947340000.0
[2023-03-05 10:43:40] Written (MB) 500 Simulator time (ns) 8344540000.0
[2023-03-05 10:43:41] Written (MB) 600 Simulator time (ns) 9730940000.0
[2023-03-05 10:43:41] [GC Start] Used Block Ratio: 0.603515625 Simulator time (ns) 10143740000.0
[2023-03-05 10:43:42] [GC End] Used Block Ratio: 0.294921875 Simulator time (ns) 10739840000.0
[2023-03-05 10:43:43] Written (MB) 700 Simulator time (ns) 11718240000.0
[2023-03-05 10:43:44] [GC Start] Used Block Ratio: 0.6025390625 Simulator time (ns) 12927840000.0
[2023-03-05 10:43:44] [GC End] Used Block Ratio: 0.29296875 Simulator time (ns) 13494800000.0
[2023-03-05 10:43:44] Written (MB) 800 Simulator time (ns) 13670400000.0
[2023-03-05 10:43:45] Written (MB) 900 Simulator time (ns) 15058000000.0
[2023-03-05 10:43:46] [GC Start] Used Block Ratio: 0.6044921875 Simulator time (ns) 15697600000.0
[2023-03-05 10:43:46] [GC End] Used Block Ratio: 0.2939453125 Simulator time (ns) 16275580000.0
[2023-03-05 10:43:47] Written (MB) 1000 Simulator time (ns) 17022860000.0
[2023-03-05 10:43:48] Written (MB) 1100 Simulator time (ns) 18413660000.0
[2023-03-05 10:43:48] [GC Start] Used Block Ratio: 0.60546875 Simulator time (ns) 18490460000.0
[2023-03-05 10:43:48] [GC End] Used Block Ratio: 0.2841796875 Simulator time (ns) 19112960000.0
[2023-03-05 10:43:49] Written (MB) 1200 Simulator time (ns) 20426960000.0
[2023-03-05 10:43:50] [GC Start] Used Block Ratio: 0.6064453125 Simulator time (ns) 21401760000.0
[2023-03-05 10:43:51] [GC End] Used Block Ratio: 0.2861328125 Simulator time (ns) 22073640000.0
[2023-03-05 10:43:51] Written (MB) 1300 Simulator time (ns) 22488840000.0
[2023-03-05 10:43:52] Written (MB) 1400 Simulator time (ns) 23880440000.0
[2023-03-05 10:43:52] [GC Start] Used Block Ratio: 0.60546875 Simulator time (ns) 24349640000.0
[2023-03-05 10:43:53] [GC End] Used Block Ratio: 0.2861328125 Simulator time (ns) 25003180000.0
[2023-03-05 10:43:53] Stop Simulation
