/home/lily/App/pypy2.7-v7.3.11-linux64/site-packages/bidict/compat.py:33: UserWarning: Python 2 support will be dropped in a future release.
  warn('Python 2 support will be dropped in a future release.')
[2023-03-05 10:44:17] parsing traces/wdev_2.csv with MSR format
[2023-03-05 10:44:17] parsed 0 lines
[2023-03-05 10:44:17] parsed 181265 lines
[2023-03-05 10:44:17] Total warm-up events 137
[2023-03-05 10:44:17] Total active events 181266
[2023-03-05 10:44:17] initializing ssd........... dftldes
[2023-03-05 10:44:17] n_cleaners: 8
....Recorder is enabled....
[2023-03-05 10:44:21] Written (MB) 100 Simulator time (ns) 1403020000
[2023-03-05 10:44:22] Written (MB) 200 Simulator time (ns) 2790280000
[2023-03-05 10:44:22] [GC Start] Used Block Ratio: 0.40625 Simulator time (ns) 2813480000
[2023-03-05 10:44:23] [GC End] Used Block Ratio: 0.2919921875 Simulator time (ns) 3250260000.0
[2023-03-05 10:44:25] [GC Start] Used Block Ratio: 0.40625 Simulator time (ns) 4055060000.0
[2023-03-05 10:44:25] [GC End] Used Block Ratio: 0.2900390625 Simulator time (ns) 4350840000.0
[2023-03-05 10:44:25] Written (MB) 300 Simulator time (ns) 4907240000.0
[2023-03-05 10:44:25] [GC Start] Used Block Ratio: 0.40625 Simulator time (ns) 5167640000.0
[2023-03-05 10:44:26] [GC End] Used Block Ratio: 0.2890625 Simulator time (ns) 5450520000.0
[2023-03-05 10:44:26] [GC Start] Used Block Ratio: 0.40625 Simulator time (ns) 6279320000.0
[2023-03-05 10:44:27] [GC End] Used Block Ratio: 0.28515625 Simulator time (ns) 6559540000.0
[2023-03-05 10:44:27] Written (MB) 400 Simulator time (ns) 6859940000.0
[2023-03-05 10:44:27] [GC Start] Used Block Ratio: 0.4072265625 Simulator time (ns) 7420340000.0
[2023-03-05 10:44:28] [GC End] Used Block Ratio: 0.2880859375 Simulator time (ns) 7699060000.0
[2023-03-05 10:44:28] Written (MB) 500 Simulator time (ns) 8531060000.0
[2023-03-05 10:44:28] [GC Start] Used Block Ratio: 0.4072265625 Simulator time (ns) 8546260000.0
[2023-03-05 10:44:28] [GC End] Used Block Ratio: 0.2880859375 Simulator time (ns) 8824460000.0
[2023-03-05 10:44:29] [GC Start] Used Block Ratio: 0.4072265625 Simulator time (ns) 9664460000.0
[2023-03-05 10:44:29] [GC End] Used Block Ratio: 0.2890625 Simulator time (ns) 9941020000.0
[2023-03-05 10:44:30] Written (MB) 600 Simulator time (ns) 10470620000.0
[2023-03-05 10:44:30] [GC Start] Used Block Ratio: 0.4072265625 Simulator time (ns) 10780220000.0
[2023-03-05 10:44:30] [GC End] Used Block Ratio: 0.2890625 Simulator time (ns) 11073940000.0
[2023-03-05 10:44:31] [GC Start] Used Block Ratio: 0.4072265625 Simulator time (ns) 11906740000.0
[2023-03-05 10:44:31] [GC End] Used Block Ratio: 0.2900390625 Simulator time (ns) 12203300000.0
[2023-03-05 10:44:31] Written (MB) 700 Simulator time (ns) 12452100000.0
[2023-03-05 10:44:32] [GC Start] Used Block Ratio: 0.4072265625 Simulator time (ns) 13042900000.0
[2023-03-05 10:44:32] [GC End] Used Block Ratio: 0.28515625 Simulator time (ns) 13283940000.0
[2023-03-05 10:44:32] Written (MB) 800 Simulator time (ns) 14077540000.0
[2023-03-05 10:44:33] [GC Start] Used Block Ratio: 0.408203125 Simulator time (ns) 14141940000.0
[2023-03-05 10:44:33] [GC End] Used Block Ratio: 0.2880859375 Simulator time (ns) 14419800000.0
[2023-03-05 10:44:34] [GC Start] Used Block Ratio: 0.408203125 Simulator time (ns) 15262200000.0
[2023-03-05 10:44:34] [GC End] Used Block Ratio: 0.2880859375 Simulator time (ns) 15534420000.0
[2023-03-05 10:44:34] Written (MB) 900 Simulator time (ns) 16013620000.0
[2023-03-05 10:44:34] [GC Start] Used Block Ratio: 0.4072265625 Simulator time (ns) 16372020000.0
[2023-03-05 10:44:35] [GC End] Used Block Ratio: 0.2900390625 Simulator time (ns) 16663240000.0
[2023-03-05 10:44:35] [GC Start] Used Block Ratio: 0.4072265625 Simulator time (ns) 17497640000.0
[2023-03-05 10:44:36] [GC End] Used Block Ratio: 0.2900390625 Simulator time (ns) 17789620000.0
[2023-03-05 10:44:36] Written (MB) 1000 Simulator time (ns) 17983200000.0
[2023-03-05 10:44:36] [GC Start] Used Block Ratio: 0.4072265625 Simulator time (ns) 18621600000.0
[2023-03-05 10:44:36] [GC End] Used Block Ratio: 0.28515625 Simulator time (ns) 18874640000.0
[2023-03-05 10:44:37] Written (MB) 1100 Simulator time (ns) 19626240000.0
[2023-03-05 10:44:37] [GC Start] Used Block Ratio: 0.4091796875 Simulator time (ns) 19735440000.0
[2023-03-05 10:44:37] [GC End] Used Block Ratio: 0.291015625 Simulator time (ns) 20019780000.0
[2023-03-05 10:44:38] [GC Start] Used Block Ratio: 0.4091796875 Simulator time (ns) 20856580000.0
[2023-03-05 10:44:38] [GC End] Used Block Ratio: 0.28515625 Simulator time (ns) 21118360000.0
[2023-03-05 10:44:38] Written (MB) 1200 Simulator time (ns) 21561960000.0
[2023-03-05 10:44:39] [GC Start] Used Block Ratio: 0.408203125 Simulator time (ns) 21970360000.0
[2023-03-05 10:44:39] [GC End] Used Block Ratio: 0.2861328125 Simulator time (ns) 22245720000.0
[2023-03-05 10:44:40] [GC Start] Used Block Ratio: 0.408203125 Simulator time (ns) 23093320000.0
[2023-03-05 10:44:40] [GC End] Used Block Ratio: 0.287109375 Simulator time (ns) 23365560000.0
[2023-03-05 10:44:40] Written (MB) 1300 Simulator time (ns) 23499160000.0
[2023-03-05 10:44:40] [GC Start] Used Block Ratio: 0.408203125 Simulator time (ns) 24209560000.0
[2023-03-05 10:44:41] [GC End] Used Block Ratio: 0.2861328125 Simulator time (ns) 24639620000.0
[2023-03-05 10:44:41] Written (MB) 1400 Simulator time (ns) 25244820000.0
[2023-03-05 10:44:41] [GC Start] Used Block Ratio: 0.4072265625 Simulator time (ns) 25492420000.0
[2023-03-05 10:44:42] [GC End] Used Block Ratio: 0.2880859375 Simulator time (ns) 25763120000.0
[2023-03-05 10:44:42] Stop Simulation
