/home/lily/App/pypy2.7-v7.3.11-linux64/site-packages/bidict/compat.py:33: UserWarning: Python 2 support will be dropped in a future release.
  warn('Python 2 support will be dropped in a future release.')
[2023-03-05 10:41:16] parsing traces/wdev_2.csv with MSR format
[2023-03-05 10:41:16] parsed 0 lines
[2023-03-05 10:41:16] parsed 181265 lines
[2023-03-05 10:41:16] Total warm-up events 137
[2023-03-05 10:41:16] Total active events 181266
[2023-03-05 10:41:16] initializing ssd........... dftldes
[2023-03-05 10:41:16] n_cleaners: 8
....Recorder is enabled....
[2023-03-05 10:41:20] Written (MB) 100 Simulator time (ns) 1403020000
[2023-03-05 10:41:21] Written (MB) 200 Simulator time (ns) 2790280000
[2023-03-05 10:41:22] Written (MB) 300 Simulator time (ns) 4175880000
[2023-03-05 10:41:23] [GC Start] Used Block Ratio: 0.703125 Simulator time (ns) 4920280000
[2023-03-05 10:41:24] [GC End] Used Block Ratio: 0.388671875 Simulator time (ns) 5134800000.0
[2023-03-05 10:41:25] Written (MB) 400 Simulator time (ns) 5780400000.0
[2023-03-05 10:41:26] Written (MB) 500 Simulator time (ns) 7173200000.0
[2023-03-05 10:41:26] [GC Start] Used Block Ratio: 0.7041015625 Simulator time (ns) 7383600000.0
[2023-03-05 10:41:26] [GC End] Used Block Ratio: 0.3896484375 Simulator time (ns) 7586040000.0
[2023-03-05 10:41:27] Written (MB) 600 Simulator time (ns) 8762040000.0
[2023-03-05 10:41:28] [GC Start] Used Block Ratio: 0.705078125 Simulator time (ns) 9829640000.0
[2023-03-05 10:41:28] [GC End] Used Block Ratio: 0.388671875 Simulator time (ns) 10030260000.0
[2023-03-05 10:41:28] Written (MB) 700 Simulator time (ns) 10354660000.0
[2023-03-05 10:41:29] Written (MB) 800 Simulator time (ns) 11740260000.0
[2023-03-05 10:41:30] [GC Start] Used Block Ratio: 0.7041015625 Simulator time (ns) 12261860000.0
[2023-03-05 10:41:30] [GC End] Used Block Ratio: 0.3876953125 Simulator time (ns) 12463220000.0
[2023-03-05 10:41:31] Written (MB) 900 Simulator time (ns) 13328420000.0
[2023-03-05 10:41:32] [GC Start] Used Block Ratio: 0.7041015625 Simulator time (ns) 14712420000.0
[2023-03-05 10:41:32] [GC End] Used Block Ratio: 0.3876953125 Simulator time (ns) 14925200000.0
[2023-03-05 10:41:32] Written (MB) 1000 Simulator time (ns) 14928400000.0
[2023-03-05 10:41:33] Written (MB) 1100 Simulator time (ns) 16319200000.0
[2023-03-05 10:41:34] [GC Start] Used Block Ratio: 0.705078125 Simulator time (ns) 17183600000.0
[2023-03-05 10:41:34] [GC End] Used Block Ratio: 0.3896484375 Simulator time (ns) 17397520000.0
[2023-03-05 10:41:34] Written (MB) 1200 Simulator time (ns) 17923120000.0
[2023-03-05 10:41:35] Written (MB) 1300 Simulator time (ns) 19313520000.0
[2023-03-05 10:41:36] [GC Start] Used Block Ratio: 0.7080078125 Simulator time (ns) 19647120000.0
[2023-03-05 10:41:36] [GC End] Used Block Ratio: 0.3896484375 Simulator time (ns) 19867320000.0
[2023-03-05 10:41:37] Written (MB) 1400 Simulator time (ns) 20924120000.0
[2023-03-05 10:41:37] Stop Simulation
