/home/lily/App/pypy2.7-v7.3.11-linux64/site-packages/bidict/compat.py:33: UserWarning: Python 2 support will be dropped in a future release.
  warn('Python 2 support will be dropped in a future release.')
[2023-03-05 20:43:59] parsing traces/ts_0.csv with MSR format
[2023-03-05 20:43:59] parsed 0 lines
[2023-03-05 20:43:59] parsed 1000000 lines
[2023-03-05 20:43:59] parsed 1000001 lines
[2023-03-05 20:43:59] Total warm-up events 10540
[2023-03-05 20:43:59] Total active events 1000002
[2023-03-05 20:43:59] initializing ssd........... dftldes
[2023-03-05 20:44:00] n_cleaners: 8
....Recorder is enabled....
[2023-03-05 20:44:05] Written (MB) 100 Simulator time (ns) 1345620000
[2023-03-05 20:44:07] Read (MB) 100 Simulator time (ns) 2181500000
[2023-03-05 20:44:08] Written (MB) 200 Simulator time (ns) 2912240000
[2023-03-05 20:44:09] Written (MB) 300 Simulator time (ns) 4303000000
[2023-03-05 20:44:10] Read (MB) 200 Simulator time (ns) 4999160000
[2023-03-05 20:44:11] Written (MB) 400 Simulator time (ns) 5882040000
[2023-03-05 20:44:12] Written (MB) 500 Simulator time (ns) 7266460000
[2023-03-05 20:44:13] Written (MB) 600 Simulator time (ns) 8655160000
[2023-03-05 20:44:14] Written (MB) 700 Simulator time (ns) 10046180000
[2023-03-05 20:44:15] Written (MB) 800 Simulator time (ns) 11430740000
[2023-03-05 20:44:16] Written (MB) 900 Simulator time (ns) 12826480000
[2023-03-05 20:44:17] Written (MB) 1000 Simulator time (ns) 14212480000
[2023-03-05 20:44:18] Written (MB) 1100 Simulator time (ns) 15601840000
[2023-03-05 20:44:19] Written (MB) 1200 Simulator time (ns) 16988300000
[2023-03-05 20:44:20] Read (MB) 300 Simulator time (ns) 17508040000
[2023-03-05 20:44:20] Read (MB) 400 Simulator time (ns) 17668680000
[2023-03-05 20:44:21] Written (MB) 1300 Simulator time (ns) 18565840000
[2023-03-05 20:44:22] Written (MB) 1400 Simulator time (ns) 19956240000
[2023-03-05 20:44:24] Read (MB) 500 Simulator time (ns) 21111920000
[2023-03-05 20:44:24] Written (MB) 1500 Simulator time (ns) 21484540000
[2023-03-05 20:44:26] Written (MB) 1600 Simulator time (ns) 23004060000
[2023-03-05 20:44:26] [GC Start] Used Block Ratio: 0.800048828125 Simulator time (ns) 23393460000
[2023-03-05 20:44:30] [GC End] Used Block Ratio: 0.199951171875 Simulator time (ns) 27654060000.0
[2023-03-05 20:44:31] Read (MB) 600 Simulator time (ns) 27950040000.0
[2023-03-05 20:44:32] Written (MB) 1700 Simulator time (ns) 28679280000.0
[2023-03-05 20:44:33] Read (MB) 700 Simulator time (ns) 29732440000.0
[2023-03-05 20:44:34] Written (MB) 1800 Simulator time (ns) 30208760000.0
[2023-03-05 20:44:35] Written (MB) 1900 Simulator time (ns) 31593760000.0
[2023-03-05 20:44:36] Written (MB) 2000 Simulator time (ns) 32982160000.0
[2023-03-05 20:44:37] Written (MB) 2100 Simulator time (ns) 34374140000.0
[2023-03-05 20:44:38] Written (MB) 2200 Simulator time (ns) 35761740000.0
[2023-03-05 20:44:39] Written (MB) 2300 Simulator time (ns) 37150880000.0
[2023-03-05 20:44:40] Written (MB) 2400 Simulator time (ns) 38533700000.0
[2023-03-05 20:44:41] Read (MB) 800 Simulator time (ns) 38718480000.0
[2023-03-05 20:44:42] Written (MB) 2500 Simulator time (ns) 40161020000.0
[2023-03-05 20:44:43] Written (MB) 2600 Simulator time (ns) 41551300000.0
[2023-03-05 20:44:44] Written (MB) 2700 Simulator time (ns) 42943120000.0
[2023-03-05 20:44:45] Written (MB) 2800 Simulator time (ns) 44337480000.0
[2023-03-05 20:44:46] [GC Start] Used Block Ratio: 0.800048828125 Simulator time (ns) 45128900000.0
[2023-03-05 20:44:49] [GC End] Used Block Ratio: 0.19873046875 Simulator time (ns) 50322100000.0
[2023-03-05 20:44:50] Written (MB) 2900 Simulator time (ns) 50921700000.0
[2023-03-05 20:44:51] Written (MB) 3000 Simulator time (ns) 52308280000.0
[2023-03-05 20:44:52] Written (MB) 3100 Simulator time (ns) 53708300000.0
[2023-03-05 20:44:53] Written (MB) 3200 Simulator time (ns) 55091900000.0
[2023-03-05 20:44:54] Written (MB) 3300 Simulator time (ns) 56512540000.0
[2023-03-05 20:44:55] Written (MB) 3400 Simulator time (ns) 57942040000.0
[2023-03-05 20:44:56] Written (MB) 3500 Simulator time (ns) 59341960000.0
[2023-03-05 20:44:57] Written (MB) 3600 Simulator time (ns) 60722560000.0
[2023-03-05 20:44:57] Read (MB) 900 Simulator time (ns) 61039340000.0
[2023-03-05 20:44:58] Read (MB) 1000 Simulator time (ns) 61223900000.0
[2023-03-05 20:44:59] Written (MB) 3700 Simulator time (ns) 62299920000.0
[2023-03-05 20:45:00] Written (MB) 3800 Simulator time (ns) 63688800000.0
[2023-03-05 20:45:01] Written (MB) 3900 Simulator time (ns) 65077720000.0
[2023-03-05 20:45:02] Written (MB) 4000 Simulator time (ns) 66455320000.0
[2023-03-05 20:45:04] [GC Start] Used Block Ratio: 0.800048828125 Simulator time (ns) 67670460000.0
[2023-03-05 20:45:08] [GC End] Used Block Ratio: 0.225341796875 Simulator time (ns) 74386740000.0
[2023-03-05 20:45:08] Written (MB) 4100 Simulator time (ns) 74560340000.0
[2023-03-05 20:45:09] Written (MB) 4200 Simulator time (ns) 75939540000.0
[2023-03-05 20:45:10] Written (MB) 4300 Simulator time (ns) 77315340000.0
[2023-03-05 20:45:11] Written (MB) 4400 Simulator time (ns) 78704040000.0
[2023-03-05 20:45:12] Written (MB) 4500 Simulator time (ns) 80090980000.0
[2023-03-05 20:45:13] Read (MB) 1100 Simulator time (ns) 81062780000.0
[2023-03-05 20:45:14] Read (MB) 1200 Simulator time (ns) 81459180000.0
[2023-03-05 20:45:14] Written (MB) 4600 Simulator time (ns) 81736420000.0
[2023-03-05 20:45:15] Written (MB) 4700 Simulator time (ns) 83125560000.0
[2023-03-05 20:45:16] Read (MB) 1300 Simulator time (ns) 84105680000.0
[2023-03-05 20:45:17] Read (MB) 1400 Simulator time (ns) 84509120000.0
[2023-03-05 20:45:17] Written (MB) 4800 Simulator time (ns) 84815020000.0
[2023-03-05 20:45:19] Written (MB) 4900 Simulator time (ns) 86200940000.0
[2023-03-05 20:45:20] Written (MB) 5000 Simulator time (ns) 87597020000.0
[2023-03-05 20:45:21] Written (MB) 5100 Simulator time (ns) 88986300000.0
[2023-03-05 20:45:22] Written (MB) 5200 Simulator time (ns) 90374660000.0
[2023-03-05 20:45:23] [GC Start] Used Block Ratio: 0.800048828125 Simulator time (ns) 91265940000.0
[2023-03-05 20:45:26] [GC End] Used Block Ratio: 0.25830078125 Simulator time (ns) 97551460000.0
[2023-03-05 20:45:26] Written (MB) 5300 Simulator time (ns) 98051040000.0
[2023-03-05 20:45:27] Written (MB) 5400 Simulator time (ns) 99445280000.0
[2023-03-05 20:45:28] Written (MB) 5500 Simulator time (ns) 1.0083788e+11
[2023-03-05 20:45:29] Written (MB) 5600 Simulator time (ns) 1.0222816e+11
[2023-03-05 20:45:31] Written (MB) 5700 Simulator time (ns) 1.036162e+11
[2023-03-05 20:45:32] Read (MB) 1500 Simulator time (ns) 1.0492444e+11
[2023-03-05 20:45:32] Written (MB) 5800 Simulator time (ns) 1.0517262e+11
[2023-03-05 20:45:33] Read (MB) 1601 Simulator time (ns) 1.058592e+11
[2023-03-05 20:45:34] Read (MB) 1701 Simulator time (ns) 1.0601918e+11
[2023-03-05 20:45:34] Written (MB) 5900 Simulator time (ns) 1.0680878e+11
[2023-03-05 20:45:36] Written (MB) 6000 Simulator time (ns) 1.0820818e+11
[2023-03-05 20:45:37] Written (MB) 6100 Simulator time (ns) 1.0962876e+11
[2023-03-05 20:45:38] Read (MB) 1801 Simulator time (ns) 1.1060522e+11
[2023-03-05 20:45:39] Written (MB) 6200 Simulator time (ns) 1.1117562e+11
[2023-03-05 20:45:40] Written (MB) 6300 Simulator time (ns) 1.1256166e+11
[2023-03-05 20:45:41] [GC Start] Used Block Ratio: 0.800048828125 Simulator time (ns) 1.1356826e+11
[2023-03-05 20:45:44] [GC End] Used Block Ratio: 0.2939453125 Simulator time (ns) 1.197141e+11
[2023-03-05 20:45:45] Written (MB) 6400 Simulator time (ns) 1.200995e+11
[2023-03-05 20:45:46] Written (MB) 6500 Simulator time (ns) 1.2150032e+11
[2023-03-05 20:45:47] Written (MB) 6600 Simulator time (ns) 1.2289332e+11
[2023-03-05 20:45:48] Written (MB) 6700 Simulator time (ns) 1.2428408e+11
[2023-03-05 20:45:49] Written (MB) 6800 Simulator time (ns) 1.2567568e+11
[2023-03-05 20:45:50] Written (MB) 6900 Simulator time (ns) 1.2706836e+11
[2023-03-05 20:45:51] Written (MB) 7000 Simulator time (ns) 1.2845476e+11
[2023-03-05 20:45:51] Read (MB) 1901 Simulator time (ns) 1.2865054e+11
[2023-03-05 20:45:53] Stop Simulation
