/home/lily/App/pypy2.7-v7.3.11-linux64/site-packages/bidict/compat.py:33: UserWarning: Python 2 support will be dropped in a future release.
  warn('Python 2 support will be dropped in a future release.')
[2023-03-05 22:23:13] parsing traces/wdev_2.csv with MSR format
[2023-03-05 22:23:13] parsed 0 lines
[2023-03-05 22:23:13] parsed 181265 lines
[2023-03-05 22:23:13] Total warm-up events 137
[2023-03-05 22:23:13] Total active events 181266
[2023-03-05 22:23:13] initializing ssd........... dftldes
[2023-03-05 22:23:13] n_cleaners: 8
....Recorder is enabled....
[2023-03-05 22:23:17] Written (MB) 100 Simulator time (ns) 1403020000
[2023-03-05 22:23:18] Written (MB) 200 Simulator time (ns) 2790280000
[2023-03-05 22:23:19] Written (MB) 300 Simulator time (ns) 4175880000
[2023-03-05 22:23:19] [GC Start] Used Block Ratio: 0.6005859375 Simulator time (ns) 4187880000
[2023-03-05 22:23:20] [GC End] Used Block Ratio: 0.29296875 Simulator time (ns) 4773580000.0
[2023-03-05 22:23:22] Written (MB) 400 Simulator time (ns) 6150780000.0
[2023-03-05 22:23:22] [GC Start] Used Block Ratio: 0.6005859375 Simulator time (ns) 6961980000.0
[2023-03-05 22:23:23] [GC End] Used Block Ratio: 0.2919921875 Simulator time (ns) 7571140000.0
[2023-03-05 22:23:23] Written (MB) 500 Simulator time (ns) 8151940000.0
[2023-03-05 22:23:24] Written (MB) 600 Simulator time (ns) 9538340000.0
[2023-03-05 22:23:25] [GC Start] Used Block Ratio: 0.6005859375 Simulator time (ns) 9763140000.0
[2023-03-05 22:23:25] [GC End] Used Block Ratio: 0.291015625 Simulator time (ns) 10346720000.0
[2023-03-05 22:23:26] Written (MB) 700 Simulator time (ns) 11512720000.0
[2023-03-05 22:23:27] [GC Start] Used Block Ratio: 0.6005859375 Simulator time (ns) 12543920000.0
[2023-03-05 22:23:27] [GC End] Used Block Ratio: 0.291015625 Simulator time (ns) 13113860000.0
[2023-03-05 22:23:27] Written (MB) 800 Simulator time (ns) 13467860000.0
[2023-03-05 22:23:28] Written (MB) 900 Simulator time (ns) 14855460000.0
[2023-03-05 22:23:29] [GC Start] Used Block Ratio: 0.6005859375 Simulator time (ns) 15311860000.0
[2023-03-05 22:23:29] [GC End] Used Block Ratio: 0.291015625 Simulator time (ns) 15926820000.0
[2023-03-05 22:23:30] Written (MB) 1000 Simulator time (ns) 16857840000.0
[2023-03-05 22:23:31] [GC Start] Used Block Ratio: 0.6005859375 Simulator time (ns) 18121840000.0
[2023-03-05 22:23:31] [GC End] Used Block Ratio: 0.2919921875 Simulator time (ns) 18726060000.0
[2023-03-05 22:23:31] Written (MB) 1100 Simulator time (ns) 18851660000.0
[2023-03-05 22:23:32] Written (MB) 1200 Simulator time (ns) 20242460000.0
[2023-03-05 22:23:33] [GC Start] Used Block Ratio: 0.6005859375 Simulator time (ns) 20914060000.0
[2023-03-05 22:23:34] [GC End] Used Block Ratio: 0.29296875 Simulator time (ns) 21868780000.0
[2023-03-05 22:23:34] Written (MB) 1300 Simulator time (ns) 22417180000.0
[2023-03-05 22:23:35] Written (MB) 1400 Simulator time (ns) 23808780000.0
[2023-03-05 22:23:35] [GC Start] Used Block Ratio: 0.6005859375 Simulator time (ns) 24053980000.0
[2023-03-05 22:23:36] [GC End] Used Block Ratio: 0.2919921875 Simulator time (ns) 24705920000.0
[2023-03-05 22:23:36] Stop Simulation
