/home/lily/App/pypy2.7-v7.3.11-linux64/site-packages/bidict/compat.py:33: UserWarning: Python 2 support will be dropped in a future release.
  warn('Python 2 support will be dropped in a future release.')
[2023-03-05 20:20:44] parsing traces/ts_0.csv with MSR format
[2023-03-05 20:20:44] parsed 0 lines
[2023-03-05 20:20:45] parsed 1000000 lines
[2023-03-05 20:20:45] parsed 1000001 lines
[2023-03-05 20:20:45] Total warm-up events 10540
[2023-03-05 20:20:45] Total active events 1000002
[2023-03-05 20:20:45] initializing ssd........... dftldes
[2023-03-05 20:20:45] n_cleaners: 8
....Recorder is enabled....
[2023-03-05 20:20:50] Written (MB) 100 Simulator time (ns) 1345620000
[2023-03-05 20:20:52] Read (MB) 100 Simulator time (ns) 2181500000
[2023-03-05 20:20:53] Written (MB) 200 Simulator time (ns) 2912240000
[2023-03-05 20:20:54] Written (MB) 300 Simulator time (ns) 4303000000
[2023-03-05 20:20:55] Read (MB) 200 Simulator time (ns) 4999160000
[2023-03-05 20:20:56] Written (MB) 400 Simulator time (ns) 5882040000
[2023-03-05 20:20:57] Written (MB) 500 Simulator time (ns) 7266460000
[2023-03-05 20:20:59] Written (MB) 600 Simulator time (ns) 8655160000
[2023-03-05 20:21:00] Written (MB) 700 Simulator time (ns) 10046180000
[2023-03-05 20:21:01] Written (MB) 800 Simulator time (ns) 11430740000
[2023-03-05 20:21:02] Written (MB) 900 Simulator time (ns) 12826480000
[2023-03-05 20:21:03] Written (MB) 1000 Simulator time (ns) 14212480000
[2023-03-05 20:21:04] Written (MB) 1100 Simulator time (ns) 15601840000
[2023-03-05 20:21:05] Written (MB) 1200 Simulator time (ns) 16988300000
[2023-03-05 20:21:05] Read (MB) 300 Simulator time (ns) 17508040000
[2023-03-05 20:21:06] Read (MB) 400 Simulator time (ns) 17668680000
[2023-03-05 20:21:07] Written (MB) 1300 Simulator time (ns) 18565840000
[2023-03-05 20:21:08] Written (MB) 1400 Simulator time (ns) 19956240000
[2023-03-05 20:21:09] Read (MB) 500 Simulator time (ns) 21111920000
[2023-03-05 20:21:10] Written (MB) 1500 Simulator time (ns) 21484540000
[2023-03-05 20:21:11] Written (MB) 1600 Simulator time (ns) 23004060000
[2023-03-05 20:21:12] Read (MB) 600 Simulator time (ns) 23690040000
[2023-03-05 20:21:12] Written (MB) 1700 Simulator time (ns) 24419440000
[2023-03-05 20:21:13] Read (MB) 700 Simulator time (ns) 25472500000
[2023-03-05 20:21:14] Written (MB) 1800 Simulator time (ns) 25948660000
[2023-03-05 20:21:14] [GC Start] Used Block Ratio: 0.900146484375 Simulator time (ns) 26410860000
[2023-03-05 20:21:17] [GC End] Used Block Ratio: 0.39990234375 Simulator time (ns) 29771280000.0
[2023-03-05 20:21:19] Written (MB) 1900 Simulator time (ns) 30693920000.0
[2023-03-05 20:21:20] Written (MB) 2000 Simulator time (ns) 32082480000.0
[2023-03-05 20:21:21] Written (MB) 2100 Simulator time (ns) 33474420000.0
[2023-03-05 20:21:22] Written (MB) 2200 Simulator time (ns) 34862020000.0
[2023-03-05 20:21:23] Written (MB) 2300 Simulator time (ns) 36251360000.0
[2023-03-05 20:21:24] Written (MB) 2400 Simulator time (ns) 37634180000.0
[2023-03-05 20:21:24] Read (MB) 800 Simulator time (ns) 37818880000.0
[2023-03-05 20:21:26] Written (MB) 2500 Simulator time (ns) 39260180000.0
[2023-03-05 20:21:27] Written (MB) 2600 Simulator time (ns) 40650340000.0
[2023-03-05 20:21:28] Written (MB) 2700 Simulator time (ns) 42042160000.0
[2023-03-05 20:21:29] Written (MB) 2800 Simulator time (ns) 43436720000.0
[2023-03-05 20:21:30] [GC Start] Used Block Ratio: 0.900146484375 Simulator time (ns) 44239820000.0
[2023-03-05 20:21:32] [GC End] Used Block Ratio: 0.39794921875 Simulator time (ns) 47863680000.0
[2023-03-05 20:21:32] Written (MB) 2900 Simulator time (ns) 48450580000.0
[2023-03-05 20:21:33] Written (MB) 3000 Simulator time (ns) 49837200000.0
[2023-03-05 20:21:34] Written (MB) 3100 Simulator time (ns) 51238140000.0
[2023-03-05 20:21:35] Written (MB) 3200 Simulator time (ns) 52621740000.0
[2023-03-05 20:21:36] Written (MB) 3300 Simulator time (ns) 54045480000.0
[2023-03-05 20:21:38] Written (MB) 3400 Simulator time (ns) 55474880000.0
[2023-03-05 20:21:39] Written (MB) 3500 Simulator time (ns) 56875520000.0
[2023-03-05 20:21:40] Written (MB) 3600 Simulator time (ns) 58256120000.0
[2023-03-05 20:21:40] Read (MB) 900 Simulator time (ns) 58573000000.0
[2023-03-05 20:21:41] Read (MB) 1000 Simulator time (ns) 58757980000.0
[2023-03-05 20:21:42] Written (MB) 3700 Simulator time (ns) 59833660000.0
[2023-03-05 20:21:43] Written (MB) 3800 Simulator time (ns) 61222460000.0
[2023-03-05 20:21:44] [GC Start] Used Block Ratio: 0.900146484375 Simulator time (ns) 62420940000.0
[2023-03-05 20:21:46] [GC End] Used Block Ratio: 0.399169921875 Simulator time (ns) 65942200000.0
[2023-03-05 20:21:46] Written (MB) 3900 Simulator time (ns) 66131760000.0
[2023-03-05 20:21:47] Written (MB) 4000 Simulator time (ns) 67509360000.0
[2023-03-05 20:21:48] Written (MB) 4100 Simulator time (ns) 68898580000.0
[2023-03-05 20:21:49] Written (MB) 4200 Simulator time (ns) 70277780000.0
[2023-03-05 20:21:50] Written (MB) 4300 Simulator time (ns) 71653580000.0
[2023-03-05 20:21:51] Written (MB) 4400 Simulator time (ns) 73042220000.0
[2023-03-05 20:21:52] Written (MB) 4500 Simulator time (ns) 74429220000.0
[2023-03-05 20:21:53] Read (MB) 1100 Simulator time (ns) 75398660000.0
[2023-03-05 20:21:54] Read (MB) 1200 Simulator time (ns) 75794140000.0
[2023-03-05 20:21:54] Written (MB) 4600 Simulator time (ns) 76070880000.0
[2023-03-05 20:21:55] Written (MB) 4700 Simulator time (ns) 77460100000.0
[2023-03-05 20:21:57] Read (MB) 1300 Simulator time (ns) 78440180000.0
[2023-03-05 20:21:58] Read (MB) 1400 Simulator time (ns) 78842900000.0
[2023-03-05 20:21:58] Written (MB) 4800 Simulator time (ns) 79148700000.0
[2023-03-05 20:21:59] Written (MB) 4900 Simulator time (ns) 80534580000.0
[2023-03-05 20:21:59] [GC Start] Used Block Ratio: 0.900146484375 Simulator time (ns) 80701380000.0
[2023-03-05 20:22:01] [GC End] Used Block Ratio: 0.39990234375 Simulator time (ns) 84183640000.0
[2023-03-05 20:22:02] Written (MB) 5000 Simulator time (ns) 85409300000.0
[2023-03-05 20:22:03] Written (MB) 5100 Simulator time (ns) 86798500000.0
[2023-03-05 20:22:04] Written (MB) 5200 Simulator time (ns) 88186800000.0
[2023-03-05 20:22:05] Written (MB) 5300 Simulator time (ns) 89578800000.0
[2023-03-05 20:22:06] Written (MB) 5400 Simulator time (ns) 90972880000.0
[2023-03-05 20:22:08] Written (MB) 5500 Simulator time (ns) 92364900000.0
[2023-03-05 20:22:09] Written (MB) 5600 Simulator time (ns) 93755140000.0
[2023-03-05 20:22:10] Written (MB) 5700 Simulator time (ns) 95143260000.0
[2023-03-05 20:22:11] Read (MB) 1500 Simulator time (ns) 96453100000.0
[2023-03-05 20:22:11] Written (MB) 5800 Simulator time (ns) 96700960000.0
[2023-03-05 20:22:12] Read (MB) 1601 Simulator time (ns) 97387760000.0
[2023-03-05 20:22:13] Read (MB) 1701 Simulator time (ns) 97547020000.0
[2023-03-05 20:22:14] Written (MB) 5900 Simulator time (ns) 98336660000.0
[2023-03-05 20:22:15] [GC Start] Used Block Ratio: 0.900146484375 Simulator time (ns) 98857660000.0
[2023-03-05 20:22:16] [GC End] Used Block Ratio: 0.397705078125 Simulator time (ns) 1.0227232e+11
[2023-03-05 20:22:17] Written (MB) 6000 Simulator time (ns) 1.0315012e+11
[2023-03-05 20:22:18] Written (MB) 6100 Simulator time (ns) 1.045703e+11
[2023-03-05 20:22:20] Read (MB) 1801 Simulator time (ns) 1.0553898e+11
[2023-03-05 20:22:20] Written (MB) 6200 Simulator time (ns) 1.0610922e+11
[2023-03-05 20:22:21] Written (MB) 6300 Simulator time (ns) 1.0749522e+11
[2023-03-05 20:22:22] Written (MB) 6400 Simulator time (ns) 1.0888782e+11
[2023-03-05 20:22:23] Written (MB) 6500 Simulator time (ns) 1.1028828e+11
[2023-03-05 20:22:25] Written (MB) 6600 Simulator time (ns) 1.1168128e+11
[2023-03-05 20:22:26] Written (MB) 6700 Simulator time (ns) 1.1307202e+11
[2023-03-05 20:22:27] Written (MB) 6800 Simulator time (ns) 1.1446362e+11
[2023-03-05 20:22:28] Written (MB) 6900 Simulator time (ns) 1.1585592e+11
[2023-03-05 20:22:29] [GC Start] Used Block Ratio: 0.900146484375 Simulator time (ns) 1.1677396e+11
[2023-03-05 20:22:31] [GC End] Used Block Ratio: 0.39794921875 Simulator time (ns) 1.2044396e+11
[2023-03-05 20:22:32] Written (MB) 7000 Simulator time (ns) 1.2091216e+11
[2023-03-05 20:22:32] Read (MB) 1901 Simulator time (ns) 1.2110714e+11
[2023-03-05 20:22:34] Stop Simulation
