/home/lily/App/pypy2.7-v7.3.11-linux64/site-packages/bidict/compat.py:33: UserWarning: Python 2 support will be dropped in a future release.
  warn('Python 2 support will be dropped in a future release.')
[2023-03-05 19:56:45] parsing traces/wdev_2.csv with MSR format
[2023-03-05 19:56:45] parsed 0 lines
[2023-03-05 19:56:45] parsed 181265 lines
[2023-03-05 19:56:45] Total warm-up events 137
[2023-03-05 19:56:45] Total active events 181266
[2023-03-05 19:56:45] initializing ssd........... dftldes
[2023-03-05 19:56:46] n_cleaners: 8
....Recorder is enabled....
[2023-03-05 19:56:49] Written (MB) 100 Simulator time (ns) 1403020000
[2023-03-05 19:56:50] Written (MB) 200 Simulator time (ns) 2790280000
[2023-03-05 19:56:51] Written (MB) 300 Simulator time (ns) 4175880000
[2023-03-05 19:56:52] Written (MB) 400 Simulator time (ns) 5566280000
[2023-03-05 19:56:52] [GC Start] Used Block Ratio: 0.80078125 Simulator time (ns) 5624680000
[2023-03-05 19:56:54] [GC End] Used Block Ratio: 0.2919921875 Simulator time (ns) 6750560000.0
[2023-03-05 19:56:55] Written (MB) 500 Simulator time (ns) 8084560000.0
[2023-03-05 19:56:56] Written (MB) 600 Simulator time (ns) 9470960000.0
[2023-03-05 19:56:57] [GC Start] Used Block Ratio: 0.80078125 Simulator time (ns) 10371360000.0
[2023-03-05 19:56:58] [GC End] Used Block Ratio: 0.2900390625 Simulator time (ns) 11527660000.0
[2023-03-05 19:56:58] Written (MB) 700 Simulator time (ns) 12018460000.0
[2023-03-05 19:56:59] Written (MB) 800 Simulator time (ns) 13404060000.0
[2023-03-05 19:57:00] Written (MB) 900 Simulator time (ns) 14791660000.0
[2023-03-05 19:57:00] [GC Start] Used Block Ratio: 0.80078125 Simulator time (ns) 15150060000.0
[2023-03-05 19:57:01] [GC End] Used Block Ratio: 0.2890625 Simulator time (ns) 16301640000.0
[2023-03-05 19:57:01] Written (MB) 1000 Simulator time (ns) 17330480000.0
[2023-03-05 19:57:02] Written (MB) 1100 Simulator time (ns) 18721280000.0
[2023-03-05 19:57:03] [GC Start] Used Block Ratio: 0.80078125 Simulator time (ns) 19943680000.0
[2023-03-05 19:57:04] Written (MB) 1200 Simulator time (ns) 21251600000.0
[2023-03-05 19:57:04] [GC End] Used Block Ratio: 0.2939453125 Simulator time (ns) 21440080000.0
[2023-03-05 19:57:05] Written (MB) 1300 Simulator time (ns) 22796080000.0
[2023-03-05 19:57:06] Written (MB) 1400 Simulator time (ns) 24187680000.0
[2023-03-05 19:57:06] Stop Simulation
