/home/lily/App/pypy2.7-v7.3.11-linux64/site-packages/bidict/compat.py:33: UserWarning: Python 2 support will be dropped in a future release.
  warn('Python 2 support will be dropped in a future release.')
[2023-03-05 22:21:05] parsing traces/wdev_2.csv with MSR format
[2023-03-05 22:21:05] parsed 0 lines
[2023-03-05 22:21:05] parsed 181265 lines
[2023-03-05 22:21:05] Total warm-up events 137
[2023-03-05 22:21:05] Total active events 181266
[2023-03-05 22:21:05] initializing ssd........... dftldes
[2023-03-05 22:21:05] n_cleaners: 8
....Recorder is enabled....
[2023-03-05 22:21:08] Written (MB) 100 Simulator time (ns) 1403020000
[2023-03-05 22:21:10] Written (MB) 200 Simulator time (ns) 2790280000
[2023-03-05 22:21:10] Written (MB) 300 Simulator time (ns) 4175880000
[2023-03-05 22:21:11] [GC Start] Used Block Ratio: 0.7001953125 Simulator time (ns) 4902280000
[2023-03-05 22:21:12] [GC End] Used Block Ratio: 0.3984375 Simulator time (ns) 5074620000.0
[2023-03-05 22:21:13] Written (MB) 400 Simulator time (ns) 5737820000.0
[2023-03-05 22:21:14] Written (MB) 500 Simulator time (ns) 7130620000.0
[2023-03-05 22:21:14] [GC Start] Used Block Ratio: 0.7001953125 Simulator time (ns) 7224220000.0
[2023-03-05 22:21:14] [GC End] Used Block Ratio: 0.3984375 Simulator time (ns) 7406680000.0
[2023-03-05 22:21:15] Written (MB) 600 Simulator time (ns) 8699080000.0
[2023-03-05 22:21:16] [GC Start] Used Block Ratio: 0.7001953125 Simulator time (ns) 9557880000.0
[2023-03-05 22:21:16] [GC End] Used Block Ratio: 0.3984375 Simulator time (ns) 9734900000.0
[2023-03-05 22:21:16] Written (MB) 700 Simulator time (ns) 10268100000.0
[2023-03-05 22:21:17] Written (MB) 800 Simulator time (ns) 11653700000.0
[2023-03-05 22:21:18] [GC Start] Used Block Ratio: 0.7001953125 Simulator time (ns) 11879700000.0
[2023-03-05 22:21:18] [GC End] Used Block Ratio: 0.396484375 Simulator time (ns) 12049600000.0
[2023-03-05 22:21:18] Written (MB) 900 Simulator time (ns) 13210400000.0
[2023-03-05 22:21:19] [GC Start] Used Block Ratio: 0.7001953125 Simulator time (ns) 14202000000.0
[2023-03-05 22:21:20] [GC End] Used Block Ratio: 0.3955078125 Simulator time (ns) 14376720000.0
[2023-03-05 22:21:20] Written (MB) 1000 Simulator time (ns) 14772480000.0
[2023-03-05 22:21:21] Written (MB) 1100 Simulator time (ns) 16163280000.0
[2023-03-05 22:21:21] [GC Start] Used Block Ratio: 0.7001953125 Simulator time (ns) 16543280000.0
[2023-03-05 22:21:21] [GC End] Used Block Ratio: 0.3974609375 Simulator time (ns) 16735880000.0
[2023-03-05 22:21:22] Written (MB) 1200 Simulator time (ns) 17745880000.0
[2023-03-05 22:21:23] [GC Start] Used Block Ratio: 0.7001953125 Simulator time (ns) 18887480000.0
[2023-03-05 22:21:23] [GC End] Used Block Ratio: 0.3994140625 Simulator time (ns) 19078640000.0
[2023-03-05 22:21:23] Written (MB) 1300 Simulator time (ns) 19326640000.0
[2023-03-05 22:21:24] Written (MB) 1400 Simulator time (ns) 20718240000.0
[2023-03-05 22:21:24] [GC Start] Used Block Ratio: 0.7001953125 Simulator time (ns) 21227060000.0
[2023-03-05 22:21:25] [GC End] Used Block Ratio: 0.3974609375 Simulator time (ns) 21417940000.0
[2023-03-05 22:21:25] Stop Simulation
