/home/lily/App/pypy2.7-v7.3.11-linux64/site-packages/bidict/compat.py:33: UserWarning: Python 2 support will be dropped in a future release.
  warn('Python 2 support will be dropped in a future release.')
[2023-03-05 19:54:38] parsing traces/wdev_2.csv with MSR format
[2023-03-05 19:54:38] parsed 0 lines
[2023-03-05 19:54:38] parsed 181265 lines
[2023-03-05 19:54:38] Total warm-up events 137
[2023-03-05 19:54:38] Total active events 181266
[2023-03-05 19:54:38] initializing ssd........... dftldes
[2023-03-05 19:54:38] n_cleaners: 8
....Recorder is enabled....
[2023-03-05 19:54:41] Written (MB) 100 Simulator time (ns) 1403020000
[2023-03-05 19:54:43] Written (MB) 200 Simulator time (ns) 2790280000
[2023-03-05 19:54:43] Written (MB) 300 Simulator time (ns) 4175880000
[2023-03-05 19:54:44] Written (MB) 400 Simulator time (ns) 5566280000
[2023-03-05 19:54:45] [GC Start] Used Block Ratio: 0.900390625 Simulator time (ns) 6329880000
[2023-03-05 19:54:46] [GC End] Used Block Ratio: 0.3955078125 Simulator time (ns) 7132560000.0
[2023-03-05 19:54:47] Written (MB) 500 Simulator time (ns) 7761760000.0
[2023-03-05 19:54:48] Written (MB) 600 Simulator time (ns) 9148160000.0
[2023-03-05 19:54:49] Written (MB) 700 Simulator time (ns) 10540160000.0
[2023-03-05 19:54:49] [GC Start] Used Block Ratio: 0.900390625 Simulator time (ns) 10711360000.0
[2023-03-05 19:54:49] [GC End] Used Block Ratio: 0.39453125 Simulator time (ns) 11514840000.0
[2023-03-05 19:54:50] Written (MB) 800 Simulator time (ns) 12728440000.0
[2023-03-05 19:54:51] Written (MB) 900 Simulator time (ns) 14116040000.0
[2023-03-05 19:54:52] [GC Start] Used Block Ratio: 0.900390625 Simulator time (ns) 15106440000.0
[2023-03-05 19:54:52] [GC End] Used Block Ratio: 0.39453125 Simulator time (ns) 15906820000.0
[2023-03-05 19:54:53] Written (MB) 1000 Simulator time (ns) 16303940000.0
[2023-03-05 19:54:54] Written (MB) 1100 Simulator time (ns) 17694740000.0
[2023-03-05 19:54:55] Written (MB) 1200 Simulator time (ns) 19085540000.0
[2023-03-05 19:54:55] [GC Start] Used Block Ratio: 0.900390625 Simulator time (ns) 19506740000.0
[2023-03-05 19:54:55] [GC End] Used Block Ratio: 0.3935546875 Simulator time (ns) 20309780000.0
[2023-03-05 19:54:56] Written (MB) 1300 Simulator time (ns) 21278980000.0
[2023-03-05 19:54:57] Written (MB) 1400 Simulator time (ns) 22670580000.0
[2023-03-05 19:54:57] Stop Simulation
