/home/lily/App/pypy2.7-v7.3.11-linux64/site-packages/bidict/compat.py:33: UserWarning: Python 2 support will be dropped in a future release.
  warn('Python 2 support will be dropped in a future release.')
[2023-03-05 19:53:55] parsing traces/wdev_2.csv with MSR format
[2023-03-05 19:53:55] parsed 0 lines
[2023-03-05 19:53:55] parsed 181265 lines
[2023-03-05 19:53:55] Total warm-up events 137
[2023-03-05 19:53:55] Total active events 181266
[2023-03-05 19:53:55] initializing ssd........... dftldes
[2023-03-05 19:53:55] n_cleaners: 8
....Recorder is enabled....
[2023-03-05 19:53:59] Written (MB) 100 Simulator time (ns) 1403020000
[2023-03-05 19:54:00] Written (MB) 200 Simulator time (ns) 2790280000
[2023-03-05 19:54:01] Written (MB) 300 Simulator time (ns) 4175880000
[2023-03-05 19:54:02] [GC Start] Used Block Ratio: 0.7001953125 Simulator time (ns) 4902280000
[2023-03-05 19:54:02] [GC End] Used Block Ratio: 0.4970703125 Simulator time (ns) 5178680000.0
[2023-03-05 19:54:03] Written (MB) 400 Simulator time (ns) 5841880000.0
[2023-03-05 19:54:04] [GC Start] Used Block Ratio: 0.7001953125 Simulator time (ns) 6629080000.0
[2023-03-05 19:54:04] [GC End] Used Block Ratio: 0.4970703125 Simulator time (ns) 6898380000.0
[2023-03-05 19:54:04] Written (MB) 500 Simulator time (ns) 7502780000.0
[2023-03-05 19:54:05] [GC Start] Used Block Ratio: 0.7001953125 Simulator time (ns) 8411180000.0
[2023-03-05 19:54:05] [GC End] Used Block Ratio: 0.4970703125 Simulator time (ns) 8677080000.0
[2023-03-05 19:54:06] Written (MB) 600 Simulator time (ns) 9219080000.0
[2023-03-05 19:54:07] [GC Start] Used Block Ratio: 0.7001953125 Simulator time (ns) 10124280000.0
[2023-03-05 19:54:07] [GC End] Used Block Ratio: 0.4970703125 Simulator time (ns) 10388680000.0
[2023-03-05 19:54:07] Written (MB) 700 Simulator time (ns) 10876680000.0
[2023-03-05 19:54:08] [GC Start] Used Block Ratio: 0.7001953125 Simulator time (ns) 11842280000.0
[2023-03-05 19:54:08] [GC End] Used Block Ratio: 0.4970703125 Simulator time (ns) 12111180000.0
[2023-03-05 19:54:08] Written (MB) 800 Simulator time (ns) 12543580000.0
[2023-03-05 19:54:09] [GC Start] Used Block Ratio: 0.7001953125 Simulator time (ns) 13613580000.0
[2023-03-05 19:54:09] [GC End] Used Block Ratio: 0.498046875 Simulator time (ns) 13891080000.0
[2023-03-05 19:54:09] Written (MB) 900 Simulator time (ns) 14274280000.0
[2023-03-05 19:54:10] [GC Start] Used Block Ratio: 0.7001953125 Simulator time (ns) 15324680000.0
[2023-03-05 19:54:10] [GC End] Used Block Ratio: 0.4970703125 Simulator time (ns) 15590280000.0
[2023-03-05 19:54:11] Written (MB) 1000 Simulator time (ns) 15926400000.0
[2023-03-05 19:54:11] [GC Start] Used Block Ratio: 0.7001953125 Simulator time (ns) 17043200000.0
[2023-03-05 19:54:12] [GC End] Used Block Ratio: 0.4970703125 Simulator time (ns) 17311000000.0
[2023-03-05 19:54:12] Written (MB) 1100 Simulator time (ns) 17584600000.0
[2023-03-05 19:54:13] [GC Start] Used Block Ratio: 0.7001953125 Simulator time (ns) 18847000000.0
[2023-03-05 19:54:13] [GC End] Used Block Ratio: 0.4970703125 Simulator time (ns) 19113700000.0
[2023-03-05 19:54:13] Written (MB) 1200 Simulator time (ns) 19330900000.0
[2023-03-05 19:54:14] [GC Start] Used Block Ratio: 0.7001953125 Simulator time (ns) 20553700000.0
[2023-03-05 19:54:14] [GC End] Used Block Ratio: 0.4970703125 Simulator time (ns) 20823400000.0
[2023-03-05 19:54:14] Written (MB) 1300 Simulator time (ns) 20989400000.0
[2023-03-05 19:54:15] [GC Start] Used Block Ratio: 0.7001953125 Simulator time (ns) 22269800000.0
[2023-03-05 19:54:15] [GC End] Used Block Ratio: 0.4970703125 Simulator time (ns) 22534200000.0
[2023-03-05 19:54:15] Written (MB) 1400 Simulator time (ns) 22644200000.0
[2023-03-05 19:54:16] Stop Simulation
