/home/lily/App/pypy2.7-v7.3.11-linux64/site-packages/bidict/compat.py:33: UserWarning: Python 2 support will be dropped in a future release.
  warn('Python 2 support will be dropped in a future release.')
[2023-03-05 20:16:54] parsing traces/ts_0.csv with MSR format
[2023-03-05 20:16:54] parsed 0 lines
[2023-03-05 20:16:55] parsed 1000000 lines
[2023-03-05 20:16:55] parsed 1000001 lines
[2023-03-05 20:16:55] Total warm-up events 10540
[2023-03-05 20:16:55] Total active events 1000002
[2023-03-05 20:16:55] initializing ssd........... dftldes
[2023-03-05 20:16:55] n_cleaners: 8
....Recorder is enabled....
[2023-03-05 20:17:00] Written (MB) 100 Simulator time (ns) 1345620000
[2023-03-05 20:17:02] Read (MB) 100 Simulator time (ns) 2181500000
[2023-03-05 20:17:03] Written (MB) 200 Simulator time (ns) 2912240000
[2023-03-05 20:17:04] Written (MB) 300 Simulator time (ns) 4303000000
[2023-03-05 20:17:05] Read (MB) 200 Simulator time (ns) 4999160000
[2023-03-05 20:17:06] Written (MB) 400 Simulator time (ns) 5882040000
[2023-03-05 20:17:07] Written (MB) 500 Simulator time (ns) 7266460000
[2023-03-05 20:17:08] Written (MB) 600 Simulator time (ns) 8655160000
[2023-03-05 20:17:09] Written (MB) 700 Simulator time (ns) 10046180000
[2023-03-05 20:17:10] Written (MB) 800 Simulator time (ns) 11430740000
[2023-03-05 20:17:11] Written (MB) 900 Simulator time (ns) 12826480000
[2023-03-05 20:17:12] Written (MB) 1000 Simulator time (ns) 14212480000
[2023-03-05 20:17:13] Written (MB) 1100 Simulator time (ns) 15601840000
[2023-03-05 20:17:14] Written (MB) 1200 Simulator time (ns) 16988300000
[2023-03-05 20:17:15] Read (MB) 300 Simulator time (ns) 17508040000
[2023-03-05 20:17:15] Read (MB) 400 Simulator time (ns) 17668680000
[2023-03-05 20:17:16] Written (MB) 1300 Simulator time (ns) 18565840000
[2023-03-05 20:17:17] Written (MB) 1400 Simulator time (ns) 19956240000
[2023-03-05 20:17:18] [GC Start] Used Block Ratio: 0.7001953125 Simulator time (ns) 20289640000
[2023-03-05 20:17:19] [GC End] Used Block Ratio: 0.4970703125 Simulator time (ns) 21422260000.0
[2023-03-05 20:17:21] Read (MB) 500 Simulator time (ns) 22243280000.0
[2023-03-05 20:17:22] Written (MB) 1500 Simulator time (ns) 22615980000.0
[2023-03-05 20:17:23] Written (MB) 1600 Simulator time (ns) 24135100000.0
[2023-03-05 20:17:24] Read (MB) 600 Simulator time (ns) 24820960000.0
[2023-03-05 20:17:25] Written (MB) 1700 Simulator time (ns) 25550480000.0
[2023-03-05 20:17:26] Read (MB) 700 Simulator time (ns) 26603780000.0
[2023-03-05 20:17:26] Written (MB) 1800 Simulator time (ns) 27079700000.0
[2023-03-05 20:17:27] [GC Start] Used Block Ratio: 0.7001953125 Simulator time (ns) 27620300000.0
[2023-03-05 20:17:28] [GC End] Used Block Ratio: 0.499755859375 Simulator time (ns) 28888780000.0
[2023-03-05 20:17:28] Written (MB) 1900 Simulator time (ns) 29731980000.0
[2023-03-05 20:17:29] Written (MB) 2000 Simulator time (ns) 31120540000.0
[2023-03-05 20:17:30] Written (MB) 2100 Simulator time (ns) 32512480000.0
[2023-03-05 20:17:31] Written (MB) 2200 Simulator time (ns) 33900080000.0
[2023-03-05 20:17:32] [GC Start] Used Block Ratio: 0.7001953125 Simulator time (ns) 34586080000.0
[2023-03-05 20:17:33] [GC End] Used Block Ratio: 0.496337890625 Simulator time (ns) 35877240000.0
[2023-03-05 20:17:33] Written (MB) 2300 Simulator time (ns) 36580040000.0
[2023-03-05 20:17:34] Written (MB) 2400 Simulator time (ns) 37962860000.0
[2023-03-05 20:17:35] Read (MB) 800 Simulator time (ns) 38147660000.0
[2023-03-05 20:17:36] Written (MB) 2500 Simulator time (ns) 39589000000.0
[2023-03-05 20:17:37] Written (MB) 2600 Simulator time (ns) 40979160000.0
[2023-03-05 20:17:38] [GC Start] Used Block Ratio: 0.7001953125 Simulator time (ns) 41906180000.0
[2023-03-05 20:17:39] [GC End] Used Block Ratio: 0.497802734375 Simulator time (ns) 43221000000.0
[2023-03-05 20:17:39] Written (MB) 2700 Simulator time (ns) 43685200000.0
[2023-03-05 20:17:40] Written (MB) 2800 Simulator time (ns) 45079360000.0
[2023-03-05 20:17:41] Written (MB) 2900 Simulator time (ns) 46471180000.0
[2023-03-05 20:17:43] Written (MB) 3000 Simulator time (ns) 47857820000.0
[2023-03-05 20:17:44] [GC Start] Used Block Ratio: 0.7001953125 Simulator time (ns) 48998320000.0
[2023-03-05 20:17:44] [GC End] Used Block Ratio: 0.497314453125 Simulator time (ns) 50242060000.0
[2023-03-05 20:17:45] Written (MB) 3100 Simulator time (ns) 50500660000.0
[2023-03-05 20:17:46] Written (MB) 3200 Simulator time (ns) 51884260000.0
[2023-03-05 20:17:47] Written (MB) 3300 Simulator time (ns) 53307820000.0
[2023-03-05 20:17:48] Written (MB) 3400 Simulator time (ns) 54737220000.0
[2023-03-05 20:17:49] [GC Start] Used Block Ratio: 0.7001953125 Simulator time (ns) 56086460000.0
[2023-03-05 20:17:50] [GC End] Used Block Ratio: 0.497802734375 Simulator time (ns) 57333800000.0
[2023-03-05 20:17:50] Written (MB) 3500 Simulator time (ns) 57384600000.0
[2023-03-05 20:17:51] Written (MB) 3600 Simulator time (ns) 58765000000.0
[2023-03-05 20:17:52] Read (MB) 900 Simulator time (ns) 59081880000.0
[2023-03-05 20:17:52] Read (MB) 1000 Simulator time (ns) 59266920000.0
[2023-03-05 20:17:53] Written (MB) 3700 Simulator time (ns) 60342640000.0
[2023-03-05 20:17:54] Written (MB) 3800 Simulator time (ns) 61731440000.0
[2023-03-05 20:17:55] Written (MB) 3900 Simulator time (ns) 63120440000.0
[2023-03-05 20:17:55] [GC Start] Used Block Ratio: 0.7001953125 Simulator time (ns) 63269240000.0
[2023-03-05 20:17:56] [GC End] Used Block Ratio: 0.498291015625 Simulator time (ns) 64476040000.0
[2023-03-05 20:17:57] Written (MB) 4000 Simulator time (ns) 65704040000.0
[2023-03-05 20:17:58] Written (MB) 4100 Simulator time (ns) 67093540000.0
[2023-03-05 20:17:59] Written (MB) 4200 Simulator time (ns) 68472740000.0
[2023-03-05 20:18:00] Written (MB) 4300 Simulator time (ns) 69848540000.0
[2023-03-05 20:18:01] [GC Start] Used Block Ratio: 0.7001953125 Simulator time (ns) 70186940000.0
[2023-03-05 20:18:02] [GC End] Used Block Ratio: 0.498291015625 Simulator time (ns) 71439340000.0
[2023-03-05 20:18:02] Written (MB) 4400 Simulator time (ns) 72489640000.0
[2023-03-05 20:18:03] Written (MB) 4500 Simulator time (ns) 73876460000.0
[2023-03-05 20:18:04] Read (MB) 1100 Simulator time (ns) 74846000000.0
[2023-03-05 20:18:05] Read (MB) 1200 Simulator time (ns) 75242460000.0
[2023-03-05 20:18:05] Written (MB) 4600 Simulator time (ns) 75518800000.0
[2023-03-05 20:18:06] Written (MB) 4700 Simulator time (ns) 76908020000.0
[2023-03-05 20:18:07] [GC Start] Used Block Ratio: 0.7001953125 Simulator time (ns) 77425020000.0
[2023-03-05 20:18:08] [GC End] Used Block Ratio: 0.49853515625 Simulator time (ns) 78626700000.0
[2023-03-05 20:18:08] Read (MB) 1300 Simulator time (ns) 79089740000.0
[2023-03-05 20:18:09] Read (MB) 1400 Simulator time (ns) 79492480000.0
[2023-03-05 20:18:10] Written (MB) 4800 Simulator time (ns) 79798140000.0
[2023-03-05 20:18:11] Written (MB) 4900 Simulator time (ns) 81183880000.0
[2023-03-05 20:18:12] Written (MB) 5000 Simulator time (ns) 82577180000.0
[2023-03-05 20:18:13] Written (MB) 5100 Simulator time (ns) 83966540000.0
[2023-03-05 20:18:13] [GC Start] Used Block Ratio: 0.7001953125 Simulator time (ns) 84678140000.0
[2023-03-05 20:18:14] [GC End] Used Block Ratio: 0.4990234375 Simulator time (ns) 85932340000.0
[2023-03-05 20:18:15] Written (MB) 5200 Simulator time (ns) 86608060000.0
[2023-03-05 20:18:16] Written (MB) 5300 Simulator time (ns) 88000060000.0
[2023-03-05 20:18:17] Written (MB) 5400 Simulator time (ns) 89394300000.0
[2023-03-05 20:18:18] Written (MB) 5500 Simulator time (ns) 90786520000.0
[2023-03-05 20:18:19] [GC Start] Used Block Ratio: 0.7001953125 Simulator time (ns) 91651720000.0
[2023-03-05 20:18:20] [GC End] Used Block Ratio: 0.497802734375 Simulator time (ns) 92824020000.0
[2023-03-05 20:18:20] Written (MB) 5600 Simulator time (ns) 93347820000.0
[2023-03-05 20:18:21] Written (MB) 5700 Simulator time (ns) 94735940000.0
[2023-03-05 20:18:22] Read (MB) 1500 Simulator time (ns) 96043840000.0
[2023-03-05 20:18:23] Written (MB) 5800 Simulator time (ns) 96291740000.0
[2023-03-05 20:18:23] Read (MB) 1601 Simulator time (ns) 96978580000.0
[2023-03-05 20:18:24] Read (MB) 1701 Simulator time (ns) 97137840000.0
[2023-03-05 20:18:25] Written (MB) 5900 Simulator time (ns) 97927420000.0
[2023-03-05 20:18:26] [GC Start] Used Block Ratio: 0.7001953125 Simulator time (ns) 98997620000.0
[2023-03-05 20:18:27] [GC End] Used Block Ratio: 0.49951171875 Simulator time (ns) 1.0021616e+11
[2023-03-05 20:18:27] Written (MB) 6000 Simulator time (ns) 1.0054436e+11
[2023-03-05 20:18:28] Written (MB) 6100 Simulator time (ns) 1.0196482e+11
[2023-03-05 20:18:29] Read (MB) 1801 Simulator time (ns) 1.02934e+11
[2023-03-05 20:18:30] Written (MB) 6200 Simulator time (ns) 1.0350448e+11
[2023-03-05 20:18:31] Written (MB) 6300 Simulator time (ns) 1.0489048e+11
[2023-03-05 20:18:32] [GC Start] Used Block Ratio: 0.7001953125 Simulator time (ns) 1.0610848e+11
[2023-03-05 20:18:33] Written (MB) 6400 Simulator time (ns) 1.0727578e+11
[2023-03-05 20:18:34] [GC End] Used Block Ratio: 0.497314453125 Simulator time (ns) 1.0801972e+11
[2023-03-05 20:18:34] Written (MB) 6500 Simulator time (ns) 1.0930062e+11
[2023-03-05 20:18:35] Written (MB) 6600 Simulator time (ns) 1.1069362e+11
[2023-03-05 20:18:36] Written (MB) 6700 Simulator time (ns) 1.1208434e+11
[2023-03-05 20:18:37] Written (MB) 6800 Simulator time (ns) 1.1347594e+11
[2023-03-05 20:18:38] [GC Start] Used Block Ratio: 0.7001953125 Simulator time (ns) 1.1379894e+11
[2023-03-05 20:18:39] [GC End] Used Block Ratio: 0.4990234375 Simulator time (ns) 1.1518414e+11
[2023-03-05 20:18:40] Written (MB) 6900 Simulator time (ns) 1.1605558e+11
[2023-03-05 20:18:41] Written (MB) 7000 Simulator time (ns) 1.1744198e+11
[2023-03-05 20:18:41] Read (MB) 1901 Simulator time (ns) 1.1763762e+11
[2023-03-05 20:18:42] Stop Simulation
