/home/lily/App/pypy2.7-v7.3.11-linux64/site-packages/bidict/compat.py:33: UserWarning: Python 2 support will be dropped in a future release.
  warn('Python 2 support will be dropped in a future release.')
[2023-03-05 22:19:03] parsing traces/wdev_2.csv with MSR format
[2023-03-05 22:19:03] parsed 0 lines
[2023-03-05 22:19:03] parsed 181265 lines
[2023-03-05 22:19:03] Total warm-up events 137
[2023-03-05 22:19:03] Total active events 181266
[2023-03-05 22:19:03] initializing ssd........... dftldes
[2023-03-05 22:19:03] n_cleaners: 8
....Recorder is enabled....
[2023-03-05 22:19:06] Written (MB) 100 Simulator time (ns) 1403020000
[2023-03-05 22:19:08] Written (MB) 200 Simulator time (ns) 2790280000
[2023-03-05 22:19:09] Written (MB) 300 Simulator time (ns) 4175880000
[2023-03-05 22:19:10] Written (MB) 400 Simulator time (ns) 5566280000
[2023-03-05 22:19:10] [GC Start] Used Block Ratio: 0.900390625 Simulator time (ns) 6329880000
[2023-03-05 22:19:11] [GC End] Used Block Ratio: 0.494140625 Simulator time (ns) 6408280000.0
[2023-03-05 22:19:12] Written (MB) 500 Simulator time (ns) 7037480000.0
[2023-03-05 22:19:13] Written (MB) 600 Simulator time (ns) 8423880000.0
[2023-03-05 22:19:14] [GC Start] Used Block Ratio: 0.900390625 Simulator time (ns) 9299880000.0
[2023-03-05 22:19:14] [GC End] Used Block Ratio: 0.494140625 Simulator time (ns) 9378680000.0
[2023-03-05 22:19:14] Written (MB) 700 Simulator time (ns) 9894280000.0
[2023-03-05 22:19:15] Written (MB) 800 Simulator time (ns) 11279880000.0
[2023-03-05 22:19:16] [GC Start] Used Block Ratio: 0.900390625 Simulator time (ns) 12257080000.0
[2023-03-05 22:19:16] [GC End] Used Block Ratio: 0.494140625 Simulator time (ns) 12335480000.0
[2023-03-05 22:19:17] Written (MB) 900 Simulator time (ns) 12745880000.0
[2023-03-05 22:19:18] Written (MB) 1000 Simulator time (ns) 14133460000.0
[2023-03-05 22:19:18] [GC Start] Used Block Ratio: 0.900390625 Simulator time (ns) 15219460000.0
[2023-03-05 22:19:19] [GC End] Used Block Ratio: 0.4951171875 Simulator time (ns) 15312660000.0
[2023-03-05 22:19:19] Written (MB) 1100 Simulator time (ns) 15609460000.0
[2023-03-05 22:19:20] Written (MB) 1200 Simulator time (ns) 17000260000.0
[2023-03-05 22:19:21] [GC Start] Used Block Ratio: 0.900390625 Simulator time (ns) 18196260000.0
[2023-03-05 22:19:21] [GC End] Used Block Ratio: 0.494140625 Simulator time (ns) 18275060000.0
[2023-03-05 22:19:21] Written (MB) 1300 Simulator time (ns) 18468660000.0
[2023-03-05 22:19:22] Written (MB) 1400 Simulator time (ns) 19860260000.0
[2023-03-05 22:19:23] Stop Simulation
