/home/lily/App/pypy2.7-v7.3.11-linux64/site-packages/bidict/compat.py:33: UserWarning: Python 2 support will be dropped in a future release.
  warn('Python 2 support will be dropped in a future release.')
[2023-03-05 10:46:46] parsing traces/wdev_2.csv with MSR format
[2023-03-05 10:46:46] parsed 0 lines
[2023-03-05 10:46:46] parsed 181265 lines
[2023-03-05 10:46:46] Total warm-up events 137
[2023-03-05 10:46:46] Total active events 181266
[2023-03-05 10:46:46] initializing ssd........... dftldes
[2023-03-05 10:46:47] n_cleaners: 8
....Recorder is enabled....
[2023-03-05 10:46:50] Written (MB) 100 Simulator time (ns) 1403020000
[2023-03-05 10:46:51] Written (MB) 200 Simulator time (ns) 2790280000
[2023-03-05 10:46:51] [GC Start] Used Block Ratio: 0.40625 Simulator time (ns) 2813480000
[2023-03-05 10:46:53] [GC End] Used Block Ratio: 0.1953125 Simulator time (ns) 3696220000.0
[2023-03-05 10:46:54] Written (MB) 300 Simulator time (ns) 5058220000.0
[2023-03-05 10:46:55] [GC Start] Used Block Ratio: 0.40625 Simulator time (ns) 5179420000.0
[2023-03-05 10:46:56] [GC End] Used Block Ratio: 0.1884765625 Simulator time (ns) 6234480000.0
[2023-03-05 10:46:57] Written (MB) 400 Simulator time (ns) 7503280000.0
[2023-03-05 10:46:57] [GC Start] Used Block Ratio: 0.4072265625 Simulator time (ns) 7778080000.0
[2023-03-05 10:46:57] [GC End] Used Block Ratio: 0.193359375 Simulator time (ns) 8695120000.0
[2023-03-05 10:46:58] Written (MB) 500 Simulator time (ns) 9812320000.0
[2023-03-05 10:46:59] [GC Start] Used Block Ratio: 0.40625 Simulator time (ns) 10201520000.0
[2023-03-05 10:46:59] [GC End] Used Block Ratio: 0.1923828125 Simulator time (ns) 11115260000.0
[2023-03-05 10:47:00] Written (MB) 600 Simulator time (ns) 12112060000.0
[2023-03-05 10:47:01] [GC Start] Used Block Ratio: 0.408203125 Simulator time (ns) 12637260000.0
[2023-03-05 10:47:02] [GC End] Used Block Ratio: 0.193359375 Simulator time (ns) 13559180000.0
[2023-03-05 10:47:03] Written (MB) 700 Simulator time (ns) 14425180000.0
[2023-03-05 10:47:03] [GC Start] Used Block Ratio: 0.4091796875 Simulator time (ns) 15089180000.0
[2023-03-05 10:47:04] [GC End] Used Block Ratio: 0.1943359375 Simulator time (ns) 15989540000.0
[2023-03-05 10:47:04] Written (MB) 800 Simulator time (ns) 16710740000.0
[2023-03-05 10:47:05] [GC Start] Used Block Ratio: 0.408203125 Simulator time (ns) 17495940000.0
[2023-03-05 10:47:05] [GC End] Used Block Ratio: 0.193359375 Simulator time (ns) 18382300000.0
[2023-03-05 10:47:06] Written (MB) 900 Simulator time (ns) 18983900000.0
[2023-03-05 10:47:07] [GC Start] Used Block Ratio: 0.4091796875 Simulator time (ns) 19909500000.0
[2023-03-05 10:47:08] [GC End] Used Block Ratio: 0.193359375 Simulator time (ns) 21788000000.0
[2023-03-05 10:47:08] Written (MB) 1000 Simulator time (ns) 21902000000.0
[2023-03-05 10:47:09] Written (MB) 1100 Simulator time (ns) 23292800000.0
[2023-03-05 10:47:09] [GC Start] Used Block Ratio: 0.4150390625 Simulator time (ns) 23356400000.0
[2023-03-05 10:47:10] [GC End] Used Block Ratio: 0.1826171875 Simulator time (ns) 24542340000.0
[2023-03-05 10:47:11] Written (MB) 1200 Simulator time (ns) 25869540000.0
[2023-03-05 10:47:11] [GC Start] Used Block Ratio: 0.4140625 Simulator time (ns) 26191140000.0
[2023-03-05 10:47:12] [GC End] Used Block Ratio: 0.181640625 Simulator time (ns) 27374900000.0
[2023-03-05 10:47:12] Written (MB) 1300 Simulator time (ns) 28443300000.0
[2023-03-05 10:47:13] [GC Start] Used Block Ratio: 0.4140625 Simulator time (ns) 29035300000.0
[2023-03-05 10:47:14] [GC End] Used Block Ratio: 0.181640625 Simulator time (ns) 30255340000.0
[2023-03-05 10:47:14] Written (MB) 1400 Simulator time (ns) 31054540000.0
[2023-03-05 10:47:15] Stop Simulation
