/home/lily/App/pypy2.7-v7.3.11-linux64/site-packages/bidict/compat.py:33: UserWarning: Python 2 support will be dropped in a future release.
  warn('Python 2 support will be dropped in a future release.')
[2023-03-05 10:55:26] parsing traces/ts_0.csv with MSR format
[2023-03-05 10:55:26] parsed 0 lines
[2023-03-05 10:55:27] parsed 1000000 lines
[2023-03-05 10:55:27] parsed 1000001 lines
[2023-03-05 10:55:27] Total warm-up events 10540
[2023-03-05 10:55:27] Total active events 1000002
[2023-03-05 10:55:27] initializing ssd........... dftldes
[2023-03-05 10:55:27] n_cleaners: 8
....Recorder is enabled....
[2023-03-05 10:55:31] Written (MB) 100 Simulator time (ns) 1345620000
[2023-03-05 10:55:33] Read (MB) 100 Simulator time (ns) 2181500000
[2023-03-05 10:55:34] Written (MB) 200 Simulator time (ns) 2912240000
[2023-03-05 10:55:35] Written (MB) 300 Simulator time (ns) 4303000000
[2023-03-05 10:55:36] Read (MB) 200 Simulator time (ns) 4999160000
[2023-03-05 10:55:37] Written (MB) 400 Simulator time (ns) 5882040000
[2023-03-05 10:55:38] Written (MB) 500 Simulator time (ns) 7266460000
[2023-03-05 10:55:39] Written (MB) 600 Simulator time (ns) 8655160000
[2023-03-05 10:55:40] Written (MB) 700 Simulator time (ns) 10046180000
[2023-03-05 10:55:41] Written (MB) 800 Simulator time (ns) 11430740000
[2023-03-05 10:55:42] Written (MB) 900 Simulator time (ns) 12826480000
[2023-03-05 10:55:43] Written (MB) 1000 Simulator time (ns) 14212480000
[2023-03-05 10:55:44] Written (MB) 1100 Simulator time (ns) 15601840000
[2023-03-05 10:55:45] Written (MB) 1200 Simulator time (ns) 16988300000
[2023-03-05 10:55:45] Read (MB) 300 Simulator time (ns) 17508040000
[2023-03-05 10:55:46] Read (MB) 400 Simulator time (ns) 17668680000
[2023-03-05 10:55:46] Written (MB) 1300 Simulator time (ns) 18565840000
[2023-03-05 10:55:48] Written (MB) 1400 Simulator time (ns) 19956240000
[2023-03-05 10:55:49] Read (MB) 500 Simulator time (ns) 21111920000
[2023-03-05 10:55:49] Written (MB) 1500 Simulator time (ns) 21484540000
[2023-03-05 10:55:51] Written (MB) 1600 Simulator time (ns) 23004060000
[2023-03-05 10:55:51] [GC Start] Used Block Ratio: 0.80126953125 Simulator time (ns) 23421060000
[2023-03-05 10:55:53] [GC End] Used Block Ratio: 0.59716796875 Simulator time (ns) 23863520000.0
[2023-03-05 10:55:53] Read (MB) 600 Simulator time (ns) 24130880000.0
[2023-03-05 10:55:54] Written (MB) 1700 Simulator time (ns) 24860220000.0
[2023-03-05 10:55:56] Read (MB) 700 Simulator time (ns) 25913560000.0
[2023-03-05 10:55:56] Written (MB) 1800 Simulator time (ns) 26389920000.0
[2023-03-05 10:55:57] Written (MB) 1900 Simulator time (ns) 27774920000.0
[2023-03-05 10:55:58] Written (MB) 2000 Simulator time (ns) 29163520000.0
[2023-03-05 10:55:59] [GC Start] Used Block Ratio: 0.801513671875 Simulator time (ns) 29832320000.0
[2023-03-05 10:56:00] [GC End] Used Block Ratio: 0.596923828125 Simulator time (ns) 30416660000.0
[2023-03-05 10:56:01] Written (MB) 2100 Simulator time (ns) 31138680000.0
[2023-03-05 10:56:02] Written (MB) 2200 Simulator time (ns) 32526280000.0
[2023-03-05 10:56:03] Written (MB) 2300 Simulator time (ns) 33915420000.0
[2023-03-05 10:56:04] Written (MB) 2400 Simulator time (ns) 35298240000.0
[2023-03-05 10:56:04] Read (MB) 800 Simulator time (ns) 35483100000.0
[2023-03-05 10:56:06] [GC Start] Used Block Ratio: 0.80224609375 Simulator time (ns) 36480840000.0
[2023-03-05 10:56:07] [GC End] Used Block Ratio: 0.59814453125 Simulator time (ns) 37086000000.0
[2023-03-05 10:56:07] Written (MB) 2500 Simulator time (ns) 37530000000.0
[2023-03-05 10:56:08] Written (MB) 2600 Simulator time (ns) 38920280000.0
[2023-03-05 10:56:09] Written (MB) 2700 Simulator time (ns) 40312280000.0
[2023-03-05 10:56:10] Written (MB) 2800 Simulator time (ns) 41706520000.0
[2023-03-05 10:56:11] [GC Start] Used Block Ratio: 0.80224609375 Simulator time (ns) 42898820000.0
[2023-03-05 10:56:12] [GC End] Used Block Ratio: 0.5986328125 Simulator time (ns) 43510660000.0
[2023-03-05 10:56:12] Written (MB) 2900 Simulator time (ns) 43709160000.0
[2023-03-05 10:56:13] Written (MB) 3000 Simulator time (ns) 45095820000.0
[2023-03-05 10:56:14] Written (MB) 3100 Simulator time (ns) 46496980000.0
[2023-03-05 10:56:15] Written (MB) 3200 Simulator time (ns) 47880620000.0
[2023-03-05 10:56:16] Written (MB) 3300 Simulator time (ns) 49303740000.0
[2023-03-05 10:56:17] [GC Start] Used Block Ratio: 0.802734375 Simulator time (ns) 49348320000.0
[2023-03-05 10:56:18] [GC End] Used Block Ratio: 0.59619140625 Simulator time (ns) 50003340000.0
[2023-03-05 10:56:19] Written (MB) 3400 Simulator time (ns) 51387840000.0
[2023-03-05 10:56:20] Written (MB) 3500 Simulator time (ns) 52788300000.0
[2023-03-05 10:56:21] Written (MB) 3600 Simulator time (ns) 54168900000.0
[2023-03-05 10:56:21] Read (MB) 900 Simulator time (ns) 54485860000.0
[2023-03-05 10:56:22] Read (MB) 1000 Simulator time (ns) 54670560000.0
[2023-03-05 10:56:23] Written (MB) 3700 Simulator time (ns) 55746400000.0
[2023-03-05 10:56:24] [GC Start] Used Block Ratio: 0.803955078125 Simulator time (ns) 56131400000.0
[2023-03-05 10:56:24] [GC End] Used Block Ratio: 0.59716796875 Simulator time (ns) 56801500000.0
[2023-03-05 10:56:25] Written (MB) 3800 Simulator time (ns) 57804760000.0
[2023-03-05 10:56:26] Written (MB) 3900 Simulator time (ns) 59193640000.0
[2023-03-05 10:56:27] Written (MB) 4000 Simulator time (ns) 60571240000.0
[2023-03-05 10:56:28] Written (MB) 4100 Simulator time (ns) 61960780000.0
[2023-03-05 10:56:29] [GC Start] Used Block Ratio: 0.80419921875 Simulator time (ns) 62661380000.0
[2023-03-05 10:56:30] [GC End] Used Block Ratio: 0.593994140625 Simulator time (ns) 63349720000.0
[2023-03-05 10:56:30] Written (MB) 4200 Simulator time (ns) 64027520000.0
[2023-03-05 10:56:31] Written (MB) 4300 Simulator time (ns) 65403160000.0
[2023-03-05 10:56:32] Written (MB) 4400 Simulator time (ns) 66792180000.0
[2023-03-05 10:56:33] Written (MB) 4500 Simulator time (ns) 68179220000.0
[2023-03-05 10:56:34] Read (MB) 1100 Simulator time (ns) 69148300000.0
[2023-03-05 10:56:36] [GC Start] Used Block Ratio: 0.804443359375 Simulator time (ns) 69484200000.0
[2023-03-05 10:56:36] [GC End] Used Block Ratio: 0.59765625 Simulator time (ns) 70147820000.0
[2023-03-05 10:56:36] Read (MB) 1200 Simulator time (ns) 70207180000.0
[2023-03-05 10:56:37] Written (MB) 4600 Simulator time (ns) 70484780000.0
[2023-03-05 10:56:38] Written (MB) 4700 Simulator time (ns) 71874040000.0
[2023-03-05 10:56:39] Read (MB) 1300 Simulator time (ns) 72854080000.0
[2023-03-05 10:56:40] Read (MB) 1400 Simulator time (ns) 73257820000.0
[2023-03-05 10:56:40] Written (MB) 4800 Simulator time (ns) 73563240000.0
[2023-03-05 10:56:41] Written (MB) 4900 Simulator time (ns) 74948860000.0
[2023-03-05 10:56:42] Written (MB) 5000 Simulator time (ns) 76342360000.0
[2023-03-05 10:56:42] [GC Start] Used Block Ratio: 0.805419921875 Simulator time (ns) 76412760000.0
[2023-03-05 10:56:43] [GC End] Used Block Ratio: 0.595703125 Simulator time (ns) 77112700000.0
[2023-03-05 10:56:44] Written (MB) 5100 Simulator time (ns) 78431460000.0
[2023-03-05 10:56:45] Written (MB) 5200 Simulator time (ns) 79819960000.0
[2023-03-05 10:56:46] Written (MB) 5300 Simulator time (ns) 81211920000.0
[2023-03-05 10:56:47] Written (MB) 5400 Simulator time (ns) 82606200000.0
[2023-03-05 10:56:48] [GC Start] Used Block Ratio: 0.8056640625 Simulator time (ns) 83096320000.0
[2023-03-05 10:56:49] [GC End] Used Block Ratio: 0.59619140625 Simulator time (ns) 83772120000.0
[2023-03-05 10:56:50] Written (MB) 5500 Simulator time (ns) 84673520000.0
[2023-03-05 10:56:51] Written (MB) 5600 Simulator time (ns) 86063800000.0
[2023-03-05 10:56:52] Written (MB) 5700 Simulator time (ns) 87451880000.0
[2023-03-05 10:56:53] Read (MB) 1500 Simulator time (ns) 88762120000.0
[2023-03-05 10:56:53] Written (MB) 5800 Simulator time (ns) 89010120000.0
[2023-03-05 10:56:54] Read (MB) 1601 Simulator time (ns) 89697000000.0
[2023-03-05 10:56:55] Read (MB) 1701 Simulator time (ns) 89856780000.0
[2023-03-05 10:56:55] [GC Start] Used Block Ratio: 0.806640625 Simulator time (ns) 90152000000.0
[2023-03-05 10:56:56] [GC End] Used Block Ratio: 0.596923828125 Simulator time (ns) 90851260000.0
[2023-03-05 10:56:57] Written (MB) 5900 Simulator time (ns) 91345220000.0
[2023-03-05 10:56:58] Written (MB) 6000 Simulator time (ns) 92744640000.0
[2023-03-05 10:56:59] Written (MB) 6100 Simulator time (ns) 94165780000.0
[2023-03-05 10:57:00] Read (MB) 1801 Simulator time (ns) 95134300000.0
[2023-03-05 10:57:01] Written (MB) 6200 Simulator time (ns) 95704700000.0
[2023-03-05 10:57:02] [GC Start] Used Block Ratio: 0.80615234375 Simulator time (ns) 96995100000.0
[2023-03-05 10:57:03] [GC End] Used Block Ratio: 0.59765625 Simulator time (ns) 97869680000.0
[2023-03-05 10:57:03] Written (MB) 6300 Simulator time (ns) 97965080000.0
[2023-03-05 10:57:04] Written (MB) 6400 Simulator time (ns) 99357680000.0
[2023-03-05 10:57:05] Written (MB) 6500 Simulator time (ns) 1.0075802e+11
[2023-03-05 10:57:06] Written (MB) 6600 Simulator time (ns) 1.0215102e+11
[2023-03-05 10:57:07] Written (MB) 6700 Simulator time (ns) 1.0354176e+11
[2023-03-05 10:57:08] [GC Start] Used Block Ratio: 0.806396484375 Simulator time (ns) 1.0381876e+11
[2023-03-05 10:57:09] [GC End] Used Block Ratio: 0.597412109375 Simulator time (ns) 1.0454384e+11
[2023-03-05 10:57:09] Written (MB) 6800 Simulator time (ns) 1.0565764e+11
[2023-03-05 10:57:10] Written (MB) 6900 Simulator time (ns) 1.0705032e+11
[2023-03-05 10:57:11] Written (MB) 7000 Simulator time (ns) 1.0843652e+11
[2023-03-05 10:57:12] Read (MB) 1901 Simulator time (ns) 1.0863162e+11
[2023-03-05 10:57:13] Stop Simulation
